Iteration	Posterior	Likelihood	Prior	clock_rate[1]	clock_rate[2]	clock_rate[3]	clock_rate[4]	extinction	kappa[1]	kappa[2]	kappa[3]	kappa[4]	Ne[1]	Ne[2]	Ne[3]	Ne[4]	Ne[5]	Ne[6]	Ne[7]	Ne[8]	Ne[9]	Ne[10]	Ne[11]	Ne[12]	Ne[13]	Ne[14]	Ne[15]	Ne[16]	Ne[17]	Ne[18]	Ne[19]	relativeExtinction	root	speciation
0	-27368.1	-27107.6	-260.428	0.743656	2.10068	0.566346	0.587669	0.01621434	0.62213	5.35776	0.606151	3.01954	10	10	10	10	10	10	10	10	10	10	351.685	70.996	263.312	589.499	26.2441	32.9055	275.844	13.5378	37.1956	0.06632146	8.272924	0.2444811
10	-3725.3	-3519.11	-206.188	0.0188196	0.0107924	0.00431046	0.00202483	2.619998	0.139327	6.24536	1.20895	3.24638	10	10	10	10	10	10	10	10	10	10	379.089	68.5137	208.747	579.07	28.6612	26.9064	339.284	7.34677	36.5401	0.8636708	8.272924	3.033561
20	-3138.58	-2918.69	-219.887	0.0040319	0.000757885	0.00176265	0.00110596	2.282499	1.45306	9.08574	1.71145	1.51855	10	10	10	10	10	10	10	10	10	10	372.297	65.2653	191.359	615.87	34.3616	26.4226	334.162	6.78181	39.6547	0.9585268	8.272924	2.381257
30	-3086.03	-2848.6	-237.426	0.000623525	0.000608502	0.000690583	0.000896287	1.307564	1.73371	2.22237	2.84041	2.04546	10	10	10	10	10	10	10	10	10	10	335.22	50.6032	192.823	641.354	32.0498	21.3139	352.873	6.26488	46.5614	0.9585268	8.272924	1.364139
40	-3094.01	-2844.77	-249.235	0.00029672	0.000212528	0.000499037	0.000539205	0.3941629	1.84268	2.69054	0.962703	1.88119	10	10	10	10	10	10	10	10	10	10	330.465	48.1996	153.476	571.646	44.0194	21.188	335.218	3.64662	37.3499	0.4725475	8.272924	0.8341233
50	-3091.03	-2843.58	-247.454	5.17447e-05	0.000413368	0.000322821	0.000435865	0.7144124	4.05902	3.72173	3.3447	1.75266	10	10	10	10	10	10	10	10	10	10	332.661	48.5556	133.921	612.329	49.6323	24.0425	345.193	0.71548	26.5093	0.4941227	8.272924	1.44582
60	-3103.87	-2845.99	-257.882	7.25217e-05	0.000424522	0.000242789	0.000498034	0.07551642	3.2161	4.47907	1.74124	3.24964	10	10	10	10	10	10	10	10	10	10	453.686	47.1385	147.269	585.238	70.4613	22.0661	390.918	1.5877	28.4301	0.1651415	8.272924	0.457283
70	-3102.07	-2853.04	-249.029	0.000162751	0.000650042	0.000323509	0.000436037	0.8593201	1.28026	1.97495	2.58968	1.84928	10	10	10	10	10	10	10	10	10	10	479.915	43.0708	175.212	613.557	56.0901	25.0971	377.049	1.51462	35.2584	0.8479879	8.272924	1.013364
80	-3089.66	-2833.92	-255.745	0.000150339	0.000315673	0.000309595	0.000324541	0.15363	1.54582	3.39124	1.88472	1.12997	10	10	10	10	10	10	10	10	10	10	414.729	46.4013	203.961	502.765	69.5309	24.918	439.536	1.51041	37.6383	0.2639438	8.272924	0.5820556
90	-3095.28	-2841.55	-253.728	0.000137615	0.000535528	0.000219988	0.000326477	0.1675544	2.04725	3.19424	1.31411	2.24389	10	10	10	10	10	10	10	10	10	10	411.949	46.0479	239.975	440.972	62.9634	24.9205	380.688	1.40397	42.583	0.2730308	8.272924	0.6136832
100	-3097.57	-2837.53	-260.042	9.31217e-05	0.000284741	0.000349005	0.00023029	0.3749189	1.25295	4.53466	1.56468	1.66169	10	10	10	10	10	10	10	10	10	10	447.413	55.5888	211.818	420.178	52.8546	25.409	420.193	0.752727	46.8663	0.522206	8.272924	0.7179522
110	-3125.05	-2852.11	-272.941	0.000109401	0.000170799	0.000238375	0.000298407	0.1717969	2.08002	1.89062	3.17564	0.926341	10	10	10	10	10	10	10	10	10	10	369.523	54.0054	238.049	411.077	46.348	24.4406	320.507	1.40283	50.4838	0.449567	8.272924	0.3821387
120	-3097.78	-2841.93	-255.843	0.000137399	0.000198425	0.000183085	0.000256961	0.09244245	2.71474	2.59537	2.3836	2.18144	10	10	10	10	10	10	10	10	10	10	439.783	58.8796	245.028	395.59	55.5452	19.8581	254.729	1.99742	34.2168	0.2362845	8.272924	0.3912336
130	-3085.49	-2839.98	-245.51	8.29819e-05	0.00035623	0.000391611	0.000411038	0.111203	1.09003	2.81593	2.53626	1.43853	10	10	10	10	10	10	10	10	10	10	495.544	61.1606	241.008	429.973	52.1831	19.7467	258.508	2.46186	36.9036	0.2108936	8.272924	0.5272943
140	-3065.71	-2839.08	-226.629	0.000153285	0.000378317	0.000439639	0.000551966	0.1796532	0.76343	5.05281	2.24416	1.07763	10	10	10	10	10	10	10	10	10	10	436.583	44.424	217.908	400.763	41.6541	16.6623	237.291	3.51008	33.6442	0.2866695	8.272924	0.6266911
150	-3075.48	-2846.27	-229.204	8.56713e-05	0.000633597	0.000344334	0.000297738	7.713518e-05	2.94327	4.70502	1.5797	1.33749	10	10	10	10	10	10	10	10	10	10	364.689	58.924	238.279	351.825	42.6022	21.0555	231.792	2.79309	28.2589	0.0001962253	8.272924	0.3930949
160	-3072.29	-2844.24	-228.058	0.000135116	0.000347849	0.000282377	0.00044337	0.01827835	1.47016	1.69567	2.29931	1.09328	10	10	10	10	10	10	10	10	10	10	342.709	41.678	169.131	301.352	37.5623	20.4696	210.319	1.78388	20.7126	0.07098907	8.272924	0.2574812
170	-3074.48	-2852.79	-221.696	0.000195211	0.000560472	0.00058732	0.000438945	0.1520059	2.54861	1.90728	2.86922	1.0423	10	10	10	10	10	10	10	10	10	10	360.917	45.3499	159.014	372.168	35.3564	15.3243	216.344	1.10141	21.9172	0.3169142	8.272924	0.4796438
180	-3072.59	-2842.07	-230.522	0.000165846	0.000288605	0.000382533	0.000523627	0.1253604	1.40318	1.71261	2.66591	2.21171	10	10	10	10	10	10	10	10	10	10	395.692	45.1451	127.001	363.617	33.6107	16.8402	200.265	2.6967	16.0446	0.4114124	8.272924	0.3047075
190	-3082.56	-2861.29	-221.272	0.000195094	0.000373674	0.000499298	0.000529105	0.006791244	4.2041	6.09914	1.28406	1.50452	10	10	10	10	10	10	10	10	10	10	333.397	43.949	121.368	454.581	37.6546	16.4759	203.416	4.04224	11.7778	0.01643156	8.272924	0.4133048
200	-3072.29	-2848.92	-223.363	0.000204504	0.000213613	0.000425835	0.000424036	0.2507592	0.636227	2.70849	2.06623	1.19317	10	10	10	10	10	10	10	10	10	10	366.854	43.8833	116.981	332.12	26.1669	20.5293	160.128	2.89275	10.7756	0.3246274	8.272924	0.7724523
210	-3074.93	-2844.96	-229.972	0.000146264	0.000428458	0.000193153	0.000503471	0.003843697	1.96564	3.92041	2.92694	1.9585	10	10	10	10	10	10	10	10	10	10	449.029	64.686	93.334	314.246	26.5111	21.1611	163.482	3.67587	13.797	0.01391443	8.272924	0.2762381
220	-3069.73	-2855.49	-214.241	0.000203881	0.000514914	0.0002252	0.00061483	0.03328841	1.59464	2.32184	3.40395	1.19509	10	10	10	10	10	10	10	10	10	10	332.74	75.8756	111.254	350.317	26.9011	14.6035	144.799	2.87669	11.212	0.07708766	8.272924	0.4318254
230	-3062.32	-2844.16	-218.161	0.000136394	0.000499254	0.000521945	0.000737408	0.2420493	4.01659	4.95172	2.54868	1.52693	10	10	10	10	10	10	10	10	10	10	191.7	98.9678	157.024	608.402	26.214	11.0961	103.737	0.556682	12.5638	0.4883299	8.272924	0.4956676
240	-3056.41	-2848.1	-208.307	0.000182604	0.000588016	0.000451703	0.000623802	0.0546523	2.80658	1.302	0.798152	1.99665	10	10	10	10	10	10	10	10	10	10	149.95	139.2	137.724	507.265	14.2159	7.52382	102.579	1.01276	12.4906	0.101715	8.272924	0.5373082
250	-3054.51	-2858.15	-196.358	0.000103099	0.000596996	0.000291849	0.00113956	0.4197901	2.37756	3.37404	1.20316	1.34676	10	10	10	10	10	10	10	10	10	10	121.074	153.634	263.949	647.938	14.0231	14.5066	70.0075	0.751259	9.42212	0.5615465	8.272924	0.7475606
260	-3034.93	-2845.73	-189.202	0.000175773	0.000490786	0.000501808	0.000826933	0.05646908	2.05629	3.50967	1.34846	2.45704	10	10	10	10	10	10	10	10	10	10	142.189	182.24	147.786	423.145	11.1885	21.0512	51.6048	0.3951	6.54364	0.1818299	8.272924	0.3105599
270	-3051.24	-2847.03	-204.212	0.000172163	0.000400327	0.000450665	0.000560593	0.41391	3.43128	3.59531	1.92999	0.957268	10	10	10	10	10	10	10	10	10	10	130.568	160.669	309.305	559.529	11.3937	20.9956	45.9887	7.20386	8.16701	0.6526993	8.272924	0.6341511
280	-3066.27	-2851.48	-214.787	0.000222305	0.000351425	0.000229596	0.000636643	0.1525243	0.741004	3.67069	2.37813	1.08981	10	10	10	10	10	10	10	10	10	10	117.09	265.25	307.973	343.915	9.14909	22.5253	35.9675	2.51284	11.5693	0.3011468	8.272924	0.5064784
290	-3063.49	-2852.15	-211.347	0.000136465	0.00045103	0.000527708	0.000515657	0.2376603	2.32418	1.26248	5.21295	1.52142	10	10	10	10	10	10	10	10	10	10	117.01	229.681	341.29	313.799	10.1585	35.9857	58.2422	4.37411	12.3879	0.4681793	8.272924	0.5076267
300	-3064.47	-2847.79	-216.678	0.000152024	0.000507016	0.000455341	0.000676001	0.0635841	1.4688	3.14046	3.05611	1.52295	10	10	10	10	10	10	10	10	10	10	120.11	210.351	272.402	351.66	8.44035	43.2994	52.3353	8.96837	11.4426	0.1622806	8.272924	0.3918157
310	-3057.5	-2845.29	-212.211	0.000126951	0.000433638	0.00037436	0.00066201	0.2802817	3.33368	2.34736	1.75552	2.16247	10	10	10	10	10	10	10	10	10	10	71.2294	269.013	253.043	355.599	10.7515	67.9475	41.6969	9.6027	7.50511	0.5751197	8.272924	0.4873449
320	-3064.65	-2854.99	-209.659	6.93531e-05	0.000362626	0.000398678	0.000607911	1.074023	1.43772	3.30817	0.966305	1.36748	10	10	10	10	10	10	10	10	10	10	56.9511	242.79	299.622	418.746	8.67738	53.4742	73.5502	18.1354	9.13664	0.8607641	8.272924	1.247756
330	-3049.44	-2844.63	-204.807	0.000196382	0.000349189	0.000658734	0.000616058	0.04709523	2.85265	2.3563	2.52235	1.47387	10	10	10	10	10	10	10	10	10	10	52.4377	368.297	302.284	356.538	11.7979	59.2423	50.5527	13.0834	10.6278	0.08164859	8.272924	0.5768039
340	-3059.52	-2848.72	-210.798	0.000226837	0.000445566	0.000464406	0.000794612	0.1723369	3.88902	3.60392	1.55571	1.47035	10	10	10	10	10	10	10	10	10	10	83.9262	597.989	294.907	247.446	12.3965	73.1157	52.5148	17.0407	9.92386	0.3021715	8.272924	0.5703283
350	-3066.58	-2856.27	-210.311	0.000212638	0.000498285	0.000607142	0.000727423	0.1247165	2.30308	3.05879	1.42772	0.995908	10	10	10	10	10	10	10	10	10	10	86.9501	442.046	272.185	220.068	11.118	54.8491	44.2987	28.6188	8.80285	0.2177821	8.272924	0.5726663
360	-3052.7	-2852.22	-200.478	0.000115133	0.000460314	0.00055885	0.000457002	0.106431	1.32165	1.31924	1.59998	2.4769	10	10	10	10	10	10	10	10	10	10	38.8134	464.241	260.607	229.517	14.4961	47.1401	66.8166	12.4553	7.25167	0.2030921	8.272924	0.5240526
370	-3055.95	-2845.96	-209.992	0.000316894	0.000385368	0.000445466	0.000641712	0.1286831	1.10089	3.7619	1.26104	1.25012	10	10	10	10	10	10	10	10	10	10	38.2848	262.115	315.335	146.557	20.3585	49.5331	84.7213	23.9045	9.18373	0.2427388	8.272924	0.5301302
380	-3070.02	-2847.84	-222.182	8.98528e-05	0.000403702	0.000312251	0.000570039	0.2040157	2.18677	2.87907	1.62194	1.76102	10	10	10	10	10	10	10	10	10	10	37.2798	245.671	181.884	93.2814	16.1457	50.2999	112.383	12.4985	15.7721	0.3834536	8.272924	0.5320479
390	-3053.93	-2837.4	-216.535	0.000223878	0.000316329	0.000249389	0.000561469	0.1403054	1.8251	4.24007	2.94343	1.33531	10	10	10	10	10	10	10	10	10	10	37.0457	354.956	223.384	87.0171	14.1136	51.5746	103.654	14.2468	15.3839	0.2756789	8.272924	0.508945
400	-3053.44	-2845.14	-208.295	0.000234955	0.000771136	0.000432451	0.0006856	0.1523695	2.19631	2.40728	1.56065	1.41254	10	10	10	10	10	10	10	10	10	10	51.4049	352.473	267.638	65.0144	22.267	54.0459	109.642	6.15394	12.114	0.26424	8.272924	0.5766332
410	-3048.77	-2835.84	-212.932	0.000178745	0.000352552	0.000372381	0.000693163	0.2085464	2.15273	4.44075	3.39051	1.1458	10	10	10	10	10	10	10	10	10	10	66.9201	635.326	114.228	92.3963	22.0086	26.8767	163.664	10.6559	11.5026	0.2628094	8.272924	0.7935272
420	-3045.88	-2841.3	-204.578	0.000227928	0.000420873	0.00049154	0.00067618	0.4734415	0.864678	3.53512	1.57086	1.54374	10	10	10	10	10	10	10	10	10	10	44.2458	853.722	82.1906	66.5612	80.6499	13.0471	100.001	10.1993	7.65542	0.7059695	8.272924	0.670626
430	-3040.62	-2848.11	-192.511	0.000165097	0.000235565	0.000304082	0.000765446	0.1739622	2.82264	5.67335	1.86749	1.85089	10	10	10	10	10	10	10	10	10	10	57.7947	652.517	141.542	65.1197	70.314	6.58536	89.8677	10.1985	5.71267	0.2904201	8.272924	0.599002
440	-3061.41	-2851.84	-209.574	0.000151818	0.000517614	0.000437254	0.000587946	0.3427453	2.57029	1.71943	1.73342	2.42982	10	10	10	10	10	10	10	10	10	10	40.9753	211.509	218.167	64.848	33.6988	17.3198	224.592	32.723	7.09019	0.5488335	8.272924	0.6244978
450	-3091.41	-2865.64	-225.775	0.000299326	0.000205628	0.000342409	0.000550809	0.1377201	6.81976	6.80644	1.69655	0.975921	10	10	10	10	10	10	10	10	10	10	15.2633	205.057	85.7324	75.0113	31.8444	24.3753	296.4	28.7762	15.4496	0.3201101	8.272924	0.4302274
460	-3052.09	-2841.59	-210.5	0.000130528	0.000537235	0.00032728	0.000401353	0.1456424	2.31312	4.11317	1.77515	1.32192	10	10	10	10	10	10	10	10	10	10	18.1868	150.151	34.8678	122.196	19.31	14.2212	152.715	33.1627	11.4195	0.2321368	8.272924	0.6273991
470	-3048	-2839.37	-208.633	0.00019884	0.000308982	0.00043876	0.000510283	0.1443143	2.16574	1.91128	2.01889	1.40397	10	10	10	10	10	10	10	10	10	10	10.5527	103.042	25.8345	58.7714	26.8876	49.2036	235.379	32.4135	10.0784	0.3234589	8.272924	0.4461597
480	-3053.36	-2844.3	-209.062	0.000222111	0.000474129	0.00047584	0.000669249	1.071918	3.28712	2.7012	1.75573	1.21238	10	10	10	10	10	10	10	10	10	10	16.246	111.22	50.335	79.2426	43.0102	46.3475	136.524	30.9977	9.69633	0.8195777	8.272924	1.30789
490	-3039.74	-2844.76	-194.977	0.000211637	0.00045572	0.000736382	0.000688411	0.1031706	1.92111	2.48	1.3085	1.51055	10	10	10	10	10	10	10	10	10	10	20.8188	33.8234	31.6646	24.1781	20.4902	36.8962	73.0858	15.4874	7.30904	0.2556062	8.272924	0.4036311
500	-3036.94	-2846.26	-190.678	0.000173716	0.000503989	0.00043823	0.000668785	0.4025783	1.84489	0.738321	1.22534	1.03107	10	10	10	10	10	10	10	10	10	10	58.922	40.5445	43.3524	69.8892	55.2572	73.1133	39.2761	18.2371	5.76765	0.5551447	8.272924	0.7251773
510	-3049.48	-2846.15	-203.33	9.42373e-05	0.0004925	0.000465658	0.000696699	0.1694681	2.41461	2.20191	1.21647	1.97341	10	10	10	10	10	10	10	10	10	10	29.7563	38.5095	143.853	69.7497	14.5658	95.8611	47.5258	49.9135	9.64334	0.309276	8.272924	0.5479509
520	-3063.01	-2854.13	-208.873	0.000231041	0.000530924	0.000429367	0.000525628	0.09526998	1.36754	2.03464	2.58305	1.05951	10	10	10	10	10	10	10	10	10	10	26.364	129.895	220.564	32.262	15.5195	99.7735	37.8612	29.1309	11.0039	0.2566985	8.272924	0.3711358
530	-3055.3	-2848.14	-207.159	0.000236559	0.000293968	0.000537483	0.000824526	0.2137754	4.49814	3.09384	2.14243	1.74928	10	10	10	10	10	10	10	10	10	10	15.1226	330.939	153.521	28.9467	7.70388	43.5516	28.4875	32.6234	10.95	0.7301464	8.272924	0.2927844
540	-3049	-2849.13	-199.869	0.000267767	0.000335432	0.000666454	0.00051204	0.6362086	3.11536	2.96762	0.744418	1.19247	10	10	10	10	10	10	10	10	10	10	8.76182	265.559	103.536	54.9681	9.7709	42.2447	29.9055	32.9285	10.2289	0.7482217	8.272924	0.8502942
550	-3046.11	-2847.61	-198.499	0.00023948	0.000226775	0.000346308	0.000689861	0.0478025	2.72544	1.36243	2.16061	1.69927	10	10	10	10	10	10	10	10	10	10	5.49499	235.729	111.269	79.0784	35.6524	66.3565	36.0384	30.7413	8.24275	0.08413234	8.272924	0.5681822
560	-3048.08	-2845.57	-202.507	0.000194617	0.000387227	0.00073338	0.000750878	0.5197664	1.02518	2.9956	1.07111	2.29875	10	10	10	10	10	10	10	10	10	10	7.82337	325.269	73.7642	72.6477	51.4238	64.8899	33.8582	25.522	6.50124	0.734093	8.272924	0.7080389
570	-3038.07	-2845.06	-193.012	0.000108605	0.000420482	0.000474382	0.00103025	0.04115449	1.16806	3.30524	1.01304	0.89039	10	10	10	10	10	10	10	10	10	10	10.5265	110.948	117.831	158.272	133.236	23.1983	43.262	27.3873	5.28475	0.08977492	8.272924	0.4584186
580	-3053.22	-2851.62	-201.609	0.000162585	0.000385378	0.000721148	0.000811784	0.02347482	2.19204	1.69522	1.71304	1.31601	10	10	10	10	10	10	10	10	10	10	8.21476	91.7559	218.628	192.457	112.873	12.3587	31.0537	22.4166	6.99536	0.03694146	8.272924	0.6354601
590	-3039.57	-2844.55	-195.019	0.000237888	0.00037475	0.000359746	0.000699964	0.1492979	4.11279	1.70921	1.24589	1.74633	10	10	10	10	10	10	10	10	10	10	3.95692	85.6774	240.549	70.0012	108.6	8.49569	16.4734	36.5794	8.74274	0.2936812	8.272924	0.5083673
600	-3068.38	-2864.11	-204.27	0.000152246	0.000399568	0.000633227	0.000987272	0.5806899	0.786113	5.45005	1.40859	0.844333	10	10	10	10	10	10	10	10	10	10	45.168	46.9109	244.1	99.1898	118.393	6.1446	37.4514	22.4488	6.80738	0.6517377	8.272924	0.8909871
610	-3054.55	-2846.62	-207.93	0.000125652	0.000350269	0.000691837	0.000633508	0.3084964	3.39931	10.6249	2.35373	1.17976	10	10	10	10	10	10	10	10	10	10	130.41	52.7893	103.56	201.041	60.3896	18.2376	27.4115	173.892	10.268	0.6207325	8.272924	0.4969877
620	-3046.4	-2843.45	-202.951	0.000216458	0.000566934	0.000803568	0.000770415	0.2292251	1.62007	8.01528	1.04741	0.721475	10	10	10	10	10	10	10	10	10	10	48.3861	76.3603	101.366	89.1824	60.8339	161.021	19.1565	132.799	8.11618	0.4238953	8.272924	0.5407587
630	-3047.18	-2846.36	-200.816	0.000167683	0.00046044	0.000613205	0.000674273	0.0575987	1.57205	2.45998	0.666611	2.65213	10	10	10	10	10	10	10	10	10	10	92.4441	249.841	115.008	22.4737	88.1904	245.319	7.36089	440.676	8.013	0.1378902	8.272924	0.4177143
640	-3038.21	-2840.28	-197.929	0.000158146	0.000399246	0.000491154	0.000622502	0.1214083	3.41899	2.00063	1.68196	1.75863	10	10	10	10	10	10	10	10	10	10	271.939	117.028	171.525	33.5366	207.034	294.943	7.68585	284.497	9.08077	0.2285012	8.272924	0.5313246
650	-3052.49	-2840.44	-212.048	0.000146516	0.000347613	0.000434167	0.000599764	0.000516673	4.63709	2.18696	3.24883	1.86173	10	10	10	10	10	10	10	10	10	10	107.811	141.591	64.9522	26.326	201.248	72.7227	15.101	138.86	11.2544	0.001854575	8.272924	0.2785937
660	-3031.96	-2843.22	-188.736	0.000180296	0.000363932	0.000409182	0.000621148	0.11414	2.32769	2.23912	3.3538	0.852266	10	10	10	10	10	10	10	10	10	10	254.558	32.4319	67.8552	24.9818	163.863	159.585	4.90309	39.291	13.7678	0.2466454	8.272924	0.4627694
670	-3032.4	-2848.11	-184.293	0.000143575	0.000293286	0.000455734	0.000883158	0.1204351	3.33872	1.63202	1.99292	0.8581	10	10	10	10	10	10	10	10	10	10	100.958	73.8046	16.7212	41.5551	128.971	57.9077	1.82463	18.449	10.3008	0.2989073	8.272924	0.4029177
680	-3037.35	-2845.95	-191.395	0.000109736	0.000467356	0.000558238	0.000579863	0.05467049	2.59098	1.44855	1.46286	1.50613	10	10	10	10	10	10	10	10	10	10	177.873	159.939	49.9767	10.9799	44.2646	28.8707	3.86797	221.828	12.1008	0.1365017	8.272924	0.4005115
690	-3036.25	-2845.1	-191.145	0.000226017	0.000292578	0.000294189	0.000621042	0.1386484	1.81406	1.72944	1.15978	1.32615	10	10	10	10	10	10	10	10	10	10	63.6576	258.1	4.28354	39.1611	52.5338	115.972	4.55611	149.181	10.7996	0.2622243	8.272924	0.5287397
700	-3042.67	-2844.83	-197.84	0.000175677	0.000515499	0.000529223	0.000697661	0.09344489	1.79612	4.87868	1.40521	1.63407	10	10	10	10	10	10	10	10	10	10	37.891	94.9148	8.45129	26.7342	17.6404	488.595	4.55223	77.7345	11.1738	0.1577176	8.272924	0.5924822
710	-3028.31	-2847.49	-180.815	0.000120444	0.000452251	0.000502536	0.000838173	0.08978785	1.77054	3.80307	1.98018	1.25984	10	10	10	10	10	10	10	10	10	10	74.8062	114.519	12.6634	1.95546	31.9496	132.058	1.84281	33.9045	6.31059	0.1321753	8.272924	0.6793089
720	-3022.1	-2851.34	-170.759	0.000140764	0.000316455	0.000415362	0.000624476	0.02265637	1.11936	2.73464	1.91963	1.1519	10	10	10	10	10	10	10	10	10	10	41.1626	27.754	11.091	0.973908	72.4047	65.1958	0.534895	34.6331	8.99557	0.06163747	8.272924	0.3675746
730	-3031.76	-2839.27	-192.49	0.000188976	0.000570018	0.000421654	0.000798393	0.02274438	1.86974	2.10915	1.31286	1.39253	10	10	10	10	10	10	10	10	10	10	86.6359	63.6873	150.965	15.5256	10.4176	199.437	2.24608	196.592	10.3828	0.05899858	8.272924	0.3855072
740	-3037.23	-2840.12	-197.104	0.000230735	0.000565454	0.000385233	0.000950227	0.2872865	2.44742	2.03639	1.58551	1.76014	10	10	10	10	10	10	10	10	10	10	83.6368	44.6653	181.514	75.8298	11.9337	122.748	1.07199	228.051	14.5898	0.4559607	8.272924	0.6300686
750	-3040.81	-2838.75	-202.064	0.000125588	0.000389062	0.000715476	0.000785203	0.04466731	2.61944	2.33329	3.41156	1.89617	10	10	10	10	10	10	10	10	10	10	199.481	33.6888	84.1478	27.576	19.2395	25.1712	10.2604	161.062	7.985	0.0826089	8.272924	0.5407082
760	-3043.96	-2835.2	-208.764	0.00022228	0.000600975	0.000706525	0.000757086	0.07067774	2.93893	4.53492	2.6188	1.50365	10	10	10	10	10	10	10	10	10	10	572.903	91.7917	47.2458	6.05751	17.3333	38.5669	62.7258	48.9964	6.35103	0.1214913	8.272924	0.5817515
770	-3038.9	-2843.36	-195.534	0.000359095	0.000574794	0.000598758	0.0015606	0.4761315	1.98166	1.55716	2.79059	2.38697	10	10	10	10	10	10	10	10	10	10	180.117	85.5255	29.788	65.875	13.9225	32.5948	136.05	210.219	5.6613	0.5047771	8.272924	0.9432509
780	-3044.81	-2845.9	-198.912	0.000140067	0.000645512	0.000490513	0.00123032	0.2840073	1.48163	6.90923	3.5204	1.28846	10	10	10	10	10	10	10	10	10	10	26.5134	35.2585	101.887	7.45869	8.44878	54.712	29.9992	99.3087	13.7516	0.524812	8.272924	0.5411599
790	-3046.6	-2849.35	-197.257	0.000313516	0.000627914	0.000586897	0.000906508	0.05909182	2.4303	3.8401	2.98201	0.731263	10	10	10	10	10	10	10	10	10	10	133.221	8.22258	40.7144	16.2833	13.6664	79.5685	53.1185	134.076	6.40432	0.1104055	8.272924	0.5352252
800	-3043.68	-2841.11	-202.574	0.000149896	0.000375691	0.000753938	0.000839955	0.09542101	3.53689	3.9875	1.31575	1.64534	10	10	10	10	10	10	10	10	10	10	318.847	12.0561	109.195	32.4313	13.943	57.1741	29.5367	108.437	5.80033	0.214262	8.272924	0.4453473
810	-3053.93	-2842.99	-210.937	0.000227815	0.00043217	0.000440729	0.000669851	1.355522	5.32259	2.09573	1.36865	1.23233	10	10	10	10	10	10	10	10	10	10	83.8513	44.133	74.446	32.0616	13.5666	80.6703	196.69	456.796	11.0241	0.877523	8.272924	1.544714
820	-3045.11	-2850.64	-194.472	0.00030688	0.000618285	0.00106831	0.000844412	0.2659495	2.21039	8.25827	5.49922	1.78787	10	10	10	10	10	10	10	10	10	10	133.248	32.1216	153.323	308.06	5.98823	55.8621	5.62375	115.422	6.71565	0.4551376	8.272924	0.5843277
830	-3040	-2837.55	-202.448	0.000206204	0.000304976	0.000562115	0.000942753	0.2614141	4.06655	2.09386	2.28099	1.47626	10	10	10	10	10	10	10	10	10	10	30.7288	251.936	91.423	210.33	9.05279	173.877	149.773	42.8837	12.6495	0.4076812	8.272924	0.6412218
840	-3029.42	-2847.32	-182.1	0.000180153	0.000658258	0.000632029	0.000845301	0.4366796	4.02699	2.894	1.02009	1.88094	10	10	10	10	10	10	10	10	10	10	88.633	143.688	174.386	57.2553	5.78203	104.656	20.4717	62.334	5.63984	0.7001047	8.272924	0.6237346
850	-3026.24	-2838.99	-187.252	0.000303427	0.000440795	0.000628703	0.000657144	0.0948401	1.13525	2.7563	4.28341	1.72127	10	10	10	10	10	10	10	10	10	10	13.93	153.405	107.429	26.9381	5.41283	318.463	132.579	180.866	4.93379	0.1639731	8.272924	0.578388
860	-3052.32	-2849.76	-202.565	0.000261223	0.000563186	0.000423068	0.00114537	0.329862	4.162	3.08232	0.957768	1.67747	10	10	10	10	10	10	10	10	10	10	44.8814	638.938	144.705	178.782	6.24908	32.818	148.463	67.4865	11.0689	0.4838837	8.272924	0.6816969
870	-3015.69	-2844.42	-171.264	0.000212252	0.000264802	0.000790692	0.000785031	0.263978	0.793487	3.98686	0.838754	1.36126	10	10	10	10	10	10	10	10	10	10	210.959	119.965	178.037	174.669	2.95931	75.8367	12.1072	122.672	4.22764	0.458271	8.272924	0.5760304
880	-3024.19	-2850.38	-173.819	0.000319422	0.000753672	0.0007654	0.000909932	0.2599383	2.36502	3.02073	2.1054	1.18663	10	10	10	10	10	10	10	10	10	10	49.8358	104.326	505.373	18.2748	3.96408	192.434	197.797	130.673	3.45008	0.3621731	8.272924	0.7177185
890	-3033.61	-2840.28	-193.328	0.000191439	0.000518236	0.000583413	0.0011768	0.8061084	1.18793	3.3831	0.960866	1.21089	10	10	10	10	10	10	10	10	10	10	60.8729	9.96552	58.3341	25.3377	5.22715	182.876	126.017	69.1471	8.59504	0.8964773	8.272924	0.8991956
900	-3016.72	-2843.72	-173.007	0.000325	0.000545943	0.00100004	0.000863776	0.3659408	1.75259	3.08873	1.44	1.82131	10	10	10	10	10	10	10	10	10	10	249.173	97.8957	40.9718	10.9703	8.24516	254.251	226.948	37.1451	2.6707	0.5062476	8.272924	0.7228495
910	-3026.47	-2847.53	-178.934	0.000313361	0.000632323	0.000499445	0.000619021	0.147837	2.33554	1.33861	2.68589	2.63735	10	10	10	10	10	10	10	10	10	10	125.3	159.744	100.544	26.1162	9.84696	143.474	26.6222	11.1969	5.12647	0.221764	8.272924	0.6666408
920	-3024.44	-2838.37	-186.074	0.000251841	0.000514327	0.000642014	0.0011541	0.06618875	2.28561	4.998	2.53494	1.73827	10	10	10	10	10	10	10	10	10	10	118.515	299.856	224.539	166.559	4.46146	162.533	47.76	20.2326	3.82008	0.1164052	8.272924	0.5686063
930	-3003.3	-2844.25	-159.057	0.000280045	0.000447364	0.000625937	0.0010361	0.2645105	0.47104	1.4298	1.46006	1.08083	10	10	10	10	10	10	10	10	10	10	58.3531	100.03	128.489	167.273	1.81342	65.6492	109.845	415.25	3.05892	0.4460216	8.272924	0.5930441
940	-3007	-2838.92	-168.075	0.000260557	0.000585733	0.000817106	0.00131886	0.1186927	3.86636	3.12135	2.40015	1.16605	10	10	10	10	10	10	10	10	10	10	13.8875	89.5479	135.936	209.605	5.57686	75.1986	47.3514	44.9532	2.7733	0.1987642	8.272924	0.5971535
950	-2993.2	-2837.86	-155.341	0.000292891	0.000576133	0.000578663	0.000805384	0.1941754	1.44813	5.10604	2.99925	0.922433	10	10	10	10	10	10	10	10	10	10	5.96447	46.7587	141.872	285.799	2.16086	176.499	34.5083	28.0767	2.62078	0.3453027	8.272924	0.562334
960	-3004.21	-2855.98	-148.234	0.000563997	0.000835739	0.000783948	0.000857582	0.03920552	1.23916	2.08763	1.44129	0.576007	10	10	10	10	10	10	10	10	10	10	91.7329	73.5266	68.757	120.84	2.18754	63.9403	80.1625	40.2014	2.84015	0.1139918	8.272924	0.3439327
970	-2988.16	-2842.87	-145.285	0.000378829	0.000751819	0.00124674	0.000907699	0.2512852	4.10145	1.64676	1.64942	1.40256	10	10	10	10	10	10	10	10	10	10	11.4637	39.543	43.7922	5.63851	0.677346	128.126	84.7633	111.269	2.70794	0.4719585	8.272924	0.5324307
980	-2998.71	-2833.7	-165.004	0.000297217	0.000637119	0.00111794	0.00116846	1.222612	3.09076	3.81592	3.08118	1.21406	10	10	10	10	10	10	10	10	10	10	45.1064	5.07336	46.0073	35.5063	2.37518	88.5976	354.674	67.985	1.85773	0.7769853	8.272924	1.573533
990	-3027.92	-2844.52	-183.407	0.000278288	0.000622	0.000534718	0.00101683	0.5559745	1.59158	8.19279	1.46706	1.62227	10	10	10	10	10	10	10	10	10	10	331.285	137.225	118.984	132.521	10.191	232.086	19.6217	10.1056	3.61041	0.6492085	8.272924	0.8563882
1000	-3031.33	-2843.29	-188.037	0.000222071	0.000847249	0.00107955	0.00108153	0.9686613	2.06072	3.1751	2.43199	2.07864	10	10	10	10	10	10	10	10	10	10	78.4398	205.503	148.29	82.7414	9.84325	367.005	34.5134	55.2399	4.95913	0.9203639	8.272924	1.052476
1010	-3022.08	-2845.24	-176.845	0.000282204	0.000527641	0.0010162	0.000863152	0.1064373	4.04919	1.89825	0.998527	1.57546	10	10	10	10	10	10	10	10	10	10	628.44	23.818	6.16382	170.421	3.73154	86.9788	267.894	230.789	5.08372	0.1775119	8.272924	0.5996068
1020	-3005.51	-2838.2	-167.309	0.000386325	0.000932425	0.000825685	0.00106697	0.9612355	1.54673	3.80978	3.47092	1.69001	10	10	10	10	10	10	10	10	10	10	232.728	76.5839	27.5122	68.6322	2.01694	113.326	70.6184	268.328	3.88083	0.8507132	8.272924	1.129917
1030	-3028.58	-2841.51	-187.064	0.000192816	0.000679642	0.000550577	0.000635406	0.1958778	2.44217	3.00255	1.3979	0.918686	10	10	10	10	10	10	10	10	10	10	160.165	117.479	118.716	32.9896	5.84336	180	256.477	4.13168	4.87226	0.3504447	8.272924	0.5589407
1040	-3022.03	-2848.96	-173.075	0.000269295	0.00130726	0.000854482	0.000819464	0.05064628	2.11448	1.8593	2.95154	1.32245	10	10	10	10	10	10	10	10	10	10	13.4981	132.58	302.395	16.222	3.09063	49.3301	10.2112	100.589	4.05051	0.1353036	8.272924	0.3743158
1050	-3019.88	-2842.74	-177.139	0.000173712	0.000500822	0.000895682	0.00069348	0.05562802	2.63306	2.55829	0.751626	3.41279	10	10	10	10	10	10	10	10	10	10	39.805	42.2877	13.19	124.141	3.02779	59.9753	78.9104	63.7127	4.74472	0.2102549	8.272924	0.2645743
1060	-3022.08	-2844.75	-177.329	0.000301427	0.000669495	0.00113888	0.00107667	0.07759991	4.21632	3.96633	2.39157	0.977061	10	10	10	10	10	10	10	10	10	10	93.5101	53.4287	119.901	29.1333	5.53512	58.6136	83.2061	292.592	3.44437	0.178192	8.272924	0.4354848
1070	-3031.03	-2852.37	-178.659	0.000233435	0.000496845	0.00061439	0.000584792	0.04011634	2.561	2.26035	1.57434	0.958212	10	10	10	10	10	10	10	10	10	10	270.548	191.002	100.708	22.5021	3.22613	29.6606	151.235	139.635	5.55515	0.09121148	8.272924	0.4398167
1080	-3021.73	-2836.55	-185.179	0.000251781	0.000636377	0.000737789	0.000554209	0.09114628	6.30263	3.01462	2.61667	1.17037	10	10	10	10	10	10	10	10	10	10	147.775	12.6249	52.9255	202.211	6.43873	28.5922	206.185	230.269	3.93748	0.1615943	8.272924	0.5640438
1090	-3012.85	-2836.6	-176.247	0.000376876	0.000431708	0.000869064	0.000913013	0.06605911	2.65224	1.77698	1.69758	1.56817	10	10	10	10	10	10	10	10	10	10	5.28454	85.7557	147.812	419.86	8.96771	177.05	84.4489	68.0542	5.38544	0.1292898	8.272924	0.5109382
1100	-3014.62	-2841.88	-172.741	0.000292224	0.000389217	0.000701647	0.000739577	0.2509277	1.70263	2.08678	2.3172	1.59967	10	10	10	10	10	10	10	10	10	10	169.615	62.9759	35.9258	53.1212	4.71187	59.8331	92.0331	55.5378	5.43944	0.4963541	8.272924	0.5055417
1110	-3015.91	-2837.36	-178.552	0.000308037	0.000773265	0.000812007	0.00103089	0.1218636	2.80635	2.67039	0.640976	1.14813	10	10	10	10	10	10	10	10	10	10	309.778	82.8983	55.0685	92.8133	4.09947	113.606	193.809	216.334	5.55405	0.1651457	8.272924	0.7379154
1120	-2999.49	-2841.96	-157.527	0.000236047	0.000848631	0.000924717	0.000842423	0.1528707	2.23898	3.80685	1.4469	1.38088	10	10	10	10	10	10	10	10	10	10	3.52838	79.3689	94.5954	84.3513	2.47185	100.927	13.4182	9.24051	4.2109	0.2706552	8.272924	0.5648172
1130	-3014.38	-2847.75	-166.635	0.000168904	0.000552255	0.000694034	0.00109864	0.4108167	3.60654	3.49339	1.05055	1.57686	10	10	10	10	10	10	10	10	10	10	15.2896	66.4914	59.1223	49.4258	3.08158	39.3616	90.4479	33.0596	5.98019	0.4546006	8.272924	0.9036871
1140	-3016.55	-2840.31	-176.244	0.000320317	0.000523046	0.000775472	0.000775398	0.3196901	4.27619	2.80088	1.41895	0.814628	10	10	10	10	10	10	10	10	10	10	39.9523	60.0219	69.9246	116.273	7.33041	15.443	100.934	117.486	3.7109	0.4639099	8.272924	0.689121
1150	-3026.23	-2851.89	-174.34	0.000505219	0.000455162	0.000440085	0.000751832	0.009472166	2.02634	2.48032	0.885733	1.52125	10	10	10	10	10	10	10	10	10	10	8.63054	35.1867	62.5217	30.5106	4.5956	164.299	16.2127	256.807	5.95956	0.01841199	8.272924	0.5144563
1160	-3042.39	-2846.12	-196.272	0.000252359	0.00105655	0.000649379	0.000979764	0.6952502	1.58907	3.79805	1.96467	1.4779	10	10	10	10	10	10	10	10	10	10	32.7866	29.1494	46.4027	28.8012	13.2835	172.21	9.36186	90.2436	5.75546	0.7554833	8.272924	0.9202722
1170	-3000.94	-2841.23	-159.709	0.00030079	0.000425242	0.000628345	0.00105355	9.791006e-06	1.50266	2.5368	1.67677	1.78598	10	10	10	10	10	10	10	10	10	10	27.4001	208.472	202.099	47.7217	3.24796	26.3603	145.553	108.583	2.19872	2.355225e-05	8.272924	0.4157143
1180	-3018.85	-2841.1	-177.747	0.000137204	0.000721622	0.000924456	0.000943755	0.2194702	1.59882	1.74415	1.1134	0.90801	10	10	10	10	10	10	10	10	10	10	208.926	83.7996	251.413	36.9956	4.30499	146.435	67.3975	32.9796	6.13453	0.4096457	8.272924	0.5357561
1190	-3027.12	-2839.17	-187.947	0.000191982	0.000562827	0.000658403	0.000876514	0.1180605	0.96383	2.98047	3.91189	0.898553	10	10	10	10	10	10	10	10	10	10	250.533	130.965	3.17912	74.7826	9.62127	99.1779	76.3282	36.4606	8.94336	0.1479309	8.272924	0.7980788
1200	-3027.63	-2839.69	-187.938	0.00033695	0.000619324	0.000709995	0.000969235	0.5152257	5.25224	3.81376	5.29085	0.758686	10	10	10	10	10	10	10	10	10	10	34.6633	100.672	123.003	39.8938	9.91284	253.301	234.257	118.629	3.57011	0.5819931	8.272924	0.8852781
1210	-3031	-2855.51	-175.487	0.000272093	0.00125674	0.000758591	0.00124205	0.1189078	1.53941	1.70045	2.1304	1.01376	10	10	10	10	10	10	10	10	10	10	40.5454	99.6015	41.4517	138.402	10.9601	25.9961	19.1481	264.241	1.77001	0.1719127	8.272924	0.6916753
1220	-3038.34	-2843.6	-194.745	0.000359287	0.000411639	0.000502025	0.000633163	0.140167	2.43683	3.13339	3.31988	2.02893	10	10	10	10	10	10	10	10	10	10	56.7307	190.498	191.875	86.6786	10.2514	38.553	26.2912	68.4933	4.7512	0.2393524	8.272924	0.5856092
1230	-3020.01	-2846.16	-173.85	0.000179232	0.000730255	0.000739058	0.000803491	0.4040957	2.10842	4.14617	2.03823	1.80391	10	10	10	10	10	10	10	10	10	10	18.685	28.5207	306.613	71.504	10.4549	72.6422	40.231	25.1839	3.15995	0.4482629	8.272924	0.9014703
1240	-3019.41	-2836.36	-183.05	0.000328003	0.000802557	0.000495938	0.00100285	0.8862926	4.69869	2.71675	2.36314	1.69721	10	10	10	10	10	10	10	10	10	10	18.5895	67.5321	34.04	281.085	6.20815	92.9771	198.898	95.5765	5.76521	0.787626	8.272924	1.125271
1250	-3017.96	-2841.92	-176.049	0.000168274	0.000601366	0.00110371	0.000798565	0.3918145	1.23103	1.45266	1.20601	0.952546	10	10	10	10	10	10	10	10	10	10	58.5652	74.4079	210.801	6.63367	6.65715	115.794	23.134	72.2174	2.8078	0.5095295	8.272924	0.7689731
1260	-3010.01	-2838.32	-171.69	0.000361317	0.000855864	0.00094329	0.000808194	0.2857654	1.39958	2.58157	1.77785	1.33473	10	10	10	10	10	10	10	10	10	10	67.6605	12.0863	73.0114	183.168	3.20581	113.456	89.1935	147.453	4.39552	0.5885871	8.272924	0.4855108
1270	-2988.07	-2839.26	-148.812	0.000229272	0.000444816	0.000698387	0.00107327	0.5816364	1.83825	2.96643	2.94623	2.05632	10	10	10	10	10	10	10	10	10	10	45.411	230.616	149.436	128.809	1.60837	71.7419	123.296	15.8356	2.63164	0.6443422	8.272924	0.9026826
1280	-2997.52	-2838.46	-159.063	0.000246823	0.000775278	0.000828882	0.000793585	0.2363315	3.10098	1.43704	1.13356	1.77791	10	10	10	10	10	10	10	10	10	10	118.096	4.27039	12.9394	93.1056	2.01276	87.7189	479.75	59.4556	3.50989	0.4244785	8.272924	0.5567572
1290	-3027.67	-2843.88	-183.794	0.000170275	0.000682273	0.000783185	0.000957437	1.270944	2.96783	4.04704	3.45357	2.43076	10	10	10	10	10	10	10	10	10	10	10.8978	68.5929	42.0692	18.1451	3.02871	25.2166	464.646	94.8832	5.37842	0.82779	8.272924	1.535346
1300	-3013.72	-2843.01	-170.71	0.000237809	0.000470579	0.000659291	0.000794209	0.2038413	1.30411	7.00502	1.3575	1.46603	10	10	10	10	10	10	10	10	10	10	163.348	363.156	86.7481	155.519	2.92684	319.726	60.7808	88.5407	4.73459	0.3782019	8.272924	0.5389747
1310	-3013.7	-2837.77	-175.934	0.00035745	0.000409212	0.00063387	0.000636843	0.154108	1.05587	2.43903	1.22577	1.20093	10	10	10	10	10	10	10	10	10	10	35.1472	71.3698	62.8421	104.451	1.99232	359.422	308.685	4.94289	4.91924	0.3957981	8.272924	0.3893602
1320	-3024.88	-2844.5	-180.385	0.00017792	0.000368201	0.00090579	0.000751432	0.07037312	2.23179	3.34446	3.93461	2.25667	10	10	10	10	10	10	10	10	10	10	266.636	50.6985	273.186	34.708	1.99803	81.839	279.793	3.31146	8.79698	0.1788482	8.272924	0.3934797
1330	-3020.14	-2846.31	-173.83	0.000268435	0.00043071	0.000347096	0.000700951	0.02067916	1.19094	2.04151	1.66437	1.86108	10	10	10	10	10	10	10	10	10	10	15.6117	123.366	92.431	7.94493	1.62014	95.0784	202.909	55.2178	6.86387	0.04274547	8.272924	0.4837744
1340	-3023.35	-2841.31	-182.042	0.000236437	0.000512089	0.00112814	0.000934425	0.2099969	3.91332	3.25273	0.766301	1.70313	10	10	10	10	10	10	10	10	10	10	139.678	92.3334	17.7243	59.1807	5.8906	192.809	8.74446	97.8055	8.8641	0.3621415	8.272924	0.5798752
1350	-3012.53	-2840.94	-171.587	0.000197856	0.000551091	0.000661648	0.000877767	0.09850264	1.3298	1.90887	1.85985	1.61554	10	10	10	10	10	10	10	10	10	10	132.642	105.234	47.5751	104.408	4.30255	24.9881	67.3583	285.304	6.724	0.2318891	8.272924	0.4247833
1360	-3029.29	-2848.77	-180.52	0.000205834	0.000480515	0.000662411	0.000882687	0.07495428	1.994	6.14073	2.4185	1.80434	10	10	10	10	10	10	10	10	10	10	209.57	20.0422	143.931	31.5586	5.23478	148.28	41.9651	12.805	6.63467	0.1236829	8.272924	0.6060198
1370	-3012.04	-2840.85	-171.188	0.00018025	0.000579728	0.00103191	0.00087669	0.3860024	1.49039	2.04256	2.26197	1.17188	10	10	10	10	10	10	10	10	10	10	34.7237	12.9478	75.2538	6.43138	1.95612	76.9169	74.437	22.2455	4.24105	0.5652281	8.272924	0.6829144
1380	-3007.06	-2838.15	-168.907	0.000227714	0.000382184	0.000822628	0.000931955	0.4786488	3.03533	4.59644	1.60075	1.60993	10	10	10	10	10	10	10	10	10	10	107.719	87.4172	59.6417	246.651	1.95302	317.479	28.1425	135.851	4.17941	0.6146416	8.272924	0.7787446
1390	-3012.68	-2845.27	-167.411	0.000299956	0.000471943	0.000694152	0.00100547	0.1898997	0.588116	2.43371	1.76753	1.26165	10	10	10	10	10	10	10	10	10	10	55.4024	115.754	71.4567	33.4341	2.11371	320.01	85.4018	69.1911	3.68949	0.2604112	8.272924	0.7292302
1400	-3013.79	-2844.47	-169.321	0.000185888	0.000525885	0.000960185	0.000903197	0.1152367	2.01387	1.71347	2.46512	0.83042	10	10	10	10	10	10	10	10	10	10	72.3042	85.9472	61.4215	7.32669	2.52897	314.85	38.0382	160.656	5.54446	0.2173658	8.272924	0.530151
1410	-3006.54	-2841.88	-164.661	0.000238362	0.000572839	0.000726256	0.000876806	0.1970673	1.2315	1.59402	1.18367	1.27816	10	10	10	10	10	10	10	10	10	10	74.9662	12.5793	32.4443	248.902	2.68348	35.6182	213.502	95.0663	2.93206	0.2856014	8.272924	0.690008
1420	-3031.1	-2853.77	-177.333	0.000148582	0.000620332	0.000660754	0.000835146	0.1585128	1.60317	1.32556	1.62421	1.15447	10	10	10	10	10	10	10	10	10	10	181.879	69.0921	145.382	196.309	3.84059	142.938	23.5586	34.0467	6.02533	0.396168	8.272924	0.4001152
1430	-2992.55	-2842.47	-150.082	0.000165581	0.000549182	0.000818072	0.00100985	0.2894208	3.10197	3.02564	1.33567	0.885669	10	10	10	10	10	10	10	10	10	10	107.963	115.192	13.2068	197.554	2.34438	43.3511	96.587	43.6392	2.79129	0.3483684	8.272924	0.8307895
1440	-2993.79	-2839.61	-154.179	0.000350096	0.000497717	0.000936592	0.00103736	0.0480289	2.57892	2.80599	1.43746	0.797599	10	10	10	10	10	10	10	10	10	10	6.09335	301.557	383.023	89.4931	1.87873	139.193	145.174	229.345	3.54642	0.08589506	8.272924	0.5591579
1450	-2996.01	-2843.56	-152.445	0.000319889	0.000892594	0.00108577	0.0010377	0.174847	1.33308	2.36891	1.07669	1.05071	10	10	10	10	10	10	10	10	10	10	189.117	452.188	51.2396	28.2548	0.990127	100.38	91.1107	80.7153	5.0566	0.2639199	8.272924	0.6625003
1460	-2992.01	-2842.27	-149.739	0.000265291	0.000488885	0.000739294	0.00135938	0.2079365	2.62022	3.34508	2.39475	1.50493	10	10	10	10	10	10	10	10	10	10	23.0958	187.798	131.879	4.8814	1.82162	46.6079	63.8568	443.961	2.0679	0.2817391	8.272924	0.7380461
1470	-3008.64	-2851.8	-156.846	0.000166224	0.00048108	0.00107521	0.00133769	0.462548	1.39814	3.10108	1.12642	1.1802	10	10	10	10	10	10	10	10	10	10	76.1521	91.9363	105.75	22.1576	2.57107	74.1118	170.879	22.0678	1.8267	0.5619439	8.272924	0.8231214
1480	-3014.4	-2858.6	-155.8	0.000458682	0.000968848	0.000731086	0.00110156	0.1071502	1.69165	2.12728	3.02785	0.998947	10	10	10	10	10	10	10	10	10	10	104.952	158.72	103.901	199.442	4.44891	95.7765	126.652	149.655	1.83164	0.2058582	8.272924	0.5205049
1490	-3005.21	-2840.76	-164.454	0.000207701	0.000499019	0.000864212	0.000897	0.1466867	2.9243	2.27825	1.45893	0.896752	10	10	10	10	10	10	10	10	10	10	64.4745	286.064	475.873	202.164	3.24085	211.893	211.862	163.765	2.88137	0.3071732	8.272924	0.4775375
1500	-3014.38	-2849.35	-165.024	0.000300233	0.000808928	0.000911083	0.000916732	0.2764546	1.99893	2.13802	2.08678	0.90152	10	10	10	10	10	10	10	10	10	10	20.8644	66.0934	69.8173	103.113	5.18026	42.3025	86.3007	99.8363	4.14571	0.4172534	8.272924	0.6625579
1510	-2993.7	-2844.4	-149.299	0.000295741	0.00088221	0.0011317	0.00106085	0.1520835	1.45142	2.72993	1.50677	1.06889	10	10	10	10	10	10	10	10	10	10	229.677	46.2776	63.7724	13.0714	1.66648	21.0489	21.8495	99.486	2.09693	0.306128	8.272924	0.496797
1520	-3012.26	-2850.25	-162.009	0.00030532	0.000640031	0.000548371	0.000918867	0.2137599	0.853739	5.05167	1.01407	1.59207	10	10	10	10	10	10	10	10	10	10	35.3435	3.8226	13.0365	25.6414	3.21997	229.569	264.203	150.451	2.19174	0.316962	8.272924	0.6744025
1530	-3005.65	-2845.57	-160.078	0.000230694	0.000498504	0.0012377	0.000809833	0.1932229	3.9791	4.15861	1.41412	1.41567	10	10	10	10	10	10	10	10	10	10	125.598	8.7329	87.1495	22.2749	3.73899	13.9782	30.2063	137.964	1.97213	0.3134002	8.272924	0.6165373
1540	-2974.48	-2837.53	-136.949	0.000530267	0.000676567	0.000661202	0.00132436	0.2043741	1.53985	2.33127	1.82305	1.788	10	10	10	10	10	10	10	10	10	10	105.606	33.0438	134.603	135.82	2.67466	34.0119	102.561	184.366	1.35313	0.3739307	8.272924	0.546556
1550	-2986	-2839.7	-146.296	0.00028119	0.00105118	0.000926773	0.000973835	0.03575343	2.69699	4.49184	1.53443	1.29831	10	10	10	10	10	10	10	10	10	10	55.9942	67.246	148.42	182.275	4.31707	116.965	77.7521	143.854	2.02906	0.07878029	8.272924	0.4538372
1560	-2988.96	-2832.42	-156.54	0.000232663	0.00072764	0.000917785	0.00136325	0.2547183	2.04535	5.11272	1.59193	1.20189	10	10	10	10	10	10	10	10	10	10	133.113	4.60943	48.9308	139.187	3.46585	259.242	72.5289	123.411	2.49712	0.3547282	8.272924	0.7180662
1570	-2994.37	-2841.06	-153.306	0.000337328	0.000701553	0.00081391	0.00156162	0.1038296	1.16393	5.12148	2.05852	2.53565	10	10	10	10	10	10	10	10	10	10	20.0797	44.8658	48.3492	39.026	4.76968	54.1457	122.343	104.816	1.84642	0.2016818	8.272924	0.5148188
1580	-3004.23	-2844.12	-160.115	0.000361199	0.000887653	0.000562463	0.00121305	0.1575391	0.984068	2.31692	1.39664	2.05117	10	10	10	10	10	10	10	10	10	10	204.934	8.94473	440.906	52.8716	2.51963	29.2762	23.8611	370.191	1.12802	0.3150098	8.272924	0.5001086
1590	-3004.77	-2845.48	-159.29	0.000245356	0.000990518	0.000680931	0.000866882	0.3449837	4.11392	2.08799	4.6821	1.67673	10	10	10	10	10	10	10	10	10	10	147.678	3.17857	33.8567	26.2621	1.50965	161.331	72.2039	183.068	2.07941	0.6183101	8.272924	0.557946
1600	-3009.88	-2836.26	-173.626	0.00031466	0.000608916	0.00077461	0.00107125	0.04269297	2.15273	4.58616	1.68719	2.13543	10	10	10	10	10	10	10	10	10	10	298.267	142.393	64.3505	69.6654	2.72741	109.921	92.6054	124.681	3.20258	0.1150788	8.272924	0.3709892
1610	-2994.54	-2846.5	-148.038	0.000236625	0.000648348	0.000746382	0.00150298	0.1717308	0.788449	4.21079	1.70807	2.14095	10	10	10	10	10	10	10	10	10	10	21.485	5.70765	8.14536	176.544	2.5419	53.648	141.288	238.295	1.80799	0.3518699	8.272924	0.4880518
1620	-2995.27	-2857.09	-138.182	0.000161262	0.000378266	0.000679258	0.0014485	0.1513661	0.874221	1.69116	1.79958	1.3026	10	10	10	10	10	10	10	10	10	10	13.5414	117.453	33.702	105.298	1.92896	31.353	159.241	3.3615	2.79097	0.2455345	8.272924	0.6164758
1630	-3011.69	-2850.86	-160.833	0.000439655	0.000546093	0.000671234	0.00109737	0.8861329	3.58522	2.67484	1.09918	1.67139	10	10	10	10	10	10	10	10	10	10	138.058	151.33	255.325	127.87	2.07141	382.545	154.535	174.552	2.30487	0.7319135	8.272924	1.210707
1640	-2975.78	-2841	-134.774	0.000314107	0.000761729	0.00059815	0.00119717	0.1603494	1.14933	2.14193	1.31299	1.87962	10	10	10	10	10	10	10	10	10	10	26.6787	80.3925	110.69	159.454	0.64542	113.791	58.5654	23.3753	1.30107	0.2449452	8.272924	0.6546337
1650	-2971.66	-2842.79	-128.867	0.000338859	0.000659731	0.00108062	0.00127495	0.1954477	1.81094	1.9495	1.8826	2.67545	10	10	10	10	10	10	10	10	10	10	182.72	38.8577	154.632	119.633	0.571794	126.215	71.7253	164.34	1.90271	0.3533955	8.272924	0.5530566
1660	-2980.77	-2843.14	-137.625	0.000524414	0.000922153	0.000786128	0.00134799	0.1922616	2.56398	5.6242	1.1837	0.807446	10	10	10	10	10	10	10	10	10	10	2.62814	266.591	1.91478	55.3489	0.72246	48.6832	186.607	189.73	1.3706	0.3877119	8.272924	0.4958879
1670	-2980.02	-2841.39	-138.63	0.00024312	0.000673042	0.00106216	0.00138704	0.09124803	2.07274	1.42955	1.6122	0.932421	10	10	10	10	10	10	10	10	10	10	120.938	7.22723	152.222	35.4165	3.18901	196.379	192.276	44.2729	1.19868	0.1685203	8.272924	0.5414661
1680	-3007.62	-2853.73	-153.891	0.000618781	0.000637211	0.000802016	0.000958493	0.02662053	10.1538	1.20542	1.05915	2.44373	10	10	10	10	10	10	10	10	10	10	46.0334	10.4192	3.43567	32.3175	3.68951	33.9273	79.0318	78.5438	1.72762	0.05944926	8.272924	0.4477857
1690	-2990.92	-2839.07	-151.848	0.000228566	0.000731567	0.00116258	0.00103967	0.05163908	3.36509	3.59759	3.0941	0.888516	10	10	10	10	10	10	10	10	10	10	48.2449	48.4024	58.9055	110.395	1.43587	210.638	329.534	466.399	1.98556	0.128965	8.272924	0.4004117
1700	-2991.45	-2846.42	-145.031	0.000149801	0.000641093	0.00069558	0.00117435	0.3329768	5.47533	1.79765	1.83797	1.07364	10	10	10	10	10	10	10	10	10	10	92.5672	13.4598	7.95566	174.888	0.783431	47.9127	6.11031	4.33214	4.52513	0.4385307	8.272924	0.7593009
1710	-2976.9	-2837.25	-139.653	0.000279187	0.000803586	0.000952866	0.000850332	0.4549803	3.4228	2.57015	1.54737	1.95386	10	10	10	10	10	10	10	10	10	10	2.63379	63.2751	70.4049	42.1284	0.958674	31.2437	17.9559	89.2811	1.93154	0.6474466	8.272924	0.7027302
1720	-3006.09	-2850.56	-155.527	0.000257549	0.000840991	0.00073102	0.00082308	0.001935167	1.37396	1.63493	2.22914	1.38025	10	10	10	10	10	10	10	10	10	10	195.979	254.273	222.946	6.30574	1.43392	320.7	112.826	1.07034	3.07111	0.005105676	8.272924	0.3790226
1730	-2984.45	-2844.91	-139.531	0.000396608	0.000616038	0.000876658	0.00152956	0.0696292	0.601049	3.85869	1.26299	1.64173	10	10	10	10	10	10	10	10	10	10	42.0832	8.96382	83.8067	18.9751	1.16863	88.4165	94.4257	454.965	2.61472	0.2092254	8.272924	0.3327952
1740	-2982.87	-2847.08	-135.792	0.000342463	0.000654938	0.0010083	0.00100297	0.07567175	1.94233	2.89272	1.95669	1.66755	10	10	10	10	10	10	10	10	10	10	405.197	51.567	95.7973	50.2659	0.570496	87.2095	73.5818	48.4524	2.37483	0.2179442	8.272924	0.347207
1750	-2995.09	-2855.31	-139.778	0.00033764	0.000330029	0.000987252	0.000892327	0.1437419	0.934156	2.6335	0.959432	0.963095	10	10	10	10	10	10	10	10	10	10	181.727	24.0195	76.5883	64.4004	0.868838	37.8946	215.345	53.8289	2.23039	0.2433473	8.272924	0.590686
1760	-3016.63	-2847.18	-169.449	0.000270516	0.000477549	0.000818211	0.000832166	0.02020744	2.23651	2.67952	3.41292	1.55213	10	10	10	10	10	10	10	10	10	10	262.545	191.241	19.8472	246.621	2.97346	107.085	112.517	151.657	5.96037	0.05598283	8.272924	0.3609579
1770	-3003.7	-2847.89	-155.811	0.000298521	0.000573259	0.000566353	0.00114621	0.08062161	4.08814	1.23514	0.938604	1.66718	10	10	10	10	10	10	10	10	10	10	60.2718	142.549	74.8417	217.254	3.36697	52.2226	149.659	170.193	3.21179	0.1788497	8.272924	0.4507786
1780	-2993.59	-2844.97	-148.614	0.000327246	0.000662239	0.000661651	0.00102567	0.3624471	2.36362	3.33646	3.7611	1.13235	10	10	10	10	10	10	10	10	10	10	164.627	99.9053	20.1438	33.3617	1.52286	214.871	11.5203	75.5205	3.53706	0.5377985	8.272924	0.6739458
1790	-2981.73	-2838.48	-143.251	0.000288565	0.000700313	0.000884908	0.000967253	0.5270718	2.16407	2.07823	3.45217	1.48033	10	10	10	10	10	10	10	10	10	10	165.611	215.294	160.08	101.5	0.842656	161.278	222.697	90.8743	3.82366	0.5559196	8.272924	0.9481079
1800	-2993.87	-2848.96	-144.908	0.000385814	0.000514523	0.000876745	0.000818593	0.1923598	0.7846	2.32684	1.68396	0.781609	10	10	10	10	10	10	10	10	10	10	60.5634	149.812	118.762	53.3722	1.50373	287.172	259.086	36.8359	2.84077	0.3197672	8.272924	0.6015619
1810	-3003.49	-2843.53	-159.957	0.000213088	0.000526309	0.00103213	0.000874707	0.110804	1.62048	3.39916	0.954999	1.47324	10	10	10	10	10	10	10	10	10	10	182.531	5.8029	84.181	40.0711	3.15374	200.556	11.8248	259.601	1.96141	0.2272534	8.272924	0.487579
1820	-2999.47	-2838.43	-161.041	0.000191019	0.000457242	0.000848349	0.00142572	0.2058651	2.58553	1.81677	2.31905	2.61568	10	10	10	10	10	10	10	10	10	10	121.031	102.728	11.5005	75.6717	2.32297	196.328	124.35	45.4717	1.84369	0.3971171	8.272924	0.518399
1830	-3004.01	-2841.36	-162.647	0.000325006	0.000682651	0.000820771	0.000973088	0.05838438	6.08587	2.27401	4.27803	1.63628	10	10	10	10	10	10	10	10	10	10	224.61	254.993	31.3697	50.4053	1.38152	100.422	39.9586	8.15554	2.64856	0.1473118	8.272924	0.3963319
1840	-2986.5	-2841.57	-144.936	0.000234164	0.000532001	0.00104023	0.0011755	0.2573211	2.84125	4.86503	3.26933	2.18955	10	10	10	10	10	10	10	10	10	10	120.474	86.839	5.87818	206.416	1.13892	134.019	54.0979	44.4444	1.72446	0.3474999	8.272924	0.7404926
1850	-3012.61	-2853.72	-158.894	0.000155684	0.000385791	0.000807255	0.000849035	0.1611852	2.23068	3.36319	4.11522	1.66921	10	10	10	10	10	10	10	10	10	10	65.5194	67.3833	2.81464	34.2699	0.863328	87.3469	7.54801	105.459	5.64204	0.2448263	8.272924	0.6583653
1860	-3000.08	-2835.03	-165.055	0.000215515	0.000807585	0.000851948	0.00119046	0.4344696	1.48295	4.22234	1.60058	1.73688	10	10	10	10	10	10	10	10	10	10	351.783	88.9523	33.6354	43.1253	1.11543	18.8848	102.687	28.0372	2.5379	0.4708778	8.272924	0.92268
1870	-3001.2	-2846.81	-154.389	0.000313425	0.000973562	0.00104226	0.00115265	0.08143492	3.72933	2.24291	1.93063	1.83855	10	10	10	10	10	10	10	10	10	10	144.49	50.6134	50.286	86.4274	2.14295	63.2959	66.0063	16.2316	1.91403	0.1371421	8.272924	0.5937996
1880	-3001.68	-2846.22	-155.458	0.000277879	0.000815813	0.000671887	0.00101429	0.5074166	0.836645	2.42062	0.483248	1.34897	10	10	10	10	10	10	10	10	10	10	328.243	182.999	2.26098	35.8932	1.71286	133.884	104.3	54.7166	3.01421	0.6199557	8.272924	0.8184722
1890	-3007.57	-2845.19	-162.385	0.000334829	0.00061317	0.00059885	0.000880239	0.104664	1.51785	3.17274	1.51954	0.606988	10	10	10	10	10	10	10	10	10	10	30.3963	143.412	2.65638	480.395	4.62828	139.54	124.275	148.341	3.75552	0.2342915	8.272924	0.4467256
1900	-2997.78	-2843.03	-154.742	0.000296461	0.000579504	0.000927182	0.000925374	0.034893	1.1189	3.68535	3.11112	1.36353	10	10	10	10	10	10	10	10	10	10	108.026	257.531	0.0939448	408.076	8.97758	138.693	63.422	114.271	3.71853	0.07554705	8.272924	0.4618711
1910	-3011.98	-2855.76	-156.218	0.000380645	0.00057293	0.000773539	0.00103066	0.1618237	0.863463	4.88685	3.44056	1.26911	10	10	10	10	10	10	10	10	10	10	2.87549	46.2095	0.0500867	122.143	6.37907	50.674	14.1158	203.09	5.4039	0.2714281	8.272924	0.5961938
1920	-3004.24	-2844.24	-159.997	0.000348601	0.000501659	0.000709028	0.00127308	0.02995168	1.3564	3.84604	1.49928	1.40928	10	10	10	10	10	10	10	10	10	10	22.0961	160.43	0.248955	312.741	29.3938	6.42014	7.7551	146.076	2.71677	0.06001151	8.272924	0.4990989
1930	-3018.08	-2847.57	-170.512	0.000312547	0.000672595	0.000526156	0.00109209	0.06009082	1.29769	2.04544	1.3928	1.66395	10	10	10	10	10	10	10	10	10	10	1.43433	88.2346	1.79186	23.5946	5.55833	5.1454	4.99743	61.9381	5.86632	0.1405813	8.272924	0.4274454
1940	-3018.34	-2838.74	-179.601	0.000368628	0.000662274	0.000662426	0.00109875	0.01516135	2.35218	2.9013	4.06111	1.8846	10	10	10	10	10	10	10	10	10	10	277.713	102.68	69.7822	107.019	6.06956	41.4983	50.7871	15.9027	5.43403	0.03668988	8.272924	0.4132296
1950	-3012.18	-2841	-171.178	0.000271945	0.000454713	0.000739751	0.0012825	0.1466257	2.44336	1.68924	0.899257	1.2325	10	10	10	10	10	10	10	10	10	10	467.082	45.2593	77.167	139.074	3.68005	14.9789	34.7626	13.2916	4.89414	0.2778265	8.272924	0.5277598
1960	-3012.74	-2841.98	-170.765	0.000278562	0.000855781	0.000779868	0.00130042	0.483423	2.44354	3.74208	1.5225	1.29015	10	10	10	10	10	10	10	10	10	10	113.123	161.256	20.7043	21.6499	3.52821	251.93	29.6562	29.3216	5.65889	0.6099972	8.272924	0.7925004
1970	-3028.78	-2843.38	-185.401	0.000276886	0.000687082	0.00097925	0.0010208	0.7260656	1.7529	1.98035	2.46596	0.78445	10	10	10	10	10	10	10	10	10	10	180.617	185.672	12.5934	279.386	5.57012	126.996	28.7283	248.534	3.26073	0.6190132	8.272924	1.17294
1980	-3023.61	-2841.84	-181.768	0.000258629	0.000504549	0.00092988	0.00103257	0.1812706	1.06676	5.37183	4.06809	1.97274	10	10	10	10	10	10	10	10	10	10	213.46	12.4869	42.307	173.189	6.03355	25.1679	52.1287	115.208	5.41523	0.327145	8.272924	0.5540985
1990	-3031.99	-2849.63	-182.367	0.000214122	0.000705284	0.000669002	0.00110255	0.01023688	1.82979	5.75511	1.36525	1.97298	10	10	10	10	10	10	10	10	10	10	50.099	8.03453	51.6447	8.64329	12.4187	188.589	38.1416	20.6316	6.54687	0.02409266	8.272924	0.4248961
2000	-3028.45	-2842.26	-186.194	0.000208451	0.000428496	0.000609534	0.000996672	0.4465206	1.68005	2.65044	2.02366	2.63703	10	10	10	10	10	10	10	10	10	10	104.154	118.923	73.8414	181.417	15.6837	14.689	11.7848	25.0343	2.92216	0.5402453	8.272924	0.8265145
2010	-3003.83	-2842.14	-161.684	0.000266432	0.000615091	0.00100078	0.00143829	0.5224367	2.23022	4.71403	1.69736	1.13181	10	10	10	10	10	10	10	10	10	10	163.426	79.7435	74.8514	115.017	6.00795	42.2904	82.3992	94.9025	2.50801	0.6007724	8.272924	0.8696083
2020	-3023.55	-2851.52	-172.031	0.000325139	0.000912477	0.001037	0.000972908	0.5532646	1.42565	1.66987	2.22983	1.25043	10	10	10	10	10	10	10	10	10	10	59.7046	3.10741	24.4013	101.411	5.42495	25.6088	130.27	160.531	5.00652	0.6194215	8.272924	0.8931956
2030	-3026.26	-2851.06	-175.193	0.000133928	0.000707332	0.00101476	0.000746971	0.3218209	1.85068	5.63342	0.816352	0.954972	10	10	10	10	10	10	10	10	10	10	142.968	15.761	58.5006	15.2117	4.2119	134.951	156.142	12.0132	5.52177	0.518616	8.272924	0.620538
2040	-3014.43	-2845.44	-168.989	0.000149867	0.000523372	0.000743811	0.000748257	1.792182	2.5007	0.847229	0.926685	1.00544	10	10	10	10	10	10	10	10	10	10	60.0209	149.437	131.429	25.2149	2.53791	47.0969	104.462	23.4276	3.90336	0.9428978	8.272924	1.900717
2050	-3027.23	-2848.71	-178.511	0.000179065	0.000682061	0.00110989	0.00108019	0.1637443	1.53639	2.86447	1.52411	1.00074	10	10	10	10	10	10	10	10	10	10	203.123	443.41	243.49	69.817	4.68529	223.642	154.555	32.4001	3.86225	0.2452005	8.272924	0.6677976
2060	-3037.24	-2847.8	-189.44	0.000209649	0.000999179	0.00120529	0.00087602	0.1205721	3.0388	3.68691	1.57466	2.00217	10	10	10	10	10	10	10	10	10	10	316.623	135.924	40.0851	83.9042	7.08426	55.9948	124.043	239.388	3.47913	0.2223028	8.272924	0.542378
2070	-3024.22	-2838.69	-185.532	0.000193478	0.000482777	0.000492237	0.00104182	0.1759142	1.34494	2.42382	1.9583	1.40737	10	10	10	10	10	10	10	10	10	10	20.2187	76.4553	77.173	370.746	5.65758	227.012	156.332	41.3045	5.09541	0.305836	8.272924	0.5751913
2080	-3036.28	-2857.47	-178.804	0.000202157	0.000446061	0.000965926	0.00132953	0.600942	1.46072	1.71974	2.37668	1.08715	10	10	10	10	10	10	10	10	10	10	55.3658	555.128	135.436	24.8857	2.15636	24.8238	297.861	92.4074	2.6651	0.6090562	8.272924	0.9866774
2090	-3022.11	-2837.78	-184.328	0.000267987	0.000545401	0.000477108	0.00136193	0.2413007	3.02043	2.92809	1.40831	1.85685	10	10	10	10	10	10	10	10	10	10	57.7149	30.0434	48.9791	13.7224	7.85254	52.6546	55.5236	279.77	4.20377	0.3024033	8.272924	0.7979432
2100	-3026.28	-2844.71	-181.573	0.000255312	0.000333622	0.000535941	0.00102344	0.7082378	1.93767	2.10405	1.52991	0.816513	10	10	10	10	10	10	10	10	10	10	156.444	21.6843	25.7837	161.97	5.87581	151.173	80.4076	295.212	5.05254	0.6135965	8.272924	1.15424
2110	-3011.01	-2837.11	-173.895	0.00022168	0.00069852	0.000828063	0.00104356	0.2289878	4.65895	3.45601	1.56784	1.48221	10	10	10	10	10	10	10	10	10	10	11.7158	71.8659	7.78957	111.047	4.1967	82.6116	118.502	100.94	3.61369	0.4362084	8.272924	0.5249505
2120	-3017.09	-2839.08	-178.009	0.000259434	0.000422479	0.000673589	0.000922599	0.4939569	1.91378	3.67261	2.73266	1.58775	10	10	10	10	10	10	10	10	10	10	74.6358	154.705	35.7612	6.95439	3.93998	252.812	51.4068	38.7881	4.84304	0.6109819	8.272924	0.808464
2130	-3016.16	-2834.6	-181.566	0.000185121	0.000918665	0.000489804	0.000893727	0.01683181	2.6179	2.47502	1.18977	2.55225	10	10	10	10	10	10	10	10	10	10	68.1037	71.9511	2.39461	111.635	3.67036	287.35	352.733	25.4426	7.36113	0.0303347	8.272924	0.5548698
2140	-3029.65	-2845.57	-184.075	0.000202504	0.000609854	0.000474468	0.000580414	0.3829462	1.1734	4.04446	2.18058	0.882824	10	10	10	10	10	10	10	10	10	10	47.8174	5.66834	86.2157	27.2435	10.2152	103.454	359.381	93.093	4.19571	0.5510904	8.272924	0.6948882
2150	-3033.65	-2849.63	-184.013	0.000205217	0.000812163	0.00099218	0.000765127	0.1536509	2.2791	4.02177	4.69317	0.96154	10	10	10	10	10	10	10	10	10	10	395.753	15.2126	256.186	124.609	4.20787	57.7832	25.5519	63.6771	3.99453	0.2271442	8.272924	0.6764466
2160	-3032.8	-2846.39	-186.416	0.000115536	0.000519202	0.000925371	0.000841185	0.2578932	3.36984	1.74235	1.70949	1.16812	10	10	10	10	10	10	10	10	10	10	52.4422	58.0602	65.9913	10.3972	5.53943	84.7478	201.075	65.6302	7.34298	0.4870946	8.272924	0.529452
2170	-3005.43	-2841.29	-164.14	0.000124743	0.00066725	0.00067617	0.0010163	0.4253454	2.92539	2.08014	0.666614	1.82787	10	10	10	10	10	10	10	10	10	10	113.55	49.4194	12.6358	101.14	2.21594	107.243	105.516	98.1381	5.35368	0.4693299	8.272924	0.9062824
2180	-3005.99	-2844.26	-161.723	0.000244472	0.00044294	0.000503344	0.00115438	0.1995955	4.84165	4.61554	1.19761	2.37819	10	10	10	10	10	10	10	10	10	10	17.2569	71.0896	0.91159	74.455	2.0086	5.00294	35.9312	55.4803	9.3559	0.3616998	8.272924	0.5518265
2190	-3032.9	-2845.22	-187.676	0.000266467	0.000458729	0.0007837	0.000550504	0.1327654	1.03253	6.85655	2.11464	1.38094	10	10	10	10	10	10	10	10	10	10	123.18	59.1833	50.4313	95.804	5.19672	11.4738	289.05	368.739	6.20605	0.3796265	8.272924	0.3497263
2200	-3017.71	-2842.13	-175.582	0.000158955	0.000748997	0.000475539	0.000867877	0.5126977	1.10285	4.10562	2.83695	1.36583	10	10	10	10	10	10	10	10	10	10	146.86	120.6	51.334	144.122	3.27549	87.9686	81.9757	180.809	3.07915	0.4920924	8.272924	1.041873
2210	-3011.57	-2840.9	-170.673	0.000181577	0.00077907	0.00094256	0.00111817	0.06023771	1.73262	4.55654	1.90145	1.60776	10	10	10	10	10	10	10	10	10	10	70.4819	89.1111	81.595	98.9658	5.04982	70.2788	118.618	13.2091	2.51038	0.1378718	8.272924	0.4369109
2220	-3014.38	-2852.13	-162.252	0.000269362	0.000664856	0.000855655	0.00101541	0.3820346	1.76296	2.77793	1.66922	1.82931	10	10	10	10	10	10	10	10	10	10	68.4472	130.03	42.1794	147.63	4.94629	105.374	95.9471	29.1914	3.38102	0.598092	8.272924	0.6387556
2230	-3003.18	-2840.4	-162.785	0.0002743	0.000535251	0.000565449	0.0011377	1.06395	0.977763	3.4838	1.14097	2.11254	10	10	10	10	10	10	10	10	10	10	103.695	88.6042	238.386	250.178	1.66484	261.518	149.828	77.7312	4.38084	0.667989	8.272924	1.592766
2240	-3023.64	-2839.78	-183.862	0.000231486	0.000570983	0.000601975	0.00136521	0.1032749	4.12734	1.64343	1.36028	1.41996	10	10	10	10	10	10	10	10	10	10	1045.05	117.203	3.54955	33.2768	5.38547	175.131	206.676	67.7897	4.13823	0.1649133	8.272924	0.6262376
2250	-3008.18	-2843.7	-164.479	0.000349242	0.000578262	0.00132494	0.00147455	0.2030213	1.10056	1.74825	3.22957	1.38599	10	10	10	10	10	10	10	10	10	10	123.342	117.343	24.2761	44.6101	4.10476	165.899	15.1285	93.2556	5.23732	0.2840439	8.272924	0.7147533
2260	-2998.16	-2842.16	-155.999	0.000469865	0.000487843	0.000791144	0.00102587	0.07564578	3.83951	1.21857	2.15084	1.19002	10	10	10	10	10	10	10	10	10	10	20.676	333.325	11.2639	158.626	2.18939	83.4846	213.972	377.2	2.31854	0.1206855	8.272924	0.6268011
2270	-3013.32	-2848.24	-165.083	0.000244011	0.000791447	0.000897485	0.00134588	0.6587707	0.814029	3.52881	1.52653	1.73178	10	10	10	10	10	10	10	10	10	10	284.298	19.8276	8.40368	102.335	2.29272	113.578	281.914	100.483	4.20325	0.7890233	8.272924	0.8349192
2280	-3007.07	-2840.61	-166.46	0.000317098	0.000579436	0.00054405	0.000952377	0.9321565	3.34379	1.84649	1.6605	1.42685	10	10	10	10	10	10	10	10	10	10	14.7162	75.4963	195.099	15.8719	5.35302	57.6351	14.0336	2.32779	2.90961	0.7082662	8.272924	1.31611
2290	-3001.86	-2837.94	-163.924	0.000436658	0.000614951	0.000819921	0.000934856	0.08502338	3.35164	5.21781	2.48977	1.36689	10	10	10	10	10	10	10	10	10	10	57.5878	615.288	2.29023	79.5636	3.68148	109.283	38.9555	81.2669	3.3489	0.1818887	8.272924	0.4674472
2300	-3013.59	-2844.11	-169.48	0.000347853	0.000514767	0.000517565	0.0010513	0.009425047	1.58115	2.70774	2.8017	1.74278	10	10	10	10	10	10	10	10	10	10	119.599	110.537	182.111	114.967	5.01658	99.9003	437.329	8.58885	3.91024	0.02005978	8.272924	0.4698481
2310	-3022.62	-2847.03	-175.589	0.000115357	0.000397461	0.00097465	0.00125946	0.5342183	2.49198	2.39053	1.69355	2.06311	10	10	10	10	10	10	10	10	10	10	28.9965	85.7172	114.364	91.243	7.17314	222.981	137.296	109.395	2.55531	0.7435316	8.272924	0.7184877
2320	-3005.33	-2838.79	-166.543	0.000293884	0.000486576	0.00110759	0.00116963	0.5956961	3.98134	4.55668	1.5563	1.41341	10	10	10	10	10	10	10	10	10	10	143.856	272.773	18.4102	67.5209	3.17847	6.27062	6.93023	18.362	3.91483	0.5710741	8.272924	1.043115
2330	-3014.72	-2847.28	-167.435	0.000251722	0.000717115	0.000568228	0.00130026	0.4373639	6.33252	6.73738	1.22562	1.30882	10	10	10	10	10	10	10	10	10	10	41.5022	182.74	106.451	46.5602	5.12353	339.339	55.4876	71.2618	2.60335	0.4663313	8.272924	0.9378823
2340	-2995.58	-2841.2	-154.381	0.000222736	0.000722379	0.000910704	0.000956277	0.5334096	3.55335	1.65388	0.759212	2.162	10	10	10	10	10	10	10	10	10	10	571.788	2.94239	47.3212	14.7455	1.54709	84.4144	42.974	9.64936	1.77747	0.6262576	8.272924	0.8517415
2350	-3007.96	-2843.13	-164.831	0.000422409	0.00054826	0.00082787	0.000955394	0.3892559	2.1142	2.0106	1.19284	1.75157	10	10	10	10	10	10	10	10	10	10	50.6052	1.92369	247.838	267.294	6.45942	159.687	107.229	70.8622	2.35539	0.4516721	8.272924	0.8618108
2360	-2998.39	-2840.45	-157.94	0.00032847	0.000848742	0.000952121	0.000906143	0.1748968	3.86161	2.64122	1.85228	1.67301	10	10	10	10	10	10	10	10	10	10	125.399	327.038	362.796	133.837	2.34546	163.681	104.149	38.0532	2.43179	0.2901035	8.272924	0.6028773
2370	-2992.85	-2850.5	-142.353	0.000174281	0.000544839	0.00135307	0.00105928	0.1911636	2.66888	1.31845	2.4633	1.5108	10	10	10	10	10	10	10	10	10	10	57.5592	120.547	121.713	81.2457	2.77083	113.278	169.373	115.285	1.74965	0.2782319	8.272924	0.6870659
2380	-3000.59	-2842.01	-158.577	0.000308474	0.000640809	0.000793683	0.00100605	0.05480192	1.82265	3.90209	2.36513	2.11219	10	10	10	10	10	10	10	10	10	10	89.4359	58.5997	52.1175	105.972	3.2252	74.4438	386.754	38.0679	2.82674	0.1109832	8.272924	0.4937855
2390	-2985.79	-2840.93	-144.861	0.000285794	0.000363559	0.000756281	0.00128886	0.1876228	1.10216	1.1677	1.40418	1.39305	10	10	10	10	10	10	10	10	10	10	9.81944	124.591	36.0032	128.744	3.66916	105.501	42.9077	99.4875	1.59948	0.3859057	8.272924	0.4861883
2400	-3011.18	-2843.26	-167.925	0.000268742	0.00048782	0.000969927	0.000894127	0.1040355	1.4443	2.74752	2.97254	1.40755	10	10	10	10	10	10	10	10	10	10	200.523	8.00053	21.389	230.026	6.58107	268.226	81.1036	122.175	4.29833	0.1874236	8.272924	0.5550822
2410	-3008.01	-2843.88	-164.125	0.000280183	0.000469463	0.00103271	0.00109504	0.08052334	1.001	2.68711	2.72551	1.37893	10	10	10	10	10	10	10	10	10	10	110.543	581.869	63.9122	107.728	5.85949	167.015	139.951	76.9769	2.74255	0.2080745	8.272924	0.3869928
2420	-2994.8	-2839.64	-155.167	0.000295215	0.000962639	0.000969163	0.00111273	0.05547541	2.37874	7.51997	1.67456	1.00593	10	10	10	10	10	10	10	10	10	10	437.549	23.0233	57.2538	219.859	2.63864	8.3429	85.9147	60.7756	1.77102	0.1009786	8.272924	0.5493781
2430	-2996.38	-2841.52	-154.856	0.00024594	0.000601691	0.000574763	0.000848957	0.2431764	2.3856	1.22378	3.52971	1.29236	10	10	10	10	10	10	10	10	10	10	71.7996	79.7548	22.2901	176.093	3.08111	102.054	95.691	174.049	2.24417	0.3428051	8.272924	0.7093723
2440	-3012.03	-2844.27	-167.763	0.00021995	0.000974625	0.00117038	0.000931601	0.6611903	3.05753	3.42247	4.05185	1.64569	10	10	10	10	10	10	10	10	10	10	18.491	217.176	182.232	420.846	3.73747	69.5106	139.27	274.37	1.37627	0.6254688	8.272924	1.057111
2450	-3009.15	-2838.43	-170.728	0.000318205	0.00063907	0.000700863	0.00113627	0.5897223	5.1395	4.71316	1.2494	1.33004	10	10	10	10	10	10	10	10	10	10	239.099	38.597	26.755	113.289	2.43908	6.19845	15.8009	219.167	5.75725	0.7181894	8.272924	0.8211237
2460	-3022.81	-2847.87	-174.943	0.000195481	0.000603851	0.000874648	0.00101712	0.3912424	1.06486	2.67991	2.93191	1.44277	10	10	10	10	10	10	10	10	10	10	185.37	8.01124	194.283	330.66	3.90833	3.61408	151.268	108.287	5.15725	0.6703342	8.272924	0.5836527
2470	-3000.43	-2840	-160.431	0.000326741	0.000528323	0.00102151	0.000945841	0.7204183	2.274	5.18414	2.33415	0.891658	10	10	10	10	10	10	10	10	10	10	78.8883	368.238	87.4257	81.4362	2.1041	76.62	91.6464	155.427	2.30021	0.6241671	8.272924	1.154207
2480	-2991.7	-2843.98	-147.72	0.000187356	0.000725054	0.000978709	0.000833679	1.022138	2.453	4.4673	3.49202	1.21972	10	10	10	10	10	10	10	10	10	10	244.489	151.59	44.248	214.219	1.00878	35.7584	229.173	71.9591	1.95632	0.7459649	8.272924	1.370223
2490	-2996.69	-2847.02	-149.677	0.000431269	0.000421336	0.000978518	0.000918775	0.2753181	2.08471	5.12208	2.4205	0.858705	10	10	10	10	10	10	10	10	10	10	50.457	113.924	85.6688	18.2147	1.22461	126.184	80.2011	123.339	2.4365	0.7649926	8.272924	0.3598964
2500	-2991.62	-2842.07	-149.558	0.000318869	0.000682692	0.000882441	0.00103441	0.6127485	2.0617	2.27693	1.54979	1.25362	10	10	10	10	10	10	10	10	10	10	323.842	36.9689	170.944	60.7198	1.14035	8.52296	62.062	3.17482	4.39268	0.8927271	8.272924	0.6863782
2510	-3006.89	-2843.02	-163.878	0.000313245	0.000700017	0.00124067	0.000930101	0.7811276	1.03404	8.65939	1.68156	0.989627	10	10	10	10	10	10	10	10	10	10	456.049	125.713	58.713	123.73	1.31779	46.6617	18.526	46.2512	5.68283	0.7937946	8.272924	0.9840425
2520	-3010.21	-2847.68	-162.53	0.000201254	0.000649853	0.00115088	0.00105	1.109443	4.12968	2.30101	0.655913	1.13212	10	10	10	10	10	10	10	10	10	10	50.4584	93.1752	17.2696	75.8926	5.40869	71.9236	22.0455	94.4904	2.26727	0.890116	8.272924	1.246403
2530	-3009.21	-2849.54	-159.667	0.000280984	0.000499972	0.000509173	0.000936975	0.7850807	0.807143	2.74409	1.79863	1.19059	10	10	10	10	10	10	10	10	10	10	121.849	237.134	223.648	66.9491	3.05182	68.9528	48.6075	114.743	2.76083	0.6829881	8.272924	1.149479
2540	-3014.07	-2855.24	-158.832	0.000322643	0.000499627	0.000887764	0.00112548	0.1800174	0.720276	4.82636	1.05463	0.680029	10	10	10	10	10	10	10	10	10	10	113.235	164.512	6.26743	40.7778	2.75353	144.474	68.0278	131.472	3.84438	0.4248774	8.272924	0.4236926
2550	-3014.91	-2853.6	-161.317	0.000362252	0.00113259	0.00107882	0.00123627	0.09589573	2.92639	2.58743	3.19359	2.49885	10	10	10	10	10	10	10	10	10	10	82.9555	103.582	4.25315	41.4456	3.22709	66.0767	132.826	310.841	1.67944	0.1329598	8.272924	0.7212383
2560	-3001.28	-2844.98	-156.302	0.000429548	0.000700438	0.00070535	0.00106221	0.007985292	1.34977	2.32621	1.30546	2.1441	10	10	10	10	10	10	10	10	10	10	13.4381	349.564	176.402	67.4623	3.61535	40.9853	81.7483	124.522	2.11473	0.01623185	8.272924	0.491952
2570	-3030.05	-2854.96	-175.091	0.000238382	0.000580123	0.0012276	0.00103378	0.1217661	2.59473	2.33122	1.0319	2.40498	10	10	10	10	10	10	10	10	10	10	163.771	23.899	166.91	747.934	5.54503	10.5555	3.3737	191.239	4.15347	0.2569489	8.272924	0.4738922
2580	-2998.9	-2842.73	-156.167	0.000191013	0.000767011	0.000853373	0.000727212	0.3580045	3.56329	2.85466	1.53042	1.65602	10	10	10	10	10	10	10	10	10	10	129.056	42.1537	141.867	77.6345	2.22011	294.368	154.411	184.655	2.81469	0.6302791	8.272924	0.5680094
2590	-3016.09	-2845.27	-170.817	0.000208705	0.000474654	0.000634577	0.00170147	0.07556806	0.909813	4.17842	1.34934	1.01518	10	10	10	10	10	10	10	10	10	10	90.9408	143.561	23.0686	92.1763	3.22959	37.2845	269.986	222.178	3.04861	0.1369654	8.272924	0.5517308
2600	-3013.15	-2842.8	-170.354	0.000182601	0.000932817	0.00058464	0.000986179	0.3335627	3.51025	3.97876	2.24445	1.29122	10	10	10	10	10	10	10	10	10	10	18.9124	12.8183	88.9943	32.85	4.78487	111.371	34.2966	125.239	3.82188	0.4874207	8.272924	0.6843425
2610	-3020.57	-2851.26	-169.307	0.000386944	0.000644422	0.000804958	0.00115787	0.6494517	2.19323	2.99982	2.32229	0.544552	10	10	10	10	10	10	10	10	10	10	168.65	69.1145	26.314	59.3797	4.14	220.985	73.0495	45.3417	2.58409	0.7578406	8.272924	0.8569768
2620	-2993.99	-2843.58	-150.41	0.000330022	0.000876858	0.00114783	0.000987368	0.6830864	3.50861	2.29328	0.944744	1.22211	10	10	10	10	10	10	10	10	10	10	57.7315	9.10995	36.0398	103.479	2.34109	32.5456	99.0137	92.905	1.95555	0.8805638	8.272924	0.7757375
2630	-3016.73	-2857.56	-159.165	0.00045678	0.000973975	0.000611821	0.00116257	0.08302666	4.78241	1.08192	0.697249	1.02023	10	10	10	10	10	10	10	10	10	10	94.4094	2.81159	169.253	142.17	7.5177	35.9832	86.2397	152.984	2.34117	0.1578277	8.272924	0.5260587
2640	-3022.5	-2850.72	-171.775	0.000197954	0.000911145	0.000953666	0.00109699	0.06544389	1.18531	4.28897	2.85427	1.05972	10	10	10	10	10	10	10	10	10	10	19.7742	37.426	437.501	190.589	4.00886	402.764	11.4623	35.5979	2.95346	0.1037168	8.272924	0.6309862
2650	-3009.09	-2847.87	-161.225	0.000307908	0.000993089	0.000843715	0.00105752	1.029585	4.22354	3.56628	1.03528	1.03122	10	10	10	10	10	10	10	10	10	10	4.92416	136.763	79.1805	47.6956	2.52656	34.1454	125.529	81.5339	3.4542	0.7348513	8.272924	1.40108
2660	-3020.99	-2844.8	-176.185	0.000226472	0.000335948	0.00123617	0.000910086	0.09534989	2.79162	4.2569	2.71686	1.65569	10	10	10	10	10	10	10	10	10	10	85.7968	24.0488	35.2967	59.5014	3.41833	381.523	20.4246	318.871	3.79706	0.1672342	8.272924	0.5701578
2670	-3011.88	-2843.99	-167.886	0.000371029	0.000636467	0.00101491	0.000781948	0.5964482	4.11641	1.19807	1.61338	2.44695	10	10	10	10	10	10	10	10	10	10	65.0763	137.637	303.692	71.144	2.80153	111.452	72.9228	189.227	3.22973	0.5531681	8.272924	1.07824
2680	-3011.62	-2841.64	-169.979	0.000516171	0.000649295	0.000856307	0.00113061	0.06742433	2.07094	1.82314	1.52183	2.53862	10	10	10	10	10	10	10	10	10	10	65.7612	110.438	62.6996	26.2415	3.80038	95.4167	103.957	320.368	3.44156	0.138611	8.272924	0.4864285
2690	-3000.69	-2837.09	-163.598	0.000172662	0.00100449	0.00076368	0.00119245	0.248719	1.8553	3.49099	2.64404	1.34705	10	10	10	10	10	10	10	10	10	10	62.4457	68.1397	235.692	10.0227	5.45775	31.1779	42.9923	27.4885	2.62763	0.4213309	8.272924	0.5903176
2700	-3013.47	-2840.42	-173.047	0.000281048	0.000755023	0.00147393	0.00119142	0.7487449	1.68434	2.68189	1.61813	2.70271	10	10	10	10	10	10	10	10	10	10	74.0835	27.182	374.101	19.9012	3.64463	213.065	257.109	106.867	3.32777	0.8784918	8.272924	0.8523071
2710	-3012.01	-2849.04	-162.969	0.000409678	0.000465818	0.00127972	0.00122485	0.05726333	1.2843	2.02379	2.36106	1.00203	10	10	10	10	10	10	10	10	10	10	14.6258	384.647	40.0816	58.0233	4.84963	4.72116	32.9949	25.3223	2.02796	0.125722	8.272924	0.4554759
2720	-3001.38	-2840.12	-161.266	0.000208139	0.000628036	0.000633102	0.00113719	0.1206601	3.02873	4.71871	1.16628	1.64852	10	10	10	10	10	10	10	10	10	10	28.7729	19.2439	15.108	12.8967	7.73965	68.148	222.271	58.2132	1.76746	0.2461289	8.272924	0.4902312
2730	-3011.4	-2841.58	-169.823	0.000223098	0.000758676	0.000930282	0.00122834	0.5215056	0.367772	3.32471	2.53489	1.15941	10	10	10	10	10	10	10	10	10	10	210.392	20.9096	30.4352	213.763	3.22119	241.381	383.702	65.3504	2.89183	0.6952928	8.272924	0.7500518
2740	-2993.14	-2846.32	-146.821	0.000419809	0.000646864	0.00100465	0.00126222	0.284529	2.74823	1.70427	1.43743	1.87473	10	10	10	10	10	10	10	10	10	10	269.777	70.335	96.3927	108.147	5.44403	91.6871	20.8942	120.689	2.26206	0.4726498	8.272924	0.6019871
2750	-2995.98	-2842.9	-153.08	0.00024404	0.000639097	0.00126972	0.0010706	0.3464729	1.2634	6.10273	1.45164	2.16343	10	10	10	10	10	10	10	10	10	10	22.0381	50.3208	97.2421	238.822	3.4197	16.1859	68.5516	152.025	1.5013	0.4577349	8.272924	0.7569291
2760	-3000.63	-2840.02	-160.61	0.000352487	0.000371428	0.000683046	0.00122934	0.4167178	1.77631	2.57697	1.56971	0.916942	10	10	10	10	10	10	10	10	10	10	74.8056	112.446	37.0916	113.212	2.53072	60.5939	325.784	43.4151	2.43493	0.5508875	8.272924	0.756448
2770	-2990.82	-2836.87	-153.951	0.000371206	0.0007324	0.000618671	0.0016401	0.016363	3.19705	2.98445	1.74884	1.65307	10	10	10	10	10	10	10	10	10	10	36.1092	9.13346	212.323	364.894	3.01604	23.0001	148.554	165.711	1.19109	0.02981438	8.272924	0.5488291
2780	-3006.3	-2847.76	-158.54	0.000298644	0.000513069	0.000968004	0.00138717	0.422391	2.4722	1.20697	1.30841	1.29828	10	10	10	10	10	10	10	10	10	10	43.1034	30.821	141.767	123.721	3.91203	637.738	99.4355	117.731	3.40629	0.4417241	8.272924	0.9562327
2790	-3013.28	-2849.65	-163.632	0.000223552	0.000886533	0.00123381	0.00138036	1.761007	1.17029	5.01478	1.26561	1.31931	10	10	10	10	10	10	10	10	10	10	4.92694	100.739	31.5562	37.8092	2.18301	44.8667	495.318	73.3875	2.52574	0.8492043	8.272924	2.073715
2800	-2994.1	-2846.86	-147.243	0.000427695	0.000530904	0.000848858	0.00134238	0.4162322	3.64376	2.67346	0.830247	1.04839	10	10	10	10	10	10	10	10	10	10	31.1233	35.0122	44.0991	285.431	1.95088	148.454	127.289	7.78953	1.42665	0.576606	8.272924	0.7218659
2810	-2965.13	-2834.08	-131.047	0.000327682	0.000622477	0.000733509	0.00145135	0.1051883	1.98561	1.83019	1.38854	1.24352	10	10	10	10	10	10	10	10	10	10	33.8062	139.054	17.3192	71.3465	1.95211	178.078	27.9841	59.4571	0.940902	0.2086073	8.272924	0.5042405
2820	-2968.93	-2840.87	-128.057	0.000355929	0.000801803	0.000741008	0.00172095	0.3066077	3.07397	2.13292	4.16726	0.897399	10	10	10	10	10	10	10	10	10	10	5.83158	314.422	1.72573	7.19143	0.596182	93.6639	27.7751	115.203	0.983109	0.4186104	8.272924	0.7324415
2830	-2983.54	-2841.41	-142.129	0.000284413	0.000645078	0.000702647	0.0011375	0.3661274	1.71771	5.7242	2.39395	2.02323	10	10	10	10	10	10	10	10	10	10	93.6559	7.45206	36.6973	65.4465	1.80327	126.096	81.6823	375.157	1.65689	0.5640774	8.272924	0.6490729
2840	-2982.9	-2847.12	-135.774	0.000340997	0.000616845	0.00125372	0.0011928	0.07986845	1.16574	1.44597	2.52041	1.61919	10	10	10	10	10	10	10	10	10	10	72.6877	53.7667	7.96505	85.3622	1.60352	58.1741	8.19527	48.4542	1.46764	0.1715952	8.272924	0.465447
2850	-2982.21	-2846.72	-135.49	0.000262329	0.000568512	0.000661152	0.00122451	0.1807343	1.26879	1.86971	1.57956	0.954707	10	10	10	10	10	10	10	10	10	10	18.8149	37.3056	1.23479	216.236	1.93038	89.2455	107.891	4.89528	1.19105	0.4136849	8.272924	0.4368888
2860	-2985.05	-2846.07	-138.983	0.000360701	0.000585101	0.00092724	0.00097847	0.007676952	5.63145	3.69163	1.67353	1.40056	10	10	10	10	10	10	10	10	10	10	121.536	18.9522	15.5977	102.376	1.38082	20.5629	67.2474	53.5876	1.49461	0.01729938	8.272924	0.4437704
2870	-2980.78	-2842.43	-138.343	0.000313292	0.000694478	0.0010579	0.00134697	0.3294084	1.19695	1.85197	1.05763	0.962129	10	10	10	10	10	10	10	10	10	10	4.3144	54.1015	79.9035	89.1144	1.07418	16.6977	26.6934	292.283	2.65056	0.4538065	8.272924	0.7258786
2880	-2984.63	-2845.7	-138.931	0.000306373	0.000650868	0.00115009	0.000801791	0.1532408	2.79448	3.00725	1.24589	1.45604	10	10	10	10	10	10	10	10	10	10	27.9004	471.493	200.913	37.4888	0.489501	66.4288	23.9433	371.957	0.90189	0.2544187	8.272924	0.6023172
2890	-2968.99	-2850.55	-118.446	0.000215706	0.000863018	0.000763254	0.00132543	0.4961962	1.35347	4.30032	2.57772	0.921507	10	10	10	10	10	10	10	10	10	10	21.6656	15.3274	5.33093	289.99	0.597284	57.5581	114.194	26.8604	1.02512	0.6403792	8.272924	0.7748475
2900	-2972.38	-2841.9	-130.481	0.000307569	0.000633945	0.000820013	0.00117927	0.1500502	1.98062	5.51052	1.27387	2.11986	10	10	10	10	10	10	10	10	10	10	31.063	177.32	48.8066	83.2263	0.741024	59.5445	53.0639	113.408	1.77527	0.2693573	8.272924	0.5570674
2910	-2976.07	-2848.71	-127.358	0.000236776	0.000904911	0.000801515	0.00148609	0.1872087	1.23743	6.75327	3.27436	1.43312	10	10	10	10	10	10	10	10	10	10	157.986	19.1972	232.659	128.755	0.829507	31.4422	372.73	26.2172	1.10754	0.4729176	8.272924	0.3958591
2920	-2979.87	-2847.22	-132.653	0.000277909	0.000694577	0.00101538	0.00158526	0.1928924	1.96911	2.19873	1.61844	1.50385	10	10	10	10	10	10	10	10	10	10	318.365	123.613	17.3464	83.1737	0.507309	51.0498	56.0832	94.7279	1.48459	0.2840043	8.272924	0.6791882
2930	-2984.68	-2838.45	-146.236	0.000418905	0.000960018	0.000895555	0.00132743	0.1373168	1.67996	5.39364	1.36374	1.19519	10	10	10	10	10	10	10	10	10	10	51.7739	186.173	118.48	530.654	0.865007	123.182	197.065	134.04	1.80668	0.2864236	8.272924	0.4794185
2940	-2981.81	-2842.95	-138.866	0.000273297	0.000565633	0.000750134	0.00129413	0.4902554	1.22079	5.24223	3.17457	2.37417	10	10	10	10	10	10	10	10	10	10	247.855	75.1455	27.4761	169.806	2.22116	251.26	76.6095	59.0114	1.1721	0.5159069	8.272924	0.9502789
2950	-2979.48	-2851.11	-128.371	0.000348128	0.00117664	0.000949658	0.00147817	0.1057366	3.03444	1.47642	1.07083	1.70005	10	10	10	10	10	10	10	10	10	10	27.6898	47.1421	35.4214	212.063	0.900157	57.0081	140.151	45.7406	1.24623	0.1421101	8.272924	0.7440473
2960	-2991.9	-2851.85	-140.051	0.000293944	0.000637308	0.000673649	0.00145408	0.2176016	2.18265	3.26001	1.98135	0.928963	10	10	10	10	10	10	10	10	10	10	34.0277	97.4626	48.2735	18.0025	1.40432	33.3125	21.3319	382.559	1.59639	0.4464217	8.272924	0.4874351
2970	-3006.64	-2850.92	-155.714	0.000161332	0.000414511	0.000867934	0.00104127	0.08254037	1.63563	2.17628	3.56828	2.41048	10	10	10	10	10	10	10	10	10	10	71.8153	113.274	85.0447	9.12365	3.50528	6.3247	205.301	139.174	2.70563	0.1696451	8.272924	0.4865472
2980	-2992.88	-2836.89	-155.995	0.000326692	0.000628755	0.0013005	0.00141625	0.4398859	2.41728	3.19811	3.63292	1.67749	10	10	10	10	10	10	10	10	10	10	75.6471	233.481	134.578	104.811	0.958244	7.78103	200.967	94.3553	3.39041	0.5455981	8.272924	0.8062454
2990	-2990.22	-2842.19	-148.037	0.000541247	0.000923364	0.000769489	0.00107498	0.06019836	1.77295	1.83537	0.968278	1.84956	10	10	10	10	10	10	10	10	10	10	87.3927	100.772	53.6949	30.1379	0.983963	12.2726	37.6871	383.05	2.69886	0.1035679	8.272924	0.5812451
3000	-2998.51	-2846.32	-152.192	0.000326269	0.000870664	0.0010442	0.00109744	0.2148609	2.11222	8.439	1.9775	1.79243	10	10	10	10	10	10	10	10	10	10	438.646	59.4617	81.4395	442.193	1.41495	33.356	41.5987	65.0459	1.22929	0.5348113	8.272924	0.4017509
