Iteration	Posterior	Likelihood	Prior	clock_rate[1]	clock_rate[2]	clock_rate[3]	clock_rate[4]	extinction	kappa[1]	kappa[2]	kappa[3]	kappa[4]	Ne[1]	Ne[2]	Ne[3]	Ne[4]	Ne[5]	Ne[6]	Ne[7]	Ne[8]	Ne[9]	Ne[10]	Ne[11]	Ne[12]	Ne[13]	Ne[14]	Ne[15]	Ne[16]	Ne[17]	Ne[18]	Ne[19]	relativeExtinction	root	speciation
0	-22297.5	-22045.3	-252.191	0.454143	0.0105265	0.326185	1.32112	0.0803298	0.648527	0.650119	1.69784	1.61274	10	10	10	10	10	10	10	10	10	10	50.6328	92.7779	109.214	321.459	40.7118	109.705	68.9909	58.6212	65.484	0.09786675	8.272924	0.8208079
10	-3589.3	-3361.75	-227.546	0.00468319	0.00158694	0.00337301	0.0127556	1.000841	0.352192	2.62954	1.16628	13.9552	10	10	10	10	10	10	10	10	10	10	51.0061	82.5135	106	278.274	47.4381	109.042	60.2095	46.9162	50.6065	0.8935624	8.272924	1.120058
20	-3144.14	-2914.78	-229.363	0.00177259	0.000913882	0.000918238	0.00249762	0.3566023	4.14263	4.40852	1.04677	1.48594	10	10	10	10	10	10	10	10	10	10	46.1994	77.1753	86.8446	315.954	35.4352	95.0845	54.8643	37.7517	51.634	0.4229406	8.272924	0.8431498
30	-3104.86	-2855.2	-249.663	0.000138847	0.00030743	0.000329384	0.00171499	1.564517	3.15092	3.91036	3.40348	1.74435	10	10	10	10	10	10	10	10	10	10	39.6374	61.0158	88.0695	387.601	41.6385	92.2721	67.0679	37.2688	37.9602	0.9829805	8.272924	1.591605
40	-3080.34	-2840.79	-239.544	0.000151564	0.000430087	0.000450764	0.00058965	0.8970506	4.00341	6.63988	2.7309	1.89676	10	10	10	10	10	10	10	10	10	10	40.6344	78.4096	100.607	468.342	65.6452	73.4131	57.5681	43.2642	30.4737	0.7336141	8.272924	1.222783
50	-3085.12	-2848.31	-236.809	0.000117158	0.000191229	0.000490667	0.000498221	0.1551246	1.97813	6.80115	2.28487	1.35967	10	10	10	10	10	10	10	10	10	10	34.841	63.9959	87.9048	315.315	70.8246	65.5615	59.5725	36.734	21.7733	0.284441	8.272924	0.5453665
60	-3071.38	-2836.53	-234.846	0.000118804	0.000193804	0.000297201	0.000664953	0.01233947	1.51203	2.34942	1.91995	1.63863	10	10	10	10	10	10	10	10	10	10	26.1085	77.3477	96.7762	293.925	82.0703	63.575	53.3298	41.3818	17.5799	0.04052597	8.272924	0.3044829
70	-3059.77	-2844.44	-215.329	0.000198816	0.000576596	0.00070371	0.000918423	0.05160291	2.70803	5.25434	2.38659	2.26113	10	10	10	10	10	10	10	10	10	10	30.1614	72.6652	109.588	300.21	105.11	64.8496	53.859	35.8633	13.802	0.0862725	8.272924	0.5981386
80	-3060.84	-2844.93	-215.917	0.000152886	0.000288326	0.000445264	0.000761087	0.06785624	3.58135	5.0657	2.64405	1.75649	10	10	10	10	10	10	10	10	10	10	20.7556	92.2135	107.796	298.851	130.05	63.6609	66.3047	34.3851	11.0676	0.125832	8.272924	0.5392605
90	-3046.76	-2843.35	-203.404	0.000140382	0.000482695	0.00060065	0.00054443	0.01369779	1.87989	3.00461	4.21291	1.50618	10	10	10	10	10	10	10	10	10	10	21.1047	114.235	89.3476	224.295	111.946	81.1478	70.1973	43.4461	10.2232	0.03192623	8.272924	0.4290451
100	-3056.17	-2850.96	-205.205	0.000125976	0.000531936	0.000647317	0.000755873	0.2305108	1.71982	4.79472	1.38131	0.84247	10	10	10	10	10	10	10	10	10	10	18.9177	111.903	96.625	218.13	117.481	87.6511	87.5486	33.8711	9.07948	0.3757097	8.272924	0.6135343
110	-3052.89	-2845.34	-207.553	0.000150357	0.000399539	0.000744116	0.000934858	0.008202986	1.41596	5.05758	1.8052	1.96372	10	10	10	10	10	10	10	10	10	10	17.5438	105.463	107.503	193.704	154.31	75.4239	85.1767	22.5848	9.10434	0.01865156	8.272924	0.4398016
120	-3069.7	-2852.21	-217.487	0.00011324	0.00058901	0.000453877	0.000784249	0.3421479	3.03142	6.55936	4.21533	2.42927	10	10	10	10	10	10	10	10	10	10	19.6023	123.655	106.14	232.369	165.301	88.3892	96.535	22.9976	10.3355	0.4973848	8.272924	0.6878939
130	-3059.14	-2851.99	-207.15	0.000219722	0.000483348	0.000552571	0.000785405	0.1672702	3.57677	2.46975	3.18318	1.76268	10	10	10	10	10	10	10	10	10	10	17.89	91.328	91.223	200.49	206.632	78.1795	83.3344	15.5706	6.84849	0.3847429	8.272924	0.4347584
140	-3052.69	-2848.62	-204.068	0.00024934	0.000402061	0.000633635	0.000580937	0.7587127	3.50936	3.5084	1.01436	0.752084	10	10	10	10	10	10	10	10	10	10	16.2993	109.464	79.8338	162.229	205.305	88.2042	86.1855	14.8411	7.25811	0.8821761	8.272924	0.8600467
150	-3050.2	-2843.95	-206.249	0.000158413	0.000328464	0.000500805	0.00055868	0.392393	3.47822	1.56424	0.841723	2.47295	10	10	10	10	10	10	10	10	10	10	16.3366	103.265	96.7618	106.684	197.708	98.015	98.6137	16.0068	10.0244	0.5372977	8.272924	0.7303084
160	-3058.36	-2850.36	-208.003	0.000157883	0.00028595	0.00041126	0.000805404	0.01884718	4.43354	1.08307	2.25313	1.17778	10	10	10	10	10	10	10	10	10	10	20.394	84.5416	117.428	143.953	183.895	132.325	73.9412	12.845	9.84353	0.04264464	8.272924	0.4419589
170	-3053.73	-2847.41	-206.319	0.000126734	0.000509213	0.000577135	0.000663728	0.03158414	3.13443	2.37228	3.0128	1.02339	10	10	10	10	10	10	10	10	10	10	17.0838	73.9298	123.939	192.555	203.841	141.429	60.051	14.8096	11.394	0.08620219	8.272924	0.366396
180	-3060.29	-2854.77	-205.526	9.67079e-05	0.000409956	0.000694997	0.000725819	0.08694951	2.1886	1.6915	0.737321	1.58911	10	10	10	10	10	10	10	10	10	10	14.4336	74.9436	123.808	185.31	176.812	152.577	61.1904	15.677	9.29811	0.2911851	8.272924	0.2986057
190	-3055.78	-2851.64	-204.147	0.000212451	0.00022758	0.000412806	0.000927151	0.08918253	2.86622	2.13885	1.01921	2.45911	10	10	10	10	10	10	10	10	10	10	17.7323	71.4515	121.776	122.59	175.658	98.4837	45.6322	17.6776	8.0113	0.155096	8.272924	0.5750148
200	-3034.12	-2846.27	-187.843	0.000101299	0.000300456	0.000562836	0.00100235	0.03367112	1.15074	1.18953	1.35539	2.10425	10	10	10	10	10	10	10	10	10	10	19.7593	73.2784	120.292	150.555	174.021	86.606	38.5957	19.3881	7.19381	0.07083034	8.272924	0.4753771
210	-3046.1	-2836.98	-209.117	0.000115491	0.00040542	0.000503406	0.000789427	0.1733049	1.79777	4.38469	1.88497	1.48456	10	10	10	10	10	10	10	10	10	10	26.1812	161.066	136.095	82.9682	132.33	59.4932	41.6034	16.2964	9.30302	0.2344392	8.272924	0.7392316
220	-3034.13	-2840.12	-194.006	0.000160252	0.00022207	0.000419669	0.000792333	0.3028626	1.63896	2.17596	1.86434	1.32419	10	10	10	10	10	10	10	10	10	10	13.5101	108.421	180.756	122.837	79.4956	54.619	37.6428	18.9634	7.46539	0.6077392	8.272924	0.498343
230	-3039.26	-2842.44	-196.814	0.000156524	0.000285775	0.000482881	0.000640117	0.01640805	1.87781	3.51818	1.87587	1.44055	10	10	10	10	10	10	10	10	10	10	5.61896	114.36	271.691	154.762	96.4783	51.8442	48.2912	4.78272	6.90576	0.02296952	8.272924	0.7143399
240	-3040.41	-2843.63	-196.779	0.000113833	0.000494342	0.00027803	0.000634735	0.2257178	1.6019	3.81878	1.34246	2.11108	10	10	10	10	10	10	10	10	10	10	5.0586	106.042	294.236	90.3589	129.523	39.433	44.7165	4.38968	9.48816	0.5934831	8.272924	0.3803273
250	-3048.41	-2855.35	-193.064	0.000220398	0.000522114	0.000652989	0.000586397	0.1328708	1.8436	6.20049	1.39698	1.46055	10	10	10	10	10	10	10	10	10	10	5.56014	122.795	309.303	129.587	153.378	58.1273	70.2867	3.23403	7.53123	0.2571843	8.272924	0.5166365
260	-3040.14	-2840.85	-199.288	0.000152398	0.00040357	0.000621215	0.000873268	0.02804453	2.06982	10.7154	1.54361	1.2143	10	10	10	10	10	10	10	10	10	10	7.39008	229.683	266.692	81.7973	233.521	58.412	59.7661	2.73366	7.99621	0.1040831	8.272924	0.2694436
270	-3036.74	-2843.89	-192.85	0.000114004	0.000315986	0.000582814	0.000618336	0.02346599	1.37436	1.92981	1.23417	0.925223	10	10	10	10	10	10	10	10	10	10	7.92683	222.64	304.117	48.9657	157.898	48.4503	57.7377	4.18683	10.1639	0.06225051	8.272924	0.3769607
280	-3048.57	-2841.71	-206.86	0.000164534	0.000384857	0.000724824	0.000729844	0.1190038	1.10648	2.38862	1.08192	2.1582	10	10	10	10	10	10	10	10	10	10	10.144	219.587	251.175	60.1772	125.866	48.3326	49.7079	4.62406	7.18279	0.2615835	8.272924	0.4549363
290	-3046.19	-2847.34	-198.856	0.000194025	0.000334529	0.000576846	0.000931002	0.2077072	0.825039	1.06979	1.14182	2.12373	10	10	10	10	10	10	10	10	10	10	16.765	135.576	326.902	63.3409	63.7317	36.4318	62.9063	6.3856	8.20816	0.3788725	8.272924	0.5482245
300	-3045.29	-2844.32	-200.968	0.000111734	0.000422161	0.000471776	0.000798622	0.490883	1.03112	3.36769	1.62024	1.7469	10	10	10	10	10	10	10	10	10	10	18.2334	163.072	371.633	69.8463	116.303	36.5757	66.1841	3.5072	10.9842	0.7075214	8.272924	0.6938066
310	-3058.44	-2852.92	-205.523	0.000164034	0.000359569	0.00073197	0.000747471	0.5795996	3.46691	2.42064	2.49989	1.98059	10	10	10	10	10	10	10	10	10	10	19.5194	191.268	438.862	43.714	151.814	24.614	74.8203	4.93103	11.2247	0.6801302	8.272924	0.8521893
320	-3060.12	-2854.1	-206.015	0.000136965	0.000560048	0.000609094	0.000654539	0.1609741	2.75402	3.69493	3.90887	0.788021	10	10	10	10	10	10	10	10	10	10	13.7369	179.249	406.383	85.0879	198.662	44.466	74.9919	7.06004	10.3162	0.2928366	8.272924	0.5497062
330	-3068.98	-2857.5	-211.483	0.000114887	0.00036409	0.000656214	0.000709904	1.046331	1.24409	3.86547	2.09439	1.18776	10	10	10	10	10	10	10	10	10	10	19.1296	155.706	480.173	69.8336	222.637	106.201	57.9488	7.39892	12.7837	0.9579878	8.272924	1.092217
340	-3052.44	-2847.84	-204.608	0.000132922	0.000328813	0.00081842	0.000574657	0.1881084	1.69875	4.07903	1.76764	2.07408	10	10	10	10	10	10	10	10	10	10	18.0346	115.815	324.968	84.2325	206.769	109.436	93.029	13.2488	8.32363	0.3237537	8.272924	0.5810233
350	-3062.45	-2856.08	-206.368	9.26342e-05	0.000265054	0.000778583	0.000920522	0.3585837	1.84975	5.78573	1.94699	0.961045	10	10	10	10	10	10	10	10	10	10	24.8594	199.337	390.638	96.5604	193.753	75.3084	80.193	21.1696	8.3309	0.48134	8.272924	0.7449697
360	-3039.04	-2843.33	-195.703	0.000202217	0.000482855	0.00103874	0.000734746	0.300126	2.34927	4.9163	1.20618	1.46734	10	10	10	10	10	10	10	10	10	10	28.8078	281.755	383.072	127.743	228.525	62.1821	96.4267	20.2084	6.38485	0.4443104	8.272924	0.6754873
370	-3048.19	-2852.77	-195.412	0.00011088	0.000595566	0.000462104	0.000721265	0.1520557	1.28965	3.43035	1.6822	0.732663	10	10	10	10	10	10	10	10	10	10	24.9991	330.313	447.757	76.1037	164.481	33.8284	151.917	24.7156	8.21307	0.2482226	8.272924	0.6125781
380	-3053.89	-2844.09	-209.804	0.000272178	0.000440091	0.000431497	0.0007375	0.9409247	2.23088	3.71949	1.8726	1.18402	10	10	10	10	10	10	10	10	10	10	21.2449	335.692	475.456	92.1205	178.791	22.2313	105.916	25.5115	5.85611	0.7852648	8.272924	1.198226
390	-3052.08	-2848.83	-203.252	0.000180287	0.000392932	0.000590185	0.000701274	0.5968778	0.7241	4.36657	1.61381	0.8428	10	10	10	10	10	10	10	10	10	10	22.6155	285.129	237.368	115.077	123.324	28.4759	128.597	30.9771	6.2433	0.6975384	8.272924	0.8556917
400	-3048.98	-2843.18	-205.805	0.000132788	0.000478832	0.000905209	0.000854586	0.1241572	2.44019	3.87012	2.22855	1.3576	10	10	10	10	10	10	10	10	10	10	39.7366	390.239	306.395	155.054	149.611	29.3862	109.575	28.1633	9.52822	0.2112917	8.272924	0.5876104
410	-3048.78	-2841.21	-207.571	0.000184716	0.000376864	0.000604064	0.000760263	0.2756897	3.37035	1.61762	1.93281	1.5441	10	10	10	10	10	10	10	10	10	10	74.9086	297.503	213.041	181.768	66.9526	153.581	107.758	56.1493	6.017	0.4285944	8.272924	0.6432415
420	-3055.21	-2846.74	-208.467	0.000121828	0.000449434	0.000587824	0.000821078	0.3607417	1.18627	1.52858	1.18756	2.09803	10	10	10	10	10	10	10	10	10	10	96.4916	553.098	146.887	132.608	85.4158	59.3267	180.94	79.1539	10.223	0.3722389	8.272924	0.9691133
430	-3052.62	-2837.98	-214.64	0.000216568	0.000415864	0.000686147	0.000679698	0.02232484	2.50675	3.41347	2.11683	2.22581	10	10	10	10	10	10	10	10	10	10	123.054	298.174	103.719	90.8016	50.1065	62.5718	85.0082	63.1484	11.0936	0.06395266	8.272924	0.3490838
440	-3039.52	-2839.87	-199.647	0.00011883	0.00034058	0.000521748	0.000864194	0.1495739	1.31594	3.72522	2.26191	1.7806	10	10	10	10	10	10	10	10	10	10	44.1844	88.1683	87.4356	210.829	23.2686	159.946	10.3906	121.493	6.82992	0.3132007	8.272924	0.4775656
450	-3051.63	-2854.63	-196.999	6.43663e-05	0.000564364	0.000701864	0.000606755	0.06700039	3.41055	1.25007	2.56057	1.79289	10	10	10	10	10	10	10	10	10	10	52.2677	68.7257	202.744	234.314	11.0206	239.026	20.7679	114.119	6.33865	0.1562209	8.272924	0.4288824
460	-3061.09	-2846.86	-214.227	8.60285e-05	0.000339845	0.000569801	0.000490969	0.1083195	1.60073	1.40415	1.2917	1.48643	10	10	10	10	10	10	10	10	10	10	46.3869	65.9027	209.399	116.941	10.2364	125.824	58.1624	110.568	17.3984	0.2345384	8.272924	0.4618413
470	-3060.87	-2848.07	-212.796	0.000151217	0.00040169	0.000621812	0.000517513	0.1218094	0.712889	2.47279	1.58049	1.87902	10	10	10	10	10	10	10	10	10	10	30.2124	27.273	137.45	131.794	14.0759	162.506	55.815	133.499	14.4516	0.2313572	8.272924	0.5264992
480	-3054.86	-2845.57	-209.284	0.000120727	0.00048416	0.000516521	0.000578847	0.04700756	1.65489	3.34908	1.15205	2.01195	10	10	10	10	10	10	10	10	10	10	21.7682	59.9302	29.6146	116.821	6.57329	131.354	34.7706	176.534	10.4631	0.1112389	8.272924	0.4225821
490	-3060.22	-2848.58	-211.643	0.000147128	0.000389376	0.000533844	0.000590916	0.4391528	1.32292	2.98995	2.12028	1.89321	10	10	10	10	10	10	10	10	10	10	23.7665	122.275	49.9486	157.808	11.4342	235.714	99.7081	110.981	10.8231	0.5811985	8.272924	0.7555987
500	-3058.48	-2844.34	-214.145	0.000239458	0.000354753	0.000673145	0.000797467	0.2961782	3.21593	2.5576	0.94409	1.49876	10	10	10	10	10	10	10	10	10	10	43.2859	187.16	43.079	103.95	19.2248	108.451	280.076	89.2913	8.75526	0.6428102	8.272924	0.4607553
510	-3065.38	-2844.97	-220.41	0.000128739	0.000395309	0.000395001	0.000433613	0.217787	2.13627	1.06209	1.59865	1.0586	10	10	10	10	10	10	10	10	10	10	22.7917	121.621	25.966	167.694	9.80728	59.5349	190.257	54.0896	16.0008	0.3414112	8.272924	0.6379023
520	-3075.93	-2848.73	-227.195	9.27695e-05	0.00031406	0.000644671	0.000899126	1.254823	3.88059	2.30125	10.1362	1.0944	10	10	10	10	10	10	10	10	10	10	19.1404	124.252	36.4431	324.71	9.55511	68.3547	148.718	30.8276	18.989	0.7397288	8.272924	1.696328
530	-3062.76	-2846.7	-216.054	8.54747e-05	0.000177711	0.000813592	0.000695769	0.1815866	3.11636	1.38135	1.11795	2.01008	10	10	10	10	10	10	10	10	10	10	21.6746	73.3375	18.6641	221.325	4.96134	178.516	183.663	18.8252	14.5306	0.3587997	8.272924	0.5060946
540	-3052.92	-2844.25	-208.674	0.000182676	0.000437232	0.000386554	0.000630118	0.3748839	1.38401	1.82701	1.40753	1.2997	10	10	10	10	10	10	10	10	10	10	25.0491	99.1037	1.76774	337.911	3.59034	214.253	309.797	8.89225	17.2861	0.6378377	8.272924	0.5877419
550	-3047.65	-2842.04	-205.604	0.000221632	0.000408711	0.000638712	0.000829789	0.003262775	3.62845	3.85414	2.74523	2.45973	10	10	10	10	10	10	10	10	10	10	40.6149	158.217	13.2514	141.412	5.25161	220.921	172.643	8.44591	9.90175	0.0102749	8.272924	0.3175483
560	-3043.69	-2840.31	-203.385	0.000145862	0.000457687	0.000467991	0.000899328	0.5421388	3.27987	2.7082	0.949597	2.29826	10	10	10	10	10	10	10	10	10	10	36.7078	144.189	11.1088	82.1982	8.51227	159.54	206.229	10.7602	9.35358	0.650958	8.272924	0.8328322
570	-3040.96	-2844.17	-196.789	0.000205697	0.000446375	0.000346908	0.000841447	0.4815567	1.49502	2.34575	2.17057	2.42955	10	10	10	10	10	10	10	10	10	10	15.9624	116.508	6.22915	89.2701	20.1929	100.531	164.286	8.33349	9.28569	0.6826189	8.272924	0.7054547
580	-3025.41	-2839.35	-186.062	0.000104362	0.000567005	0.000476726	0.000710845	0.02052049	1.53992	1.48416	1.44457	1.31444	10	10	10	10	10	10	10	10	10	10	6.69507	133.624	5.89743	49.1814	11.9028	126.767	302.723	2.07874	6.95535	0.05313067	8.272924	0.3862268
590	-3009.28	-2839.4	-169.886	0.000133278	0.000660031	0.000622883	0.00112181	0.116442	2.01558	2.79282	1.19928	1.06245	10	10	10	10	10	10	10	10	10	10	5.94225	53.314	10.2842	30.4923	2.35076	70.8847	236.563	5.42755	3.48758	0.2028094	8.272924	0.5741449
600	-3020.77	-2845.8	-174.975	0.00016671	0.000343975	0.000404304	0.000892643	0.01084589	2.87893	4.04815	2.14824	1.73801	10	10	10	10	10	10	10	10	10	10	5.27745	71.3535	18.4915	18.104	2.11764	41.3868	194.875	6.74706	6.77705	0.02662261	8.272924	0.4073941
610	-3049.94	-2852	-197.942	0.000183533	0.000644873	0.000305193	0.000898363	0.4128151	1.09119	3.63287	0.760728	2.63256	10	10	10	10	10	10	10	10	10	10	55.988	122.82	10.9821	46.8021	2.32217	279.734	81.8146	93.332	11.3359	0.5159604	8.272924	0.8000908
620	-3038.49	-2843.6	-194.896	0.000220987	0.000589977	0.000618064	0.000834913	0.3535186	1.42824	2.75581	1.30435	1.7298	10	10	10	10	10	10	10	10	10	10	98.3895	28.2529	24.7785	33.8477	5.22069	73.7579	190.278	241.836	6.27371	0.4977756	8.272924	0.7101966
630	-3043.73	-2855.83	-187.903	0.00021195	0.000530537	0.000609151	0.000938317	0.1900307	1.76738	4.24943	2.6605	1.78444	10	10	10	10	10	10	10	10	10	10	91.6333	101.345	16.5754	64.0238	23.7059	34.512	42.4685	203.376	5.43244	0.3035033	8.272924	0.6261239
640	-3042.94	-2842.4	-200.549	0.000148195	0.000347896	0.000469695	0.000683136	0.1969407	3.51827	2.91279	1.49924	1.15913	10	10	10	10	10	10	10	10	10	10	95.3601	54.9562	19.4338	42.2685	1.55327	148.993	53.5829	57.8269	6.68101	0.3105702	8.272924	0.6341261
650	-3027.25	-2841.66	-185.587	0.00023172	0.000509785	0.000626996	0.000653753	0.5927838	1.23084	1.76301	1.91982	1.35162	10	10	10	10	10	10	10	10	10	10	101.471	76.9963	8.04332	144.61	1.95104	93.5275	10.0512	197.573	6.07314	0.5528011	8.272924	1.072327
660	-3051.8	-2847.21	-204.586	0.000179155	0.000452755	0.00039202	0.000550458	0.1327099	10.3114	2.72261	1.29926	1.50327	10	10	10	10	10	10	10	10	10	10	62.982	85.5423	38.5077	410.763	6.31581	61.818	3.18834	279.87	8.54222	0.2780955	8.272924	0.4772098
670	-3042.03	-2842.14	-199.893	0.000184497	0.000529103	0.000706533	0.000563662	0.217574	2.6401	1.76682	1.18073	1.69733	10	10	10	10	10	10	10	10	10	10	23.9759	409.179	7.06066	175.588	29.3191	115.911	2.80011	206.111	7.24057	0.4282565	8.272924	0.508046
680	-3037.44	-2847.82	-189.624	8.27094e-05	0.000487397	0.000580256	0.000572659	0.151182	3.60734	1.53983	1.34997	1.41744	10	10	10	10	10	10	10	10	10	10	55.4325	106.759	7.24032	115.87	70.0633	85.7776	47.7586	165.666	5.25145	0.2036323	8.272924	0.7424263
690	-3027.74	-2843.09	-184.648	0.000200007	0.000401171	0.000498233	0.000592095	0.1828444	1.42373	2.28706	1.35574	0.927512	10	10	10	10	10	10	10	10	10	10	217.798	123.885	4.6187	149.239	3.88981	53.2216	81.9391	187.946	5.30263	0.3414682	8.272924	0.5354655
700	-3038.27	-2848.35	-189.927	0.000198499	0.000949135	0.000362327	0.000700861	0.0423659	3.22467	2.74173	2.15992	1.20445	10	10	10	10	10	10	10	10	10	10	113.694	207.854	24.2823	156.86	11.2446	39.9754	51.0941	410.218	4.09636	0.1252651	8.272924	0.33821
710	-3040.2	-2844.86	-195.341	0.000166868	0.000360939	0.000472824	0.000578028	0.03038244	0.812955	5.37212	1.63736	2.3621	10	10	10	10	10	10	10	10	10	10	257.061	195.496	31.0419	107.207	18.3451	26.2135	49.7545	464.041	5.2493	0.0762828	8.272924	0.3982869
720	-3044.43	-2853.58	-190.851	0.000256479	0.000543313	0.00080119	0.00081257	0.08873553	1.96548	2.01319	1.14725	1.90123	10	10	10	10	10	10	10	10	10	10	59.7204	117.2	1.607	71.8753	3.92597	63.3726	279.708	55.9541	6.87924	0.255816	8.272924	0.3468725
730	-3045.71	-2855.6	-190.114	0.000229994	0.000601879	0.000898892	0.000978651	0.1323329	2.12113	5.68721	1.14932	2.93035	10	10	10	10	10	10	10	10	10	10	122.082	82.3038	18.7203	47.4839	15.6774	184.883	32.0087	41.3721	4.98987	0.191964	8.272924	0.6893631
740	-3042.9	-2847.38	-195.527	0.000295272	0.000382216	0.00081242	0.000921168	0.7789818	5.63474	2.20037	4.71268	2.49978	10	10	10	10	10	10	10	10	10	10	280.111	63.2786	90.3306	60.3577	115.294	338.713	12.7049	198.568	3.97109	0.7590084	8.272924	1.026315
750	-3036.13	-2846.2	-189.936	0.000175034	0.000390746	0.000775161	0.00113592	0.07299562	1.00651	2.2549	1.88989	1.06856	10	10	10	10	10	10	10	10	10	10	95.2783	40.9685	57.3362	56.7119	41.2028	455.291	10.2538	79.624	5.07384	0.1403012	8.272924	0.520278
760	-3027.86	-2853.12	-174.739	0.000124017	0.000445059	0.000788552	0.00116403	0.003249636	1.45226	3.18271	1.08826	0.959801	10	10	10	10	10	10	10	10	10	10	26.4118	49.9389	248.252	12.2938	26.349	197.103	3.83432	7.72587	4.69427	0.01115257	8.272924	0.2913799
770	-3001.53	-2840.53	-161	0.000204777	0.000473837	0.000562539	0.000850166	0.03764601	1.53246	2.17077	1.71294	1.77435	10	10	10	10	10	10	10	10	10	10	24.6547	110.641	52.8624	6.80846	69.0847	186.513	1.80584	12.3418	4.76559	0.08986957	8.272924	0.4188961
780	-3022.28	-2845.52	-176.762	0.000304911	0.000360405	0.00061747	0.000853009	0.008969373	0.561695	2.58306	2.86658	1.18974	10	10	10	10	10	10	10	10	10	10	21.3542	77.8598	21.9948	81.8507	44.6438	67.1305	3.17152	125.937	7.24834	0.03112541	8.272924	0.2881688
790	-3020.72	-2846.96	-173.765	0.000314972	0.000505223	0.000705259	0.00115725	0.438256	2.24055	4.27019	1.7276	2.32812	10	10	10	10	10	10	10	10	10	10	116.915	81.489	50.1765	85.2776	43.605	29.7849	1.91776	224.271	7.7107	0.5931475	8.272924	0.7388651
800	-3025.51	-2844.22	-181.291	0.000236295	0.000948498	0.000871772	0.00119559	0.1676119	3.17333	3.65464	1.37402	1.89998	10	10	10	10	10	10	10	10	10	10	48.2551	297.861	18.3422	465.497	24.3483	101.288	2.66502	160.541	5.52612	0.4437422	8.272924	0.3777235
810	-3012.54	-2838.08	-174.462	0.000141928	0.000463458	0.000521181	0.00100009	0.5293263	2.40172	2.20611	1.50516	1.37598	10	10	10	10	10	10	10	10	10	10	26.8571	319.924	188.616	173.489	3.38173	39.0403	1.25451	262.896	7.7809	0.6473953	8.272924	0.8176246
820	-3007.92	-2837.58	-170.332	0.000196918	0.000500349	0.000670583	0.00105114	0.04049129	2.4307	3.69002	3.59961	0.877359	10	10	10	10	10	10	10	10	10	10	49.9159	92.6346	65.9642	7.92308	45.6093	18.3142	2.56094	105.583	6.47528	0.06164158	8.272924	0.6568827
830	-3023.89	-2840.04	-183.845	0.000180163	0.000386185	0.000896031	0.000921617	0.695391	1.83509	2.83676	2.30527	1.00744	10	10	10	10	10	10	10	10	10	10	121.642	72.1136	162.421	15.5146	130.725	42.8446	4.06562	41.3346	11.4363	0.5740051	8.272924	1.211472
840	-3033.04	-2852.6	-180.435	0.000263164	0.000338637	0.000482625	0.000942425	0.04925767	4.72164	2.33434	2.05549	1.12879	10	10	10	10	10	10	10	10	10	10	8.17486	32.3557	108.837	88.47	188.965	144.786	4.64832	28.234	9.78869	0.09949588	8.272924	0.4950725
850	-3029.25	-2843.57	-185.678	0.000163718	0.000660251	0.000611053	0.00064352	0.2462519	3.97878	4.71433	2.88172	2.11044	10	10	10	10	10	10	10	10	10	10	61.8291	51.3194	326.995	118.342	40.9307	43.5746	3.96184	572.355	6.39157	0.3633623	8.272924	0.6777035
860	-3034.4	-2847.89	-186.503	0.000313986	0.000377409	0.000654165	0.000853067	0.3586732	3.27615	4.4931	1.64119	1.51571	10	10	10	10	10	10	10	10	10	10	192.417	50.1367	45.1583	190.274	11.1981	49.6649	4.92856	239.142	6.65512	0.5726692	8.272924	0.6263183
870	-3034.84	-2849.82	-185.026	0.000286901	0.000822062	0.000820048	0.000909613	0.7902115	1.87148	2.8339	1.95241	1.64604	10	10	10	10	10	10	10	10	10	10	17.8059	69.7489	24.6935	328.222	71.7569	115.771	9.56983	137.32	5.12385	0.7183744	8.272924	1.1
880	-3018.95	-2842.29	-176.656	0.000346282	0.000339895	0.000539966	0.000927307	0.04896175	1.13832	5.88057	1.1021	2.45894	10	10	10	10	10	10	10	10	10	10	71.6818	49.1126	143.07	99.1803	15.5631	4.19487	5.10958	57.8193	4.14169	0.09658835	8.272924	0.5069116
890	-3029.9	-2850.94	-178.963	0.000208632	0.000566168	0.000721482	0.000961632	0.1849541	4.28353	4.36219	1.86633	1.49972	10	10	10	10	10	10	10	10	10	10	36.7118	251.333	259.695	111.398	157.798	21.2355	3.13029	54.2628	3.76239	0.3515663	8.272924	0.5260859
900	-3017.42	-2856.51	-160.906	0.00030559	0.000721216	0.000411772	0.00104676	0.01600472	1.32187	1.72782	1.94411	1.37245	10	10	10	10	10	10	10	10	10	10	14.7388	144.09	57.5565	34.9307	89.1814	32.6821	1.17917	75.3882	5.036	0.02968183	8.272924	0.5392094
910	-3032.01	-2864.93	-167.074	0.000263242	0.000447504	0.0006987	0.000940106	0.03692511	3.59818	2.51221	0.787497	1.54053	10	10	10	10	10	10	10	10	10	10	13.1156	305.675	35.17	49.6458	40.5283	121.993	1.41393	33.4691	3.98555	0.09308809	8.272924	0.3966685
920	-3026.43	-2860.05	-166.374	0.000287281	0.000437796	0.00049239	0.000760009	0.002187023	2.64493	4.25081	1.85108	1.8496	10	10	10	10	10	10	10	10	10	10	32.6697	71.2802	97.0239	51.3352	26.5412	69.7993	1.53173	132.619	7.90048	0.006678472	8.272924	0.3274736
930	-2995.82	-2846.25	-149.567	0.000180963	0.000324326	0.000794821	0.000955412	0.01144079	1.61188	2.4675	1.39651	1.66123	10	10	10	10	10	10	10	10	10	10	97.6032	29.1794	36.7446	51.8663	43.837	212.432	0.797681	37.3822	5.98311	0.04280459	8.272924	0.2672796
940	-2995.13	-2848.97	-146.16	0.000208709	0.000213389	0.000623279	0.000940743	0.043053	1.51037	2.21641	4.72135	1.87522	10	10	10	10	10	10	10	10	10	10	82.9826	7.50573	17.6	95.1055	214.4	80.2535	0.305531	68.8137	3.30411	0.1056944	8.272924	0.4073349
950	-3017.82	-2841.53	-176.297	0.000100227	0.000405021	0.000767354	0.00078547	0.1359238	1.55547	3.86867	1.76177	1.63586	10	10	10	10	10	10	10	10	10	10	30.6247	10.653	25.0704	130.771	40.0245	176.55	0.769534	172.444	7.34443	0.26115	8.272924	0.5204818
960	-3019.6	-2852.31	-167.288	0.000147684	0.000395784	0.00106007	0.000933642	0.001635188	1.08513	2.65136	2.46794	1.38163	10	10	10	10	10	10	10	10	10	10	37.1538	180.425	20.0546	62.9988	59.9892	62.5622	0.758405	36.7124	8.63834	0.004850976	8.272924	0.3370843
970	-3017	-2851.33	-165.669	0.000262061	0.000390665	0.000468455	0.000801633	0.0169019	1.76919	3.74804	1.43537	1.41148	10	10	10	10	10	10	10	10	10	10	105.389	137.567	51.8021	27.0293	120.73	22.4694	1.32976	166.222	6.16657	0.06094174	8.272924	0.2773453
980	-3042.33	-2855.54	-186.787	0.000126187	0.000180308	0.000735473	0.000725827	0.1456892	2.66567	1.8713	2.09812	1.49538	10	10	10	10	10	10	10	10	10	10	254.832	110.511	86.4203	73.9715	79.285	187.313	1.6648	158.955	7.6798	0.2691168	8.272924	0.5413604
990	-3033.2	-2848.05	-185.152	0.000232746	0.000349047	0.000520808	0.000637676	0.1401567	1.51531	2.17088	1.0619	0.896678	10	10	10	10	10	10	10	10	10	10	98.8007	39.0333	68.6798	199.799	30.9894	131.627	1.24212	26.4795	5.68519	0.2297361	8.272924	0.610077
1000	-3022.97	-2854.06	-168.902	0.00016306	0.000256787	0.000885142	0.000808547	0.1635156	1.38043	4.21389	0.717058	1.44643	10	10	10	10	10	10	10	10	10	10	81.2149	742.928	19.0606	79.3068	17.9619	38.8768	0.505385	6.02902	6.26571	0.3398211	8.272924	0.4811816
1010	-3015.79	-2853.46	-162.331	0.000145572	0.00042963	0.000328205	0.000919052	0.03746832	1.40792	3.38325	2.7959	1.91006	10	10	10	10	10	10	10	10	10	10	88.2668	248.34	106.81	353.331	13.6552	104.797	0.213913	132.542	10.6984	0.06812391	8.272924	0.5500025
1020	-2999.62	-2848.56	-151.06	0.000203556	0.00036786	0.000513607	0.000772053	0.4726975	2.08497	3.10539	3.39314	2.35709	10	10	10	10	10	10	10	10	10	10	145.597	45.995	181.216	24.8844	21.0474	19.5425	0.277476	143.684	6.18039	0.6862039	8.272924	0.6888587
1030	-3008.47	-2855.88	-152.593	0.000200543	0.000398227	0.000998029	0.000912831	0.09503152	1.65313	5.11567	1.93222	1.2387	10	10	10	10	10	10	10	10	10	10	139.607	150.011	17.9904	210.033	148.374	7.40683	0.312318	21.736	4.88999	0.1699037	8.272924	0.5593256
1040	-3007.68	-2853.05	-154.632	0.000283968	0.000308127	0.000670199	0.000876343	0.09019823	1.29765	5.26707	1.82977	1.71737	10	10	10	10	10	10	10	10	10	10	65.1125	106.492	43.9094	105.243	34.4114	14.3785	0.409992	125.145	8.123	0.1987804	8.272924	0.4537582
1050	-3016.35	-2852.55	-163.8	0.000207548	0.000282768	0.000476348	0.000794158	0.008467414	1.55436	1.27323	2.31344	1.99051	10	10	10	10	10	10	10	10	10	10	66.5471	130.812	26.1395	114.674	144.994	95.8863	0.541565	433.106	11.0053	0.02738137	8.272924	0.30924
1060	-3019.74	-2845.88	-173.86	0.000205371	0.000530494	0.000660306	0.000777395	0.1488352	2.01763	3.67999	1.64964	2.49812	10	10	10	10	10	10	10	10	10	10	59.1525	256.294	42.4803	590.141	341.055	18.2441	1.34489	44.3816	9.85454	0.3052208	8.272924	0.4876312
1070	-3003.28	-2844.82	-158.451	0.000249541	0.000603978	0.000598968	0.000928126	0.0840251	2.84544	1.72039	2.72762	1.86783	10	10	10	10	10	10	10	10	10	10	380.762	40.5605	140.643	178.981	169.639	195.504	0.657562	18.1569	5.56045	0.1786394	8.272924	0.4703614
1080	-3029.98	-2852.68	-177.307	9.86205e-05	0.000328276	0.000554174	0.000670498	0.4587506	1.29268	3.86389	3.24593	3.37831	10	10	10	10	10	10	10	10	10	10	36.9156	281.811	42.3485	233.484	7.04027	83.6896	1.0564	248.799	7.32148	0.7093773	8.272924	0.6466948
1090	-3024.18	-2850.53	-173.647	0.000120537	0.000421817	0.000548667	0.000979768	0.2276169	1.50158	2.57226	2.20959	1.60902	10	10	10	10	10	10	10	10	10	10	19.9424	150.448	106.726	49.6701	42.9134	43.823	0.921616	71.9564	6.1677	0.4366087	8.272924	0.5213292
1100	-3043.17	-2856.59	-186.586	0.000185811	0.000540232	0.000843015	0.000985208	0.1951597	5.05957	6.51343	1.75317	1.54598	10	10	10	10	10	10	10	10	10	10	75.8644	67.3046	64.195	70.1636	137.691	7.38616	23.0297	18.6845	5.14302	0.3582967	8.272924	0.5446875
1110	-3035.62	-2847.53	-188.089	7.87859e-05	0.000359395	0.000567683	0.00109994	0.07780489	4.45641	7.44784	1.18439	1.65499	10	10	10	10	10	10	10	10	10	10	364.877	9.64927	291.749	7.89668	159.532	49.0305	54.0378	74.6001	4.62449	0.2284265	8.272924	0.3406124
1120	-3034.45	-2849.29	-185.159	0.000175529	0.000307307	0.00045376	0.000985159	0.1980889	3.05376	2.23663	2.63308	1.50228	10	10	10	10	10	10	10	10	10	10	39.8626	2.94469	84.3981	155.096	29.1726	49.4025	428.317	38.7994	5.91349	0.4640639	8.272924	0.4268569
1130	-3021.67	-2846.47	-175.2	0.000216207	0.000445733	0.000484547	0.00070572	0.1396955	3.15437	4.24397	2.36009	2.48816	10	10	10	10	10	10	10	10	10	10	75.1975	0.502909	341.571	143.36	67.3264	57.5492	140.189	303.752	6.88798	0.2522013	8.272924	0.553905
1140	-3018.1	-2858.09	-160.015	0.000203806	0.000548139	0.000553452	0.00107335	0.06852402	2.28246	2.06842	2.76402	1.88607	10	10	10	10	10	10	10	10	10	10	144.131	0.426764	25.5523	16.3092	21.8995	88.6125	178.602	192.731	4.731	0.1657279	8.272924	0.4134732
1150	-2996.45	-2844.78	-151.674	0.000244885	0.000429459	0.000501646	0.0010287	0.03636444	1.56047	2.39119	1.21228	1.1197	10	10	10	10	10	10	10	10	10	10	68.5315	0.270147	18.6854	201.226	4.27423	296.973	4.27001	47.7705	4.92566	0.07050463	8.272924	0.5157738
1160	-3027.11	-2853.51	-173.601	0.000200658	0.00048532	0.000854053	0.00105984	0.08779922	3.49551	2.5338	2.93394	1.90276	10	10	10	10	10	10	10	10	10	10	147.938	0.628688	173.909	184.628	67.1855	248.321	1.94915	11.8706	9.41956	0.1411385	8.272924	0.6220783
1170	-3003.24	-2842.38	-160.86	0.000239223	0.000369546	0.000888407	0.000970983	0.04014692	0.711676	1.33718	1.30165	1.51179	10	10	10	10	10	10	10	10	10	10	165.386	0.712058	69.5129	87.167	20.0646	208.986	28.7302	61.9669	5.94707	0.08739083	8.272924	0.4593951
1180	-2999.55	-2848.63	-150.923	0.000239366	0.000549145	0.000586381	0.00166984	0.2418649	2.25396	2.80151	2.17963	1.23945	10	10	10	10	10	10	10	10	10	10	13.9488	0.2799	105.323	234.266	135.278	338.125	68.6943	12.1398	2.86713	0.4509529	8.272924	0.5363418
1190	-3007.96	-2845.95	-162.015	0.000165206	0.000694765	0.00102063	0.00118174	0.181331	4.10593	2.24659	0.935411	1.08476	10	10	10	10	10	10	10	10	10	10	30.0152	0.637982	232.484	201.923	90.9061	40.2523	42.8948	15.1115	5.85384	0.3290675	8.272924	0.551045
1200	-3015.72	-2850.94	-164.784	0.000187907	0.000537082	0.000810028	0.000767517	0.07073103	4.11949	3.54939	1.55319	1.24222	10	10	10	10	10	10	10	10	10	10	193.031	0.387677	88.0792	7.90844	18.8752	62.6529	67.2896	102.333	4.90095	0.2042847	8.272924	0.3462374
1210	-3009.98	-2842.81	-167.172	0.000309354	0.000906408	0.000604042	0.00111781	0.09762113	2.0147	3.15977	0.984854	1.14258	10	10	10	10	10	10	10	10	10	10	22.1283	1.14721	78.3262	0.29461	240.921	10.2773	17.9256	210.672	6.77752	0.2361324	8.272924	0.4134169
1220	-3027.91	-2847.16	-180.748	0.000165647	0.000444449	0.000692663	0.00103133	0.2928336	1.18868	1.21392	1.14586	1.33892	10	10	10	10	10	10	10	10	10	10	17.3046	3.52531	148.21	139.124	64.3235	10.2443	206.159	104.597	5.17287	0.5896557	8.272924	0.496618
1230	-3043.6	-2840.08	-203.523	0.00016235	0.000421459	0.000628689	0.000805159	0.6051928	2.80448	3.44845	1.33609	1.95131	10	10	10	10	10	10	10	10	10	10	1.81441	4.80186	126.353	37.8201	417.898	8.27954	259.506	211.593	7.38905	0.5272119	8.272924	1.147912
1240	-3052.36	-2844.64	-207.726	0.000206551	0.000221199	0.000724309	0.000917239	0.7155504	2.1988	3.94652	0.75486	1.35876	10	10	10	10	10	10	10	10	10	10	90.9946	198.747	240.483	7.80327	101.745	13.5836	123.105	291.148	13.5113	0.6110418	8.272924	1.171033
1250	-3027.16	-2838.22	-188.934	0.000188576	0.000679054	0.000734349	0.00104222	0.851972	2.96619	2.09096	2.8291	1.21538	10	10	10	10	10	10	10	10	10	10	40.6688	71.3716	63.94	9.59425	47.0099	5.80339	157.005	250.217	7.12256	0.6941632	8.272924	1.227337
1260	-3028.97	-2851.46	-177.5	0.000210645	0.00052293	0.000446406	0.00128522	0.1393122	2.42838	2.66711	2.06671	1.24297	10	10	10	10	10	10	10	10	10	10	116.144	187.105	156.73	49.804	25.5433	7.22922	52.0826	130.901	5.61078	0.2081701	8.272924	0.6692229
1270	-3028.94	-2847.02	-181.923	0.000274573	0.000731779	0.000797368	0.00155125	0.6749967	1.73095	3.97719	1.81239	1.94041	10	10	10	10	10	10	10	10	10	10	209.659	72.6282	157.697	3.70864	49.0323	2.94065	363.42	40.9103	3.39494	0.5170634	8.272924	1.305443
1280	-2996.07	-2838.03	-158.043	0.000227242	0.000798898	0.000802888	0.000794181	0.07221035	1.04641	2.36248	2.69999	1.42245	10	10	10	10	10	10	10	10	10	10	32.5359	60.315	109.215	76.9635	100.821	2.81977	149.549	3.83254	4.68561	0.1609068	8.272924	0.4487712
1290	-3010.7	-2841.65	-169.049	0.000168019	0.00054244	0.00120327	0.00112501	0.336191	1.26648	2.87682	1.7023	1.40022	10	10	10	10	10	10	10	10	10	10	189.945	60.511	97.5319	166.111	26.9918	1.54569	83.7273	95.3781	6.12229	0.4565072	8.272924	0.736442
1300	-3023.77	-2849.37	-174.403	0.000119375	0.000693661	0.000494933	0.00103919	0.04231933	0.941848	5.06803	3.4604	2.01939	10	10	10	10	10	10	10	10	10	10	203.708	47.4019	76.6367	18.1402	12.9268	2.77863	30.7684	17.0363	6.59602	0.1181422	8.272924	0.3582069
1310	-3007.33	-2844.41	-162.922	0.000227326	0.000582322	0.000665734	0.000869261	0.5624042	2.94286	4.92279	0.936834	2.1204	10	10	10	10	10	10	10	10	10	10	8.46329	48.4749	24.9319	33.2494	35.0201	1.0644	295.603	192.005	4.74648	0.71661	8.272924	0.784812
1320	-3003.1	-2841.7	-161.408	0.000167738	0.000731789	0.00095554	0.000858241	0.04551449	2.05827	2.15811	1.14071	1.20437	10	10	10	10	10	10	10	10	10	10	4.093	109.849	13.7763	70.628	61.636	1.90525	158.841	194.732	3.2168	0.07913784	8.272924	0.5751293
1330	-2989.25	-2838.19	-151.056	0.000216625	0.000617598	0.000614227	0.00112635	0.2555867	2.98695	2.81827	0.91715	1.26397	10	10	10	10	10	10	10	10	10	10	90.4738	3.0279	60.5407	47.1898	149.741	0.744028	222.632	0.28985	2.8583	0.5571696	8.272924	0.4587233
1340	-3010.63	-2835.48	-175.151	0.000116221	0.000368275	0.00050017	0.00107487	0.3006621	1.90305	3.71203	2.38993	1.57557	10	10	10	10	10	10	10	10	10	10	76.1317	24.5631	81.6278	214.001	11.6601	4.64894	255.212	279.682	3.39002	0.4511973	8.272924	0.6663649
1350	-3019.5	-2833.04	-186.457	0.000176187	0.000680951	0.000523896	0.00100493	0.192222	3.4495	4.22583	2.36756	2.02884	10	10	10	10	10	10	10	10	10	10	197.353	167.219	149.599	208.524	11.7569	4.55834	46.3832	132.706	7.47152	0.3927718	8.272924	0.4893986
1360	-3019.61	-2836.96	-182.648	0.000289298	0.000671294	0.00101272	0.000675355	0.08793491	1.34582	3.30362	1.88157	1.02308	10	10	10	10	10	10	10	10	10	10	187.989	80.6111	44.4568	252.388	48.2225	5.69785	65.2236	46.2337	7.58081	0.1801805	8.272924	0.4880379
1370	-3029.68	-2845.47	-184.208	0.000121706	0.000544961	0.000677096	0.000810861	0.008768518	1.45169	1.78998	1.09658	1.08446	10	10	10	10	10	10	10	10	10	10	82.7533	109.551	10.1116	32.4772	44.6522	5.38738	155.885	119.502	7.78743	0.01233982	8.272924	0.7105872
1380	-3016.14	-2836.34	-179.796	0.000221505	0.000520139	0.000532892	0.00111873	0.4965697	2.93944	3.05657	1.03935	1.74413	10	10	10	10	10	10	10	10	10	10	10.6991	92.6527	5.93861	189.358	131.787	3.4675	93.0688	7.77004	10.4221	0.7111068	8.272924	0.6983055
1390	-3042.27	-2839.89	-202.379	0.000257977	0.000409286	0.000654497	0.00100219	0.5949947	0.734065	3.55782	2.2027	1.3794	10	10	10	10	10	10	10	10	10	10	153.398	52.6162	116.947	396.502	171.668	6.28778	118.476	7.47944	5.70729	0.9015822	8.272924	0.659945
1400	-3043.16	-2848.31	-194.844	0.000401258	0.000305776	0.000762335	0.00084197	0.2728462	2.52365	2.51164	1.62884	1.93355	10	10	10	10	10	10	10	10	10	10	95.6357	34.3103	124.757	196.575	395.377	4.56134	538.862	125.636	5.79289	0.4861062	8.272924	0.5612894
1410	-3033.93	-2852.03	-181.898	0.000219603	0.000550466	0.000733163	0.00101666	0.3018176	2.36337	2.0005	1.93256	1.98772	10	10	10	10	10	10	10	10	10	10	113.586	41.4813	154.852	44.1714	77.982	7.07011	179.425	36.316	6.03951	0.439257	8.272924	0.6871093
1420	-3013.01	-2837.45	-175.557	0.000158237	0.000485721	0.000838417	0.00102559	0.1320704	1.57274	4.35792	1.23542	1.80738	10	10	10	10	10	10	10	10	10	10	429.174	7.1452	55.1321	34.818	158.089	9.00598	204.194	28.4831	2.90807	0.2760028	8.272924	0.4785111
1430	-3016.62	-2837.86	-178.759	0.000197607	0.00059151	0.000438029	0.00112594	0.07616319	1.11779	4.34228	1.48948	1.13019	10	10	10	10	10	10	10	10	10	10	279.024	46.5637	79.6763	20.5948	71.3131	4.13279	140.552	74.885	6.35464	0.1467385	8.272924	0.5190402
1440	-3027.74	-2838.58	-189.16	0.000240153	0.000495083	0.000543312	0.000732245	0.2254235	1.99877	5.93698	1.35453	0.874878	10	10	10	10	10	10	10	10	10	10	137.872	136.982	224.03	123.576	335.244	7.02794	11.7205	53.237	7.14062	0.4739914	8.272924	0.4755856
1450	-3007.97	-2837.4	-170.569	0.000190632	0.000545652	0.000655954	0.000842906	0.009510681	1.78324	0.972158	1.71015	2.40081	10	10	10	10	10	10	10	10	10	10	28.0424	111.233	161.508	76.5957	20.5572	3.83988	70.4475	122.635	6.54936	0.0215253	8.272924	0.4418373
1460	-3024.71	-2841.72	-182.99	0.000177464	0.00057951	0.000520454	0.000942365	0.1576131	2.05002	1.22516	2.2446	1.16139	10	10	10	10	10	10	10	10	10	10	134.856	133.752	442.645	70.6491	223.739	3.46876	90.1792	78.7064	5.45318	0.2425789	8.272924	0.6497396
1470	-3026.2	-2847.72	-178.477	0.000173302	0.000510095	0.000608171	0.00102553	0.3989174	2.35651	2.86498	1.10745	1.01256	10	10	10	10	10	10	10	10	10	10	7.15007	25.8818	221.555	29.4608	248.439	4.95178	5.32045	117.637	3.76573	0.4887257	8.272924	0.8162398
1480	-3001.36	-2834.1	-167.268	0.000214199	0.000767096	0.000913067	0.0010917	0.4394036	1.43846	5.88145	1.66848	0.815124	10	10	10	10	10	10	10	10	10	10	109.589	59.5609	40.8619	168.607	143.17	4.1782	182.547	29.4404	4.66112	0.5730263	8.272924	0.7668122
1490	-3012.24	-2849.55	-162.693	0.00024907	0.000712763	0.000877647	0.00116259	0.6188205	2.14598	2.30697	2.40484	1.53235	10	10	10	10	10	10	10	10	10	10	21.8361	87.7708	90.9963	1.86371	52.7111	2.81681	23.1074	19.0025	2.96374	0.8472906	8.272924	0.7303521
1500	-3010.12	-2848.5	-161.618	0.000161455	0.000712256	0.00068039	0.000884795	0.04478385	1.21983	3.15328	1.50445	1.47231	10	10	10	10	10	10	10	10	10	10	18.3668	172.805	113.227	127.066	12.7818	3.48191	126.444	41.5194	5.08885	0.09153526	8.272924	0.4892524
1510	-3010.14	-2837.37	-172.764	0.00026823	0.000565409	0.000817522	0.00105532	0.1083552	1.26128	1.01813	3.81267	1.64883	10	10	10	10	10	10	10	10	10	10	7.67006	35.598	15.6649	7.79233	3.51597	17.686	64.595	153.818	3.23441	0.2819488	8.272924	0.384308
1520	-3025.65	-2854.33	-171.32	0.000206424	0.000661234	0.000713393	0.000601541	0.05584722	1.65642	1.73301	1.15691	1.491	10	10	10	10	10	10	10	10	10	10	46.817	25.5845	203.322	101.973	19.6912	4.42761	16.6629	113.243	3.35822	0.1244799	8.272924	0.4486444
1530	-3026.8	-2850.15	-176.649	0.000222454	0.00083882	0.000798845	0.000843335	0.5163336	3.19813	5.85688	0.879358	1.6095	10	10	10	10	10	10	10	10	10	10	27.8822	469.516	218.29	10.7343	227.386	3.29883	246.177	109.098	5.18044	0.5346526	8.272924	0.9657367
1540	-3014.46	-2845.11	-169.345	0.000383067	0.000317495	0.000657368	0.0010164	0.699961	0.867088	1.86653	1.62736	1.23682	10	10	10	10	10	10	10	10	10	10	191.903	315.278	108.392	40.4358	17.4784	3.15979	168.029	9.41264	3.29528	0.6792079	8.272924	1.030555
1550	-2997.9	-2838.11	-159.799	0.000357028	0.000641669	0.000623166	0.00104739	0.6917483	4.33717	2.19771	1.46891	1.44493	10	10	10	10	10	10	10	10	10	10	242.821	595.116	24.8414	39.4631	58.575	1.10999	7.36165	313.76	3.43127	0.6243907	8.272924	1.107877
1560	-3002.7	-2842.14	-160.554	0.000167904	0.000576062	0.000880306	0.00132376	0.06994332	1.49987	3.85274	2.61821	0.90713	10	10	10	10	10	10	10	10	10	10	132.516	275.589	122.467	53.5211	62.2359	3.25248	36.0302	54.8409	3.16786	0.13556	8.272924	0.5159583
1570	-3023.24	-2841.48	-181.758	0.000259254	0.000563934	0.000706336	0.000850723	0.005739917	2.87289	5.12924	2.06923	2.29299	10	10	10	10	10	10	10	10	10	10	127.212	66.3007	54.0154	70.4938	281.297	5.67112	35.9471	28.7618	7.18599	0.008669809	8.272924	0.6620581
1580	-3009.19	-2834.97	-174.213	0.000279766	0.000576658	0.000801133	0.000778312	0.04687428	2.47095	2.98554	1.56549	1.61186	10	10	10	10	10	10	10	10	10	10	113.354	66.9541	18.6042	43.3994	33.0989	7.84653	124.762	10.4741	2.04293	0.08859561	8.272924	0.5290813
1590	-3008.01	-2837.91	-170.097	0.000222094	0.000767895	0.000702847	0.000829896	0.186423	2.76567	3.61256	2.85217	1.63726	10	10	10	10	10	10	10	10	10	10	29.5389	57.2142	35.634	37.2175	100.614	3.47009	56.7821	161.392	4.4988	0.3740331	8.272924	0.498413
1600	-3006.73	-2840.58	-166.143	0.000345937	0.000546554	0.000722867	0.000687753	0.9977841	1.34044	2.78807	1.97747	2.01517	10	10	10	10	10	10	10	10	10	10	466.849	169.155	159.069	166.332	30.0598	2.04717	27.155	21.1419	5.46706	0.7800759	8.272924	1.279086
1610	-3025.96	-2845.41	-180.55	0.00043873	0.000224363	0.000564063	0.000816282	0.5928545	4.22208	1.92255	2.17533	0.973935	10	10	10	10	10	10	10	10	10	10	12.5467	17.4413	308.007	187.737	248.817	7.05695	238.947	35.8176	2.66974	0.6899971	8.272924	0.859213
1620	-3003.02	-2836.22	-166.807	0.000334367	0.000770338	0.000853474	0.000796669	0.1927264	1.36728	1.68647	2.12711	1.27543	10	10	10	10	10	10	10	10	10	10	102.519	10.6887	21.8984	23.2891	56.0432	2.74488	18.7692	44.0611	4.21104	0.3203478	8.272924	0.6016161
1630	-3015.33	-2840.67	-174.661	0.000413666	0.000330019	0.000646707	0.000888429	0.5778724	3.18329	2.59433	2.80514	1.95413	10	10	10	10	10	10	10	10	10	10	177.684	39.6455	19.9473	164.873	209.859	4.55363	12.028	106.536	4.46243	0.8398325	8.272924	0.6880806
1640	-3007.78	-2838.05	-169.732	0.000339108	0.000547584	0.000798396	0.000848915	0.1121394	1.56215	2.91158	1.53401	1.31961	10	10	10	10	10	10	10	10	10	10	3.83186	76.2663	62.2947	23.3246	142.308	3.70113	157.297	38.1725	4.27823	0.1801087	8.272924	0.6226206
1650	-3013.31	-2842.19	-171.117	0.000413504	0.000644057	0.000716431	0.00108567	0.2069751	2.56428	1.71272	1.38206	1.18269	10	10	10	10	10	10	10	10	10	10	120.443	27.7887	157.515	93.6199	114.715	3.21713	151.988	140.081	4.02956	0.2676718	8.272924	0.7732423
1660	-3019.31	-2835.97	-183.337	0.000263249	0.000730158	0.000514076	0.000828842	0.3029019	1.00574	4.25845	1.79585	1.05691	10	10	10	10	10	10	10	10	10	10	110.214	20.0642	169.783	167.746	252.34	12.1134	65.403	158.264	3.39449	0.4210808	8.272924	0.7193438
1670	-3024.21	-2842.03	-182.188	0.000379511	0.000396393	0.000471965	0.00111633	0.1474571	2.83654	2.53222	1.74694	1.1746	10	10	10	10	10	10	10	10	10	10	69.8839	56.2789	245.109	384.382	73.4085	7.18948	116.355	27.3429	5.10485	0.2897339	8.272924	0.5089399
1680	-3022.15	-2841.71	-180.441	0.000211419	0.000346907	0.0006488	0.000894718	0.04025189	3.09417	2.75895	4.33465	0.942706	10	10	10	10	10	10	10	10	10	10	13.9194	169.601	127.898	15.3916	12.2788	6.0622	84.7188	26.6339	4.93343	0.09271157	8.272924	0.4341625
1690	-3031.95	-2846.04	-185.912	0.000199281	0.000530697	0.000963087	0.000716356	0.1845659	2.29173	2.06967	0.717023	1.03837	10	10	10	10	10	10	10	10	10	10	249.194	41.222	148.961	36.3743	32.9068	5.81588	109.732	182.161	3.78838	0.3002096	8.272924	0.6147902
1700	-3013.89	-2846.98	-166.916	0.000220976	0.000616213	0.000736219	0.000547778	0.3919827	1.59364	2.7396	1.62042	1.99425	10	10	10	10	10	10	10	10	10	10	181.579	118.459	254.994	35.9692	151.965	2.19972	256.377	102.951	5.31368	0.4954458	8.272924	0.7911716
1710	-3024.08	-2840.52	-183.558	0.000178597	0.000518522	0.000550251	0.00065102	0.2843291	5.64477	3.86122	0.930796	2.22757	10	10	10	10	10	10	10	10	10	10	143.238	70.1725	111.347	337.984	14.5958	1.96695	11.8574	22.1443	9.79749	0.495439	8.272924	0.5738934
1720	-3005.36	-2840.7	-164.661	0.000257236	0.000716031	0.000652801	0.000785827	0.4202145	1.89648	2.57261	1.45163	0.999343	10	10	10	10	10	10	10	10	10	10	73.4641	29.3271	589.803	107.369	12.2088	2.91737	119.755	19.7482	5.08139	0.5414052	8.272924	0.7761553
1730	-3027.09	-2842.64	-184.447	0.000214575	0.000544263	0.000333576	0.000857508	0.2085028	4.72027	7.28985	0.843062	1.20208	10	10	10	10	10	10	10	10	10	10	25.6355	14.2857	15.6243	107.471	62.2156	3.06956	19.3883	120.81	6.43923	0.3984299	8.272924	0.5233111
1740	-3025.95	-2839.41	-186.534	9.4635e-05	0.000573118	0.000578785	0.000951213	0.3011574	2.85254	4.87184	1.50913	0.887903	10	10	10	10	10	10	10	10	10	10	49.8645	42.9981	119.071	80.3346	42.4478	6.51349	88.6716	48.3664	6.097	0.4705665	8.272924	0.639989
1750	-3011.89	-2836.2	-175.686	7.894e-05	0.000499232	0.00072855	0.00113375	0.2112539	2.4857	3.38907	1.26294	1.774	10	10	10	10	10	10	10	10	10	10	65.9405	40.357	35.2031	245.314	48.5772	1.86461	114.114	300.877	9.53867	0.4052076	8.272924	0.5213474
1760	-3026.43	-2842.32	-184.111	0.000165756	0.000684442	0.000381365	0.000760513	0.0274401	9.58672	9.50538	2.19465	1.12232	10	10	10	10	10	10	10	10	10	10	56.5829	95.6292	8.12298	53.4467	137.28	1.3976	28.6469	76.5002	5.64695	0.05737933	8.272924	0.4782228
1770	-3031.31	-2862.3	-169.004	0.000208654	0.000671297	0.000576043	0.00087372	0.1199816	0.7699	2.10472	3.38724	1.41732	10	10	10	10	10	10	10	10	10	10	9.92581	114.698	44.5981	74.0648	3.46378	2.36811	99.9006	95.0441	5.93621	0.2139492	8.272924	0.5607948
1780	-3034.24	-2843.47	-190.772	0.000331712	0.000521564	0.000505274	0.000779014	0.06052148	1.23401	2.63958	2.69586	1.88845	10	10	10	10	10	10	10	10	10	10	27.8765	50.9959	135.115	57.9282	265.867	16.1974	24.1777	11.2361	7.10574	0.1227971	8.272924	0.4928576
1790	-3029.76	-2844.9	-184.856	0.00025629	0.000704324	0.000572709	0.000992989	0.1681359	5.8232	2.78143	2.11713	2.51027	10	10	10	10	10	10	10	10	10	10	10.7161	205.94	29.0239	249.385	135.507	12.8643	39.2195	14.5189	3.17789	0.3222892	8.272924	0.5216927
1800	-3026.69	-2837.97	-188.72	0.000294763	0.000553711	0.000610626	0.00108135	0.2672814	1.88281	3.16384	3.93242	1.31322	10	10	10	10	10	10	10	10	10	10	105.229	22.7491	26.3671	17.0136	255.641	6.7343	212.481	104.88	8.7395	0.4076235	8.272924	0.6557065
1810	-3024.73	-2840.7	-184.033	0.000283962	0.000606028	0.000476627	0.000838355	1.09524	2.07734	2.57721	2.75516	2.18381	10	10	10	10	10	10	10	10	10	10	38.7783	247.616	41.863	110.229	5.87374	5.67561	281.699	124.758	4.89063	0.7598429	8.272924	1.441403
1820	-3024.55	-2840.61	-183.94	0.000227708	0.000885178	0.00068564	0.00104867	0.03180554	2.14975	5.64731	2.20206	2.066	10	10	10	10	10	10	10	10	10	10	231.168	36.7955	13.2454	32.4864	199.926	4.90494	73.4221	97.7871	6.43488	0.0754264	8.272924	0.4216766
1830	-3022.51	-2840.6	-181.911	0.000190416	0.000892362	0.000608203	0.000946416	0.8785233	2.17931	2.68427	1.75188	1.59564	10	10	10	10	10	10	10	10	10	10	109.321	81.3007	13.5582	156.89	25.9992	4.86249	316.748	310.681	5.43562	0.8969407	8.272924	0.9794665
1840	-3027.99	-2849.34	-178.658	0.000305443	0.000581616	0.00103241	0.000756351	0.6383646	1.46377	3.1758	1.69013	1.90415	10	10	10	10	10	10	10	10	10	10	312.688	144.136	42.3963	57.9611	55.5413	3.09022	109.546	153.347	6.66578	0.7043634	8.272924	0.9063
1850	-3002.63	-2834.27	-168.358	0.000231464	0.000436936	0.000614911	0.000756997	0.1554013	0.677068	5.19625	1.33637	1.49176	10	10	10	10	10	10	10	10	10	10	76.1216	247.77	212.719	44.6509	350.868	6.06705	274.822	0.0832071	3.93222	0.2253362	8.272924	0.6896421
1860	-3033.43	-2845.5	-187.928	0.000225242	0.000462331	0.000620311	0.000773114	0.1284228	4.41738	1.72565	3.60297	0.766552	10	10	10	10	10	10	10	10	10	10	51.6581	53.7216	95.1621	64.5236	17.2744	8.82295	148.152	66.0753	4.85114	0.2971872	8.272924	0.4321278
1870	-3023.7	-2839.91	-183.793	0.000199488	0.000308387	0.000566232	0.000822378	0.1224927	1.94634	5.12881	1.75806	2.56393	10	10	10	10	10	10	10	10	10	10	20.5631	21.5953	225.377	82.2945	327.279	4.19954	5.75356	90.2384	5.91641	0.2512578	8.272924	0.487518
1880	-3019.59	-2835.85	-183.734	0.000203915	0.000637464	0.00075615	0.00104566	1.030856	2.2897	1.91104	2.05237	1.23995	10	10	10	10	10	10	10	10	10	10	161.182	59.1116	183.688	340.975	124.596	2.78421	31.0712	211.368	4.9833	0.8318175	8.272924	1.239282
1890	-3028.8	-2843.63	-185.165	0.00024523	0.000518241	0.000678413	0.000929352	0.1084926	4.26034	4.4738	2.08841	0.957953	10	10	10	10	10	10	10	10	10	10	271.499	28.8669	42.7303	281.121	154.103	8.88483	79.2904	14.0824	3.07638	0.219568	8.272924	0.4941185
1900	-3023.19	-2836.63	-186.569	0.000202272	0.000627789	0.000705465	0.000826631	0.4327805	1.57027	3.30946	3.09716	2.61781	10	10	10	10	10	10	10	10	10	10	69.6485	67.0857	33.1559	57.4344	57.6455	14.77	23.4854	100.73	2.70716	0.4765561	8.272924	0.9081418
1910	-3034.21	-2849.56	-184.65	0.000353238	0.000635528	0.000799939	0.00108769	0.003445644	3.86745	5.82184	0.471754	1.69234	10	10	10	10	10	10	10	10	10	10	85.6699	99.525	41.2059	265.826	276.938	6.42303	34.7192	32.5435	3.69532	0.007662633	8.272924	0.4496685
1920	-3041.79	-2852.74	-189.047	0.000177313	0.000308881	0.000720176	0.00114719	0.2334778	2.58447	1.92145	1.04731	1.28699	10	10	10	10	10	10	10	10	10	10	41.8835	342.683	121.052	58.6067	15.9852	8.65845	15.2646	182.814	5.05945	0.3517157	8.272924	0.6638252
1930	-3031.53	-2844.49	-187.039	0.000105075	0.000479597	0.00100223	0.000846596	0.5693354	2.01147	2.28947	1.43141	1.23802	10	10	10	10	10	10	10	10	10	10	166.598	45.3057	17.3633	5.02916	167.132	4.71342	178.125	115.035	10.9054	0.725999	8.272924	0.7842097
1940	-3039.62	-2846.05	-193.57	0.000280677	0.000411452	0.00075146	0.000809067	0.07193268	0.922295	1.764	2.10507	1.12368	10	10	10	10	10	10	10	10	10	10	18.1509	140.342	18.7408	54.9517	65.696	171.641	60.3687	17.422	3.96389	0.1705079	8.272924	0.421873
1950	-3053	-2849.28	-203.721	0.000302153	0.000380354	0.000793006	0.000850232	0.02767585	0.673118	1.63221	1.55366	1.40947	10	10	10	10	10	10	10	10	10	10	91.7815	141.445	11.3227	175.144	418.325	149.551	217.347	30.3702	9.19919	0.06032772	8.272924	0.4587585
1960	-3028.54	-2845.51	-183.03	0.000346903	0.000270749	0.000885522	0.000619198	0.01914871	2.00157	4.12061	1.5852	1.40653	10	10	10	10	10	10	10	10	10	10	3.13744	45.3246	128.604	102.864	20.5906	73.751	11.0322	79.109	5.82212	0.04414985	8.272924	0.4337209
1970	-3055.74	-2849.71	-206.031	0.00027319	0.00058168	0.000590619	0.000510945	0.8053239	2.1737	5.29373	2.83232	1.20684	10	10	10	10	10	10	10	10	10	10	5.04992	146.353	373.527	104.317	26.1642	44.1116	42.507	293.926	9.83508	0.7639234	8.272924	1.054195
1980	-3036.91	-2845.03	-191.878	0.000192367	0.000433159	0.00080161	0.000825117	0.8569641	3.16251	1.478	2.1106	1.89253	10	10	10	10	10	10	10	10	10	10	12.1352	68.0855	9.55587	23.6353	4.29849	296.87	56.3478	454.614	5.36526	0.6965872	8.272924	1.230232
1990	-3018.68	-2845.25	-173.432	0.00025981	0.000481595	0.000672533	0.000851646	0.06488834	3.34193	1.85029	2.19021	0.598578	10	10	10	10	10	10	10	10	10	10	110.544	44.7302	5.24547	35.9377	5.54249	21.8814	33.8731	26.9664	3.6892	0.1399287	8.272924	0.4637244
2000	-3035.74	-2849.74	-186.001	0.000297964	0.000501455	0.000346851	0.000639691	0.05686488	1.53391	4.05	2.72267	1.23735	10	10	10	10	10	10	10	10	10	10	130.795	58.8272	42.6974	89.2756	6.19904	65.4339	41.0738	21.0956	2.15119	0.1462097	8.272924	0.3889269
2010	-3028.27	-2847.79	-180.486	0.000159154	0.000480751	0.000399312	0.000755036	0.3544295	1.28996	2.97659	3.59016	1.21211	10	10	10	10	10	10	10	10	10	10	20.4672	32.8516	46.8051	136.913	55.9096	12.7052	151.691	74.8752	2.86616	0.4298203	8.272924	0.8245991
2020	-3034.27	-2847.63	-186.643	0.000328373	0.000470639	0.000575835	0.00059226	0.12968	3.03676	5.38982	2.45508	1.17651	10	10	10	10	10	10	10	10	10	10	8.37402	34.5824	116.936	41.2289	30.3722	47.0319	49.4757	146.218	2.78858	0.1690084	8.272924	0.7672992
2030	-3026.59	-2847.15	-179.436	0.000192	0.000319048	0.000745579	0.000691816	0.05379282	0.947561	2.88924	2.6811	0.803975	10	10	10	10	10	10	10	10	10	10	12.6814	45.2617	59.9076	136.587	105.085	102.813	117.516	34.8975	2.61466	0.1090363	8.272924	0.4933477
2040	-3045.59	-2850.66	-194.934	0.000283049	0.000343508	0.000599283	0.000956719	0.06747117	2.73023	3.28073	1.34906	1.70087	10	10	10	10	10	10	10	10	10	10	63.255	35.1868	45.8542	15.8509	192.141	60.2882	138.379	39.3171	5.28189	0.09344724	8.272924	0.7220242
2050	-3037.83	-2842.99	-194.841	0.000184253	0.000315056	0.000889312	0.00070678	0.0623437	2.57068	1.77124	1.09045	2.20699	10	10	10	10	10	10	10	10	10	10	37.3692	17.1744	34.2158	129.352	70.6667	54.2568	196.531	13.0563	6.13462	0.1326172	8.272924	0.4701028
2060	-3035.57	-2845.54	-190.025	0.000134304	0.000678236	0.000722909	0.000658608	0.04564979	2.75349	2.76038	2.19205	1.51374	10	10	10	10	10	10	10	10	10	10	33.1722	77.8258	46.4539	90.9939	146.336	139.371	23.4421	175.833	6.76333	0.1255927	8.272924	0.3634749
2070	-3051.27	-2855.03	-196.248	0.000287673	0.000515677	0.000412972	0.000466835	0.005398361	1.49567	2.32025	0.53945	1.83525	10	10	10	10	10	10	10	10	10	10	87.4443	9.08409	27.0007	25.401	26.5629	284.901	138.259	43.0222	8.07626	0.01291888	8.272924	0.417866
2080	-3038.23	-2846.17	-192.066	0.000343956	0.000417049	0.000466244	0.00073402	0.001425048	4.47078	6.22008	2.3946	1.52656	10	10	10	10	10	10	10	10	10	10	86.6568	12.4148	6.01152	36.6711	117.522	77.5097	642.912	145.85	4.05581	0.002851505	8.272924	0.4997529
2090	-3028.78	-2846.55	-182.234	0.000187771	0.000512973	0.000947217	0.000829009	0.445049	1.01794	2.73814	0.937387	1.80477	10	10	10	10	10	10	10	10	10	10	59.3324	1.6181	49.7968	105.282	476.24	327.021	50.6086	220.617	4.73935	0.5288277	8.272924	0.8415765
2100	-3024.03	-2851.42	-172.615	0.000243106	0.000415804	0.00117667	0.000705585	0.2859841	2.7569	6.19609	0.554602	2.05269	10	10	10	10	10	10	10	10	10	10	183.203	1.63953	48.7123	277.972	101.358	79.2046	63.7519	365.802	4.15625	0.4595928	8.272924	0.6222554
2110	-3025.07	-2846.94	-178.136	0.000141773	0.000385467	0.000780177	0.000826831	0.1458259	1.28341	3.7561	2.28501	1.58126	10	10	10	10	10	10	10	10	10	10	75.7993	2.37207	97.9753	28.9181	5.50228	172.259	209.439	21.1506	4.48577	0.2490977	8.272924	0.5854168
2120	-3027.53	-2840.09	-187.439	0.000226213	0.000609564	0.000954431	0.000893666	0.8929752	1.84285	2.99997	1.36344	1.84951	10	10	10	10	10	10	10	10	10	10	96.4864	28.5748	334.74	44.3599	15.5631	24.7945	165.409	123.708	3.95295	0.6217534	8.272924	1.436221
2130	-3032.41	-2845.88	-186.539	0.000226314	0.000563264	0.00100573	0.000749149	0.4686377	1.54634	4.78432	3.1512	1.24542	10	10	10	10	10	10	10	10	10	10	22.347	7.73156	98.7596	216.993	277.951	164.452	26.3194	97.5443	4.82253	0.4977808	8.272924	0.941454
2140	-3028.9	-2845.9	-182.991	0.000229586	0.000413345	0.000645264	0.000989659	0.06424007	2.52871	3.02047	1.52132	1.61008	10	10	10	10	10	10	10	10	10	10	96.8673	92.8083	52.4111	35.6183	98.1356	263.086	54.1782	4.64748	4.91452	0.1439284	8.272924	0.4463336
2150	-3028.83	-2852.99	-175.838	0.000240145	0.000629923	0.000968081	0.000901239	0.1606326	1.47433	3.69234	1.96882	0.755603	10	10	10	10	10	10	10	10	10	10	25.2511	53.3336	151.282	239.209	62.9644	15.5506	52.7724	4.08073	1.82807	0.3425756	8.272924	0.4688969
2160	-3019.16	-2836.47	-182.696	0.000266699	0.00062355	0.00050051	0.000984828	0.9200052	2.35638	2.60061	1.14928	1.64468	10	10	10	10	10	10	10	10	10	10	439.666	72.832	6.95692	18.508	129.596	17.3513	88.6264	10.7117	5.02716	0.7817447	8.272924	1.176861
2170	-3029.28	-2844.18	-185.102	0.000115672	0.000525875	0.00128334	0.000725116	0.3492944	1.20438	4.11233	1.53129	2.40641	10	10	10	10	10	10	10	10	10	10	234.098	43.4089	11.3239	19.7274	291.611	182.373	84.8697	174.509	3.27143	0.4899048	8.272924	0.7129843
2180	-3018.24	-2843.92	-174.325	0.000257843	0.000640034	0.000782171	0.000975169	0.3055781	0.91849	4.15323	1.02251	1.00411	10	10	10	10	10	10	10	10	10	10	31.8816	185.65	4.95977	34.8361	119.438	89.6427	139.939	222.54	4.43603	0.3695072	8.272924	0.8269882
2190	-3020.79	-2845.04	-175.743	0.000220978	0.00100245	0.000508511	0.000818251	0.2668365	0.861585	3.28116	0.792229	1.56606	10	10	10	10	10	10	10	10	10	10	520.312	69.9532	3.41076	277.261	23.0111	272.211	72.3057	16.5198	3.34412	0.4093082	8.272924	0.6519207
2200	-3030.14	-2846.9	-183.24	0.000261063	0.000569281	0.00109385	0.00096334	0.006536868	3.31205	1.30678	1.59627	3.13701	10	10	10	10	10	10	10	10	10	10	85.9209	68.7569	8.10169	30.9868	96.6318	12.3823	12.9259	94.6837	4.06416	0.01352738	8.272924	0.4832325
2210	-3015.54	-2839.88	-175.659	0.000193951	0.000798524	0.000896398	0.000989114	0.1384113	2.58651	2.4056	2.95138	1.6545	10	10	10	10	10	10	10	10	10	10	31.3885	152.586	5.21902	103.028	40.6498	29.0131	42.3029	95.1398	5.07601	0.3093351	8.272924	0.4474479
2220	-3013.77	-2843.5	-170.27	0.000172411	0.000711554	0.000668546	0.00117127	0.1158967	2.39302	2.4368	1.1031	0.895443	10	10	10	10	10	10	10	10	10	10	316.952	261.864	10.4302	55.5854	39.2254	101.283	372.124	28.7453	2.95735	0.2265626	8.272924	0.5115438
2230	-3035.42	-2848.89	-186.525	0.000313739	0.000423713	0.00110826	0.000907821	0.4641361	1.86287	2.89085	1.14288	1.30005	10	10	10	10	10	10	10	10	10	10	22.0849	137.363	6.90871	328.559	155.968	136.931	158.858	139.601	5.76716	0.5267834	8.272924	0.8810759
2240	-3028.08	-2844.24	-183.845	0.000319741	0.000234425	0.000533398	0.001212	0.4144025	1.0559	3.13729	2.81918	1.02193	10	10	10	10	10	10	10	10	10	10	114.377	73.1808	4.58256	30.519	45.239	63.0897	428.626	88.0243	14.9373	0.4835374	8.272924	0.8570226
2250	-3012.91	-2842.45	-170.464	0.000395662	0.000647994	0.000606633	0.00103895	1.273734	1.13229	1.84786	3.18292	0.963202	10	10	10	10	10	10	10	10	10	10	103.13	76.6449	2.49692	66.8158	75.037	23.7674	227.28	49.7823	4.46905	0.6913095	8.272924	1.842495
2260	-3012.56	-2836.76	-175.799	0.000210917	0.000512259	0.000703391	0.00111081	0.01876279	4.08053	4.65226	2.21737	1.07101	10	10	10	10	10	10	10	10	10	10	76.9729	14.2371	3.42514	416.333	28.8045	63.2993	67.4672	189.519	5.33405	0.02778823	8.272924	0.6752064
2270	-3015.62	-2840.74	-174.877	0.00020193	0.000364504	0.000732947	0.00108404	0.2244916	3.75291	4.11352	2.02503	1.03638	10	10	10	10	10	10	10	10	10	10	59.6542	129.747	4.66312	12.4453	50.5254	212.747	123.27	445.775	1.89367	0.303762	8.272924	0.7390378
2280	-3003.91	-2844.41	-159.501	0.000270162	0.0008787	0.000922764	0.00117107	0.4096041	1.47212	4.96594	1.71299	1.15006	10	10	10	10	10	10	10	10	10	10	26.4353	43.7951	3.75824	24.1666	140.74	69.8594	103.321	173.524	2.08867	0.5174156	8.272924	0.7916346
2290	-3023.81	-2843.45	-180.359	0.00023296	0.000499776	0.000899591	0.00122633	0.1141208	2.59253	2.01603	1.87864	0.940605	10	10	10	10	10	10	10	10	10	10	10.2237	88.3992	5.97941	143.12	187.324	6.3155	248.546	10.2522	3.89013	0.3966237	8.272924	0.2877306
2300	-3010.03	-2839.93	-170.095	0.000279648	0.000745196	0.000964773	0.0010832	0.4212083	1.98655	5.05608	4.44508	1.0316	10	10	10	10	10	10	10	10	10	10	31.2419	29.0242	4.42492	114.77	116.212	153.561	116.824	72.6488	2.64724	0.5423711	8.272924	0.7766054
2310	-3020.55	-2849.32	-171.232	0.000136406	0.00060825	0.000966665	0.00112979	0.1500304	1.54255	3.18976	2.96309	1.5701	10	10	10	10	10	10	10	10	10	10	3.33211	240.733	173.18	29.6815	338.101	179.474	28.1259	107.758	2.7614	0.2703566	8.272924	0.5549353
2320	-3004.69	-2844.27	-160.425	0.00034051	0.000571218	0.00076027	0.000845512	0.1449589	0.800565	3.04682	2.29586	1.06902	10	10	10	10	10	10	10	10	10	10	4.02504	19.0263	36.4211	55.4909	16.3479	61.8299	9.9487	53.5189	1.96988	0.2963963	8.272924	0.4890712
2330	-3022.31	-2848.73	-173.58	0.000496222	0.000669644	0.000844468	0.00146065	0.1556828	1.47079	3.75713	2.36166	1.16981	10	10	10	10	10	10	10	10	10	10	2.96175	21.2177	10.6627	37.2845	104.716	9.2789	7.46074	23.7747	6.45301	0.3053642	8.272924	0.5098267
2340	-3019.9	-2848.32	-171.589	0.000276308	0.000888067	0.000774209	0.00122616	0.09614254	1.85123	3.56931	2.72888	1.24532	10	10	10	10	10	10	10	10	10	10	126.417	232.728	9.38853	13.6495	179.131	23.2833	7.08594	185.914	1.56428	0.1751301	8.272924	0.5489779
2350	-3011.22	-2836.73	-174.493	0.000172509	0.000913321	0.000718692	0.00109635	1.356647	2.6669	3.91668	1.69391	1.35664	10	10	10	10	10	10	10	10	10	10	55.7848	40.3868	4.69647	9.1652	21.9454	123.849	462.327	10.6278	2.11971	0.9118798	8.272924	1.487748
2360	-2985.18	-2836.31	-148.868	0.00030295	0.000722595	0.000902166	0.0012812	0.1806564	2.42799	3.12878	1.23659	1.23964	10	10	10	10	10	10	10	10	10	10	76.4173	26.839	2.89693	98.385	59.9328	7.85063	69.8215	41.3126	2.12266	0.2795667	8.272924	0.6462014
2370	-3000.37	-2842.33	-158.036	0.000259016	0.00069638	0.00106096	0.00130478	0.1523446	1.80197	3.80475	2.89736	1.50795	10	10	10	10	10	10	10	10	10	10	28.6255	5.37135	2.64656	230.978	121.102	81.6035	296.208	68.3604	2.31775	0.2907868	8.272924	0.5239049
2380	-2999.76	-2846.74	-153.021	0.000358396	0.000733586	0.00062717	0.00131531	0.5549159	2.54398	3.53786	2.35327	1.04658	10	10	10	10	10	10	10	10	10	10	8.60345	96.3725	3.10824	169.093	177.166	70.335	130.286	378.668	1.44573	0.7046786	8.272924	0.7874738
2390	-2998.7	-2844.45	-154.252	0.000220075	0.000758709	0.000872843	0.00118517	0.65199	1.33893	3.24975	2.41269	1.18576	10	10	10	10	10	10	10	10	10	10	3.01347	448.675	2.56088	83.6649	110.877	12.001	452.404	36.4018	1.76228	0.6393043	8.272924	1.019843
2400	-3005.42	-2844.05	-161.368	0.000308784	0.00103729	0.000874354	0.0012776	0.8558548	2.71851	2.37559	1.4377	1.02312	10	10	10	10	10	10	10	10	10	10	22.8777	141.072	3.13218	45.0513	79.3863	7.41897	15.6575	79.1908	2.31577	0.6658917	8.272924	1.285276
2410	-3012.47	-2853.95	-158.523	0.000292914	0.000585726	0.00136551	0.00133718	0.06291664	4.16781	2.06438	1.34668	0.796973	10	10	10	10	10	10	10	10	10	10	185.54	121.015	3.72277	43.7446	115.693	27.493	54.2492	17.6367	2.29611	0.1083662	8.272924	0.5805931
2420	-2990.61	-2838.63	-151.977	0.000390809	0.000431744	0.000742458	0.00114727	0.05737762	2.51031	5.02697	3.06311	2.12433	10	10	10	10	10	10	10	10	10	10	107.967	6.63975	1.70319	106.901	9.12561	142.529	37.3221	134.552	1.62693	0.1230859	8.272924	0.4661592
2430	-3001.42	-2841.83	-159.591	0.000313621	0.000575123	0.000601016	0.0013291	0.3710286	2.77734	3.47301	1.99445	1.52213	10	10	10	10	10	10	10	10	10	10	117.271	3.52846	6.25748	126.306	44.1742	154.092	213.569	5.70945	1.6081	0.5797653	8.272924	0.6399634
2440	-3017.48	-2841.74	-175.742	0.000375221	0.00057146	0.000764082	0.00106992	0.02636312	4.45565	2.74514	0.874023	1.2582	10	10	10	10	10	10	10	10	10	10	87.6485	6.08361	12.8362	116.969	224.064	41.6194	687.057	11.2365	2.67605	0.05842487	8.272924	0.4512312
2450	-3005.3	-2848.44	-156.864	0.000323458	0.000503633	0.000734044	0.000988037	0.5064912	1.22425	1.98455	1.27214	1.1123	10	10	10	10	10	10	10	10	10	10	49.378	72.1482	8.78555	5.79646	263.819	60.8219	51.3655	23.9267	1.74222	0.7827893	8.272924	0.6470339
2460	-3005.64	-2848.44	-157.2	0.000287535	0.000633192	0.000588294	0.000862161	0.04914349	0.949583	3.93009	1.68471	1.24947	10	10	10	10	10	10	10	10	10	10	54.167	89.6008	6.76779	34.321	408.858	69.5667	224.182	48.5263	2.27252	0.09528753	8.272924	0.5157389
2470	-3013.81	-2844.63	-169.182	0.000445377	0.000531372	0.001118	0.0010801	0.3086805	1.68261	1.88478	2.37217	1.78817	10	10	10	10	10	10	10	10	10	10	173.107	39.7363	6.10634	10.0064	240.781	127.161	255.048	45.9065	3.43041	0.3927735	8.272924	0.7858995
2480	-3006.3	-2835.8	-170.505	0.00030032	0.000427845	0.00111907	0.00114345	0.105252	2.22192	7.25721	1.8818	1.28202	10	10	10	10	10	10	10	10	10	10	134.694	263.557	11.1105	200.109	108.746	44.3424	45.2131	68.4708	1.77818	0.2411157	8.272924	0.4365206
2490	-3014.08	-2842.11	-171.974	0.000196404	0.000669341	0.000794527	0.000913076	0.5425996	1.63424	4.28405	1.54568	1.04141	10	10	10	10	10	10	10	10	10	10	71.5958	348.88	11.019	226.603	287.485	211.16	160.045	49.1236	2.82372	0.6148657	8.272924	0.8824685
2500	-3014.08	-2843.22	-170.865	0.000244227	0.000440872	0.000811023	0.00118258	0.6601498	0.571342	2.13946	1.48159	1.61318	10	10	10	10	10	10	10	10	10	10	24.3461	85.4299	9.42491	192.995	35.0755	20.9271	53.0198	44.8151	3.85821	0.6351315	8.272924	1.039391
2510	-3020.78	-2845.29	-175.489	0.000334905	0.000434064	0.000627312	0.0011825	0.005296843	2.24301	1.43721	1.58326	1.70887	10	10	10	10	10	10	10	10	10	10	10.7799	53.3675	5.6397	24.6904	89.0135	161.741	13.5128	53.5327	5.87652	0.01189866	8.272924	0.4451632
2520	-3024.65	-2845	-179.645	0.000154011	0.000318237	0.000705751	0.000907007	0.2690866	2.40792	8.97693	1.94169	1.44802	10	10	10	10	10	10	10	10	10	10	156.114	94.0357	6.7639	319.152	38.7182	417.42	10.2857	263.855	2.26758	0.435757	8.272924	0.6175152
2530	-3020.83	-2844.61	-176.223	0.000187753	0.000528546	0.000786593	0.00118278	0.2225704	1.20459	2.54047	3.26395	1.56298	10	10	10	10	10	10	10	10	10	10	57.893	59.055	13.2144	131.207	146.181	123.973	293.669	8.37006	3.21304	0.4561864	8.272924	0.4878935
2540	-3015.83	-2850.1	-165.732	0.000305079	0.000440973	0.000943194	0.000963106	0.06151804	2.05593	2.94397	2.62114	1.02729	10	10	10	10	10	10	10	10	10	10	168.47	250.998	4.29395	90.6203	53.6371	62.8062	78.0461	108.701	2.07479	0.1074601	8.272924	0.5724734
2550	-2996.45	-2841.86	-154.595	0.000280749	0.000475965	0.00131252	0.000891965	0.04817495	4.99138	2.62578	1.73991	1.25991	10	10	10	10	10	10	10	10	10	10	154.102	127.529	2.43856	40.8253	24.1884	35.4832	102.83	105.715	3.32371	0.09461559	8.272924	0.5091651
2560	-3017.86	-2845.81	-172.052	0.000542933	0.00044073	0.000450663	0.00127717	0.1169764	1.59631	2.26878	2.45594	1.49132	10	10	10	10	10	10	10	10	10	10	67.1066	89.8503	3.1162	98.2961	105.17	13.7584	120.393	134.334	3.64151	0.2811335	8.272924	0.4160883
2570	-3001.96	-2838.08	-163.877	0.000298708	0.00067248	0.000805858	0.00148398	0.8747649	2.95193	2.41741	0.76082	1.48695	10	10	10	10	10	10	10	10	10	10	20.1198	131.644	1.86081	84.2528	94.2728	20.5172	15.4789	26.2433	4.04213	0.5986153	8.272924	1.461314
2580	-3011.21	-2846.98	-164.23	0.000365029	0.000535108	0.00114708	0.00138401	0.01592668	1.31632	3.13054	2.20035	1.59934	10	10	10	10	10	10	10	10	10	10	487.751	46.98	2.69092	13.5436	191.346	21.3894	19.0186	178.776	2.27564	0.03403731	8.272924	0.4679185
2590	-2987.15	-2843.44	-143.709	0.000346279	0.000702818	0.0012933	0.00150724	0.04054295	2.16282	3.62285	1.69545	1.4312	10	10	10	10	10	10	10	10	10	10	168.228	55.1881	2.57818	142.846	220.654	130.454	33.6847	357.939	1.20504	0.07139662	8.272924	0.5678553
2600	-3017.2	-2846.47	-170.735	0.000445966	0.000485166	0.00076062	0.0012133	0.6813486	0.933332	2.2213	2.82478	1.53028	10	10	10	10	10	10	10	10	10	10	202.533	137.774	77.7583	108.228	34.4789	7.20992	7.55585	64.3031	2.26857	0.5977407	8.272924	1.139873
2610	-3025.6	-2851.24	-174.356	0.000318435	0.000374911	0.00118184	0.00126871	0.03693952	2.08862	3.07109	1.6057	1.5838	10	10	10	10	10	10	10	10	10	10	49.3596	235.203	89.9077	328.923	23	107.217	8.49345	22.3989	2.16253	0.06510039	8.272924	0.5674239
2620	-3019.73	-2842.91	-176.822	0.000391618	0.000671956	0.000732493	0.00125259	0.08670599	3.72595	2.29033	2.03892	1.38909	10	10	10	10	10	10	10	10	10	10	23.8925	12.3867	32.964	29.9578	6.20504	181.641	11.174	172.786	2.19684	0.1372505	8.272924	0.6317351
2630	-3022.21	-2841.47	-180.736	0.000226219	0.000903043	0.00074695	0.00112402	1.063074	2.17093	2.20059	4.6491	1.83922	10	10	10	10	10	10	10	10	10	10	169.181	7.46365	159.758	34.7321	50.3535	178.413	13.017	160.637	1.64603	0.7595821	8.272924	1.399551
2640	-3007.71	-2842.5	-165.208	0.000464099	0.000702499	0.00134588	0.00108242	0.3314714	4.01734	3.17307	1.55288	1.50042	10	10	10	10	10	10	10	10	10	10	312.097	95.5201	110.435	101.942	100.646	96.388	4.66611	22.686	2.10737	0.4854394	8.272924	0.6828276
2650	-3004.35	-2840.68	-163.675	0.000234254	0.000968533	0.001028	0.00113	0.0160808	2.31014	7.19985	0.955009	1.05551	10	10	10	10	10	10	10	10	10	10	22.3031	41.2876	65.3952	67.2456	151.705	35.4485	6.18062	121.171	2.67874	0.04093188	8.272924	0.3928673
2660	-3029.74	-2846.15	-183.595	0.000309886	0.000408496	0.000561335	0.00103583	0.08849252	3.12599	2.30479	2.15997	1	10	10	10	10	10	10	10	10	10	10	91.532	26.7925	33.6025	77.996	32.09	147.447	5.65579	53.7171	7.28226	0.1359134	8.272924	0.6510947
2670	-3029.67	-2846.88	-182.796	0.000379613	0.000621156	0.00108712	0.00100879	0.1419298	1.80666	3.4616	1.16424	1.52292	10	10	10	10	10	10	10	10	10	10	45.1503	225.429	254.666	25.5155	128.374	341.854	11.3921	18.1042	2.9113	0.2189742	8.272924	0.6481574
2680	-3007.14	-2850.7	-156.444	0.000320875	0.000654786	0.000796558	0.00110912	0.2102644	5.27962	2.4289	1.85235	1.15914	10	10	10	10	10	10	10	10	10	10	161.449	63.5525	115.249	92.3001	3.37365	42.3644	3.15667	103.39	2.69713	0.3444662	8.272924	0.6104064
2690	-3017.44	-2852.79	-164.652	0.000135716	0.000450794	0.00079275	0.00105574	0.6607453	2.26312	1.11233	2.44979	1.67182	10	10	10	10	10	10	10	10	10	10	4.13057	45.0942	92.8903	79.6192	8.08603	97.8643	5.1238	278.886	2.17141	0.7204129	8.272924	0.9171758
2700	-3000.89	-2845.82	-155.075	0.000251906	0.000626559	0.000876813	0.0011276	0.02687722	2.23058	2.1966	1.38778	1.03661	10	10	10	10	10	10	10	10	10	10	63.3761	110.294	52.4085	37.0948	108.956	35.3087	2.88922	271.576	2.61242	0.05493752	8.272924	0.4892325
2710	-3011.22	-2840.39	-170.833	0.000361992	0.000818615	0.00074172	0.0011579	0.3562856	2.37044	4.9694	1.36655	1.51109	10	10	10	10	10	10	10	10	10	10	80.6161	136.353	156.562	335.647	257.88	170.444	2.64873	306.134	2.37396	0.4193224	8.272924	0.8496698
2720	-3006.15	-2842.4	-163.75	0.000452317	0.00043742	0.000726073	0.00107655	0.1742985	1.00386	3.42015	1.0384	1.3179	10	10	10	10	10	10	10	10	10	10	154.065	44.1325	42.8892	8.14358	165.508	65.1671	4.51661	85.0849	3.30288	0.3722126	8.272924	0.4682768
2730	-3017.1	-2840	-177.099	0.000296227	0.000316808	0.000816559	0.000968481	0.1588924	1.48489	2.17843	1.52508	1.31293	10	10	10	10	10	10	10	10	10	10	384.866	57.0678	139.357	519.48	88.6901	43.5716	6.04988	94.477	2.45045	0.3420837	8.272924	0.4644841
2740	-3020.71	-2846.89	-173.822	0.000190321	0.000806488	0.000688282	0.00144337	0.1281466	1.52282	6.01423	2.90748	1.40116	10	10	10	10	10	10	10	10	10	10	31.1042	122.807	206.398	250.106	88.1041	13.06	4.57542	91.699	3.99277	0.2772124	8.272924	0.4622687
2750	-3025.01	-2845.65	-179.356	0.000217867	0.000732934	0.000953217	0.00115521	0.2739619	3.27855	4.32152	2.13393	1.67953	10	10	10	10	10	10	10	10	10	10	31.483	32.9266	21.8	22.2652	207.507	354.904	4.13716	120.994	5.91013	0.3126151	8.272924	0.8763554
2760	-3018.32	-2844.62	-173.699	0.000169306	0.00056925	0.000513381	0.000848031	0.2800483	3.79204	1.46712	1.63143	1.33976	10	10	10	10	10	10	10	10	10	10	32.2994	91.5531	55.8916	106.881	66.8696	211.934	3.38555	206.202	4.53622	0.6446985	8.272924	0.4343864
2770	-3031.81	-2848.29	-183.525	0.000169592	0.000622035	0.000807371	0.000879991	0.5477983	1.43361	4.11556	1.45978	1.20272	10	10	10	10	10	10	10	10	10	10	204.186	9.94847	180.811	391.09	59.786	137.646	6.03817	50.4499	7.66714	0.5119095	8.272924	1.070108
2780	-3030.95	-2840.95	-190.008	0.000250784	0.000498118	0.000743132	0.00115863	0.2708045	1.25553	2.90147	1.91769	1.28189	10	10	10	10	10	10	10	10	10	10	82.405	108.397	19.227	219.561	180.979	90.8893	5.55876	24.6273	9.14571	0.3473457	8.272924	0.7796397
2790	-3024.75	-2842.53	-182.223	0.000241856	0.000432851	0.000921292	0.00108341	0.9104003	4.71988	3.04429	0.670433	1.57618	10	10	10	10	10	10	10	10	10	10	40.3488	17.2127	83.8322	1.08061	376.887	155.786	4.90048	371.857	8.28747	0.8347242	8.272924	1.09066
2800	-3022.18	-2842.93	-179.251	0.000167868	0.000437646	0.00101172	0.000912712	0.07664212	2.06541	2.83994	3.58983	1.3424	10	10	10	10	10	10	10	10	10	10	171.5	91.1984	298.521	268.829	208.61	40.2775	6.40782	67.2469	4.22234	0.2161213	8.272924	0.3546254
2810	-2993.01	-2838.68	-154.335	0.000350526	0.000542257	0.000723488	0.00111847	0.07215443	1.26161	3.22345	1.69469	1.40897	10	10	10	10	10	10	10	10	10	10	122.675	40.155	58.3421	122.844	131.468	183.608	1.54032	108.685	2.55967	0.149602	8.272924	0.4823093
2820	-2996.6	-2841.87	-154.731	0.000218721	0.000616193	0.000636667	0.000898481	0.03272585	3.59808	0.841131	0.89611	1.31735	10	10	10	10	10	10	10	10	10	10	141.142	47.2067	77.9528	58.2744	105.029	20.7233	5.54155	42.8302	2.32422	0.0627	8.272924	0.5219434
2830	-3015.82	-2840.2	-175.616	0.000214186	0.000616862	0.000587851	0.00116771	0.06958243	3.55517	3.23166	2.33522	2.25891	10	10	10	10	10	10	10	10	10	10	29.0194	258.466	63.1943	107.176	142.701	176.123	1.87709	64.0836	4.72831	0.2065218	8.272924	0.3369253
2840	-3023.57	-2847.7	-175.863	0.000118563	0.000451933	0.00102882	0.000977576	0.05767531	4.15326	4.46654	1.79681	0.847198	10	10	10	10	10	10	10	10	10	10	86.8138	145.303	115.581	67.2408	68.6836	173.258	4.70182	189.205	4.51139	0.08521783	8.272924	0.6767987
2850	-3027.7	-2840.34	-187.363	0.000231655	0.000670083	0.000604621	0.000925126	0.4243098	1.51012	3.80889	2.41447	1.14252	10	10	10	10	10	10	10	10	10	10	109.751	91.3575	246.612	30.4837	229.678	31.7082	11.3687	38.2516	6.37958	0.534591	8.272924	0.7937092
2860	-3035.26	-2846.64	-188.621	0.000188395	0.000333819	0.000510588	0.00140034	0.5227538	3.24392	2.71763	1.05861	1.17606	10	10	10	10	10	10	10	10	10	10	267.765	101.67	101.802	69.3891	25.1878	155.975	9.29655	296.416	3.52187	0.499934	8.272924	1.045646
2870	-3017.77	-2845.27	-172.506	0.000374701	0.000485044	0.000758196	0.00116465	0.5583957	3.71634	2.03798	3.43027	1.35678	10	10	10	10	10	10	10	10	10	10	107.102	11.5997	45.5849	59.0175	44.3444	54.1527	8.13932	50.9059	2.56163	0.5036228	8.272924	1.108758
2880	-3006.14	-2838.64	-167.497	0.000282618	0.00036708	0.000845038	0.00114616	0.3614515	1.44931	8.35236	3.36078	1.45474	10	10	10	10	10	10	10	10	10	10	109.058	84.1238	75.2902	11.3166	30.5759	186.687	2.60462	187.553	2.87759	0.4811693	8.272924	0.7511941
2890	-3023.59	-2841.77	-181.817	0.000239662	0.000414297	0.000811645	0.00119637	0.0232343	4.62698	2.78561	1.62622	1.13408	10	10	10	10	10	10	10	10	10	10	249.995	90.52	44.9005	150.126	54.4316	94.0367	3.93281	35.6628	6.13577	0.03697467	8.272924	0.6283844
2900	-3023.37	-2847.74	-175.634	0.000186528	0.000500345	0.000644098	0.000819971	0.1729439	0.906842	6.53063	0.457278	1.25297	10	10	10	10	10	10	10	10	10	10	36.1801	18.399	20.8102	148.376	63.3616	70.013	6.25989	12.6982	2.76436	0.3063642	8.272924	0.5645041
2910	-3017.92	-2838.91	-179.009	0.000273045	0.000605506	0.000699574	0.00123417	0.01817972	3.20835	4.53485	3.64477	1.74382	10	10	10	10	10	10	10	10	10	10	67.0961	93.8515	106.012	66.9967	185.609	72.3381	3.78378	205.178	3.80659	0.03724725	8.272924	0.4880823
2920	-3021.23	-2843.16	-178.073	0.000339426	0.000573253	0.000845719	0.00114179	0.9621825	0.889713	2.64406	1.14895	1.35889	10	10	10	10	10	10	10	10	10	10	23.5161	124.451	23.7693	125.062	183.956	39.3774	11.4848	126.194	3.1642	0.6503569	8.272924	1.479469
2930	-3015.36	-2838.25	-177.103	0.000283875	0.000660927	0.000554718	0.000990243	0.1624428	3.16051	1.41224	1.39033	1.7503	10	10	10	10	10	10	10	10	10	10	51.9903	6.11397	285.425	12.7165	30.2728	130.796	8.11932	174.519	3.77765	0.3024689	8.272924	0.5370563
2940	-3016.19	-2837.62	-178.569	0.000207727	0.000396674	0.000816309	0.000953953	0.214933	5.52303	5.09116	1.22062	1.54665	10	10	10	10	10	10	10	10	10	10	9.15686	59.3472	87.2414	61.5598	67.6533	66.8468	3.98073	56.7341	5.10145	0.4271572	8.272924	0.5031707
2950	-3018.54	-2855.25	-163.291	0.00032979	0.000634774	0.000513665	0.000898797	0.1635352	2.49389	6.29289	1.40721	1.64605	10	10	10	10	10	10	10	10	10	10	47.345	28.2053	24.2334	48.5163	116.352	137.329	1.90869	7.50722	3.2699	0.2576047	8.272924	0.63483
2960	-3030.06	-2844.81	-185.244	0.000340614	0.000489729	0.000478066	0.000797764	0.08810702	4.102	4.12373	1.7234	1.64812	10	10	10	10	10	10	10	10	10	10	34.0647	24.7189	16.1459	35.3493	26.2326	132.322	4.2443	95.6893	6.25023	0.236487	8.272924	0.3725661
2970	-3015.24	-2839.19	-176.054	0.000308234	0.000502596	0.000820326	0.00116218	0.2131979	2.38382	4.09342	2.34373	1.55009	10	10	10	10	10	10	10	10	10	10	475.219	131.847	52.8588	100.53	73.2968	328.262	2.13489	59.9705	8.42676	0.3124394	8.272924	0.6823654
2980	-3009.03	-2837.63	-171.403	0.000393991	0.000540298	0.000476668	0.00109871	0.01071549	3.34696	10.08	2.60195	1.41357	10	10	10	10	10	10	10	10	10	10	239.597	28.8318	53.4349	87.798	100.3	21.1124	1.89389	27.0311	8.32068	0.02274279	8.272924	0.4711599
2990	-3007.93	-2842.3	-165.624	0.000361938	0.000411673	0.000961713	0.000988464	0.09346179	0.801116	2.55911	1.58877	1.53246	10	10	10	10	10	10	10	10	10	10	77.0027	55.3343	66.3003	4.88171	32.14	61.8318	2.71114	90.216	7.5705	0.1488085	8.272924	0.6280676
3000	-3003.27	-2848.42	-154.857	0.00027917	0.00053603	0.00051422	0.000793559	0.0338209	1.5765	1.96157	0.487145	1.22204	10	10	10	10	10	10	10	10	10	10	153.422	26.9501	39.74	13.5493	227.228	78.9041	1.52358	78.6913	2.77176	0.076778	8.272924	0.4405025
